#
# A fatal error has been detected by the Java Runtime Environment:
#
#  EXCEPTION_ACCESS_VIOLATION (0xc0000005) at pc=0x00007ffaf2eb65c0, pid=4504, tid=0x0000000000000444
#
# JRE version: Java(TM) SE Runtime Environment (8.0_231-b11) (build 1.8.0_231-b11)
# Java VM: Java HotSpot(TM) 64-Bit Server VM (25.231-b11 mixed mode windows-amd64 compressed oops)
# Problematic frame:
# C  [glass.dll+0x265c0]
#
# Failed to write core dump. Minidumps are not enabled by default on client versions of Windows
#
# If you would like to submit a bug report, please visit:
#   http://bugreport.java.com/bugreport/crash.jsp
#

---------------  T H R E A D  ---------------

Current thread (0x00000000153b8000):  VMThread [stack: 0x0000000016450000,0x0000000016550000] [id=1092]

siginfo: ExceptionCode=0xc0000005, reading address 0x0000000000000000

Registers:
RAX=0x0000000000000000, RBX=0x0000000017502cb0, RCX=0x00000000153b8000, RDX=0x0000000052023578
RSP=0x000000001654f250, RBP=0x0000000000def728, RSI=0x0000000000def700, RDI=0x0000c9ec5dfbc3d4
R8 =0x0000000000010002, R9 =0x0000c9ec5dfbc3d4, R10=0x0000000000008000, R11=0x000000001654f1f0
R12=0x00007ffaf2eb39e4, R13=0x0000000002af1658, R14=0x000000001654f358, R15=0x0000000000def700
RIP=0x00007ffaf2eb65c0, EFLAGS=0x0000000000010206

Top of Stack: (sp=0x000000001654f250)
0x000000001654f250:   0000000000000000 00007ffb0df114cb
0x000000001654f260:   0000000000def710 0000000000def700
0x000000001654f270:   fffffffffffffffe 00007ffaf2eca1b0
0x000000001654f280:   0000000000def708 00007ffb0df19d06
0x000000001654f290:   0000000000def710 0000000000000000
0x000000001654f2a0:   0000000000000000 00007ffb0df19f46
0x000000001654f2b0:   fffffffffffffffe 0000000000000000
0x000000001654f2c0:   0000000000000001 00007ffaf2e90000
0x000000001654f2d0:   000000001654f348 00007ffb0df19c2b
0x000000001654f2e0:   0000000000000000 000000001654f358
0x000000001654f2f0:   00000000152c56d0 00007ffb0dfebc20
0x000000001654f300:   0000000000000000 00007ffb0df19be4
0x000000001654f310:   0000000000000000 0000000000000001
0x000000001654f320:   0000000000000001 000000001654f348
0x000000001654f330:   0000000000000000 00007ffaf2eb3872
0x000000001654f340:   00007ffaf2ecd128 00007ffb00000002 

Instructions: (pc=0x00007ffaf2eb65c0)
0x00007ffaf2eb65a0:   40 53 48 83 ec 30 48 c7 44 24 20 fe ff ff ff 48
0x00007ffaf2eb65b0:   8b 1d 6a 65 01 00 48 85 db 74 16 e8 b0 85 ff ff
0x00007ffaf2eb65c0:   4c 8b 00 48 8b d3 48 8b c8 41 ff 90 b0 00 00 00
0x00007ffaf2eb65d0:   90 48 83 c4 30 5b c3 cc cc cc cc cc cc cc cc cc 


Register to memory mapping:

RAX=0x0000000000000000 is an unknown value
RBX=0x0000000017502cb0 is a global jni handle
RCX=0x00000000153b8000 is an unknown value
RDX=0x0000000052023578 is an unknown value
RSP=0x000000001654f250 is an unknown value
RBP=0x0000000000def728 is an unknown value
RSI=0x0000000000def700 is an unknown value
RDI=0x0000c9ec5dfbc3d4 is an unknown value
R8 =0x0000000000010002 is an unknown value
R9 =0x0000c9ec5dfbc3d4 is an unknown value
R10=0x0000000000008000 is an unknown value
R11=0x000000001654f1f0 is an unknown value
R12=0x00007ffaf2eb39e4 is an unknown value
R13=0x0000000002af1658 is an unknown value
R14=0x000000001654f358 is an unknown value
R15=0x0000000000def700 is an unknown value


Stack: [0x0000000016450000,0x0000000016550000],  sp=0x000000001654f250,  free space=1020k
Native frames: (J=compiled Java code, j=interpreted, Vv=VM code, C=native code)
C  [glass.dll+0x265c0]
C  [ucrtbase.dll+0x19d06]
C  [ucrtbase.dll+0x19c2b]
C  [ucrtbase.dll+0x19be4]
C  [glass.dll+0x23872]
C  [glass.dll+0x23998]
C  [ntdll.dll+0x250a1]
C  [ntdll.dll+0x6ab02]
C  [ntdll.dll+0x6a9ad]
C  [KERNEL32.DLL+0x1cd8a]
C  [msvcr100.dll+0x20ccd]
V  [jvm.dll+0x2142d5]
V  [jvm.dll+0x24d677]
V  [jvm.dll+0x24c916]
V  [jvm.dll+0x24cdb1]
V  [jvm.dll+0x24cfce]
V  [jvm.dll+0x29fd8a]
C  [msvcr100.dll+0x21d9f]
C  [msvcr100.dll+0x21e3b]
C  [KERNEL32.DLL+0x17bd4]
C  [ntdll.dll+0x6ced1]

VM_Operation (0x00000000183c9ac0): Exit, mode: safepoint, requested by thread 0x00000000174b1000


---------------  P R O C E S S  ---------------

Java Threads: ( => current thread )
  0x0000000023218000 JavaThread "Prism Font Disposer" daemon [_thread_blocked, id=7888, stack(0x0000000026dc0000,0x0000000026ec0000)]
  0x000000001751c800 JavaThread "JavaFX-Launcher" [_thread_blocked, id=13964, stack(0x000000001efb0000,0x000000001f0b0000)]
  0x000000001751c000 JavaThread "Thread-2" daemon [_thread_in_native, id=6164, stack(0x000000001eeb0000,0x000000001efb0000)]
  0x00000000174b1000 JavaThread "JavaFX Application Thread" [_thread_blocked, id=11084, stack(0x00000000182d0000,0x00000000183d0000)]
  0x00000000174af000 JavaThread "Thread-1" daemon [_thread_blocked, id=10216, stack(0x00000000181d0000,0x00000000182d0000)]
  0x0000000017498000 JavaThread "QuantumRenderer-0" daemon [_thread_blocked, id=9952, stack(0x0000000017ec0000,0x0000000017fc0000)]
  0x0000000016b02000 JavaThread "Service Thread" daemon [_thread_blocked, id=4136, stack(0x0000000017260000,0x0000000017360000)]
  0x0000000016af3800 JavaThread "C1 CompilerThread2" daemon [_thread_blocked, id=8232, stack(0x0000000017160000,0x0000000017260000)]
  0x0000000016ae1800 JavaThread "C2 CompilerThread1" daemon [_thread_blocked, id=7348, stack(0x0000000017060000,0x0000000017160000)]
  0x0000000016aa3000 JavaThread "C2 CompilerThread0" daemon [_thread_blocked, id=10320, stack(0x0000000016f60000,0x0000000017060000)]
  0x0000000015445000 JavaThread "Monitor Ctrl-Break" daemon [_thread_in_native, id=14116, stack(0x0000000016e60000,0x0000000016f60000)]
  0x00000000153f7000 JavaThread "Attach Listener" daemon [_thread_blocked, id=2472, stack(0x0000000016960000,0x0000000016a60000)]
  0x00000000153f5800 JavaThread "Signal Dispatcher" daemon [_thread_blocked, id=3784, stack(0x0000000016860000,0x0000000016960000)]
  0x0000000002dfd000 JavaThread "Finalizer" daemon [_thread_blocked, id=5880, stack(0x0000000016650000,0x0000000016750000)]
  0x0000000002df4000 JavaThread "Reference Handler" daemon [_thread_blocked, id=220, stack(0x0000000016550000,0x0000000016650000)]
  0x0000000002d03000 JavaThread "main" [_thread_blocked, id=11472, stack(0x0000000002b00000,0x0000000002c00000)]

Other Threads:
=>0x00000000153b8000 VMThread [stack: 0x0000000016450000,0x0000000016550000] [id=1092]

VM state:at safepoint (shutting down)

VM Mutex/Monitor currently owned by a thread:  ([mutex/lock_event])
[0x0000000002afe490] Threads_lock - owner thread: 0x00000000153b8000

heap address: 0x00000000c1800000, size: 1000 MB, Compressed Oops mode: 32-bit
Narrow klass base: 0x0000000000000000, Narrow klass shift: 3
Compressed class space size: 1073741824 Address: 0x0000000100000000

Heap:
 PSYoungGen      total 35328K, used 7297K [0x00000000eb300000, 0x00000000ed800000, 0x0000000100000000)
  eden space 32768K, 14% used [0x00000000eb300000,0x00000000eb7a3f78,0x00000000ed300000)
  from space 2560K, 99% used [0x00000000ed580000,0x00000000ed7fc830,0x00000000ed800000)
  to   space 2560K, 0% used [0x00000000ed300000,0x00000000ed300000,0x00000000ed580000)
 ParOldGen       total 44032K, used 19892K [0x00000000c1800000, 0x00000000c4300000, 0x00000000eb300000)
  object space 44032K, 45% used [0x00000000c1800000,0x00000000c2b6d0e0,0x00000000c4300000)
 Metaspace       used 15582K, capacity 16322K, committed 16384K, reserved 1062912K
  class space    used 2064K, capacity 2277K, committed 2304K, reserved 1048576K

Card table byte_map: [0x00000000121c0000,0x00000000123c0000] byte_map_base: 0x0000000011bb4000

Marking Bits: (ParMarkBitMap*) 0x0000000052216d90
 Begin Bits: [0x0000000012910000, 0x00000000138b0000)
 End Bits:   [0x00000000138b0000, 0x0000000014850000)

Polling page: 0x0000000001270000

CodeCache: size=245760Kb used=9214Kb max_used=9214Kb free=236545Kb
 bounds [0x0000000002e00000, 0x0000000003710000, 0x0000000011e00000]
 total_blobs=3434 nmethods=2782 adapters=563
 compilation: enabled

Compilation events (10 events):
Event: 790.332 Thread 0x0000000016af3800 2796       1       com.sun.javafx.tk.quantum.WindowStage::getPlatformWindow (5 bytes)
Event: 790.333 Thread 0x0000000016af3800 nmethod 2796 0x00000000036fda10 code [0x00000000036fdb60, 0x00000000036fdc70]
Event: 790.333 Thread 0x0000000016af3800 2797       1       com.sun.javafx.tk.quantum.WindowStage::getStyle (5 bytes)
Event: 790.333 Thread 0x0000000016af3800 nmethod 2797 0x00000000036fdcd0 code [0x00000000036fde20, 0x00000000036fdf30]
Event: 790.333 Thread 0x0000000016af3800 2798       3       com.sun.javafx.sg.prism.NGText::renderText (523 bytes)
Event: 790.335 Thread 0x0000000016aa3000 2800       4       com.sun.javafx.text.TextRun::getPosX (132 bytes)
Event: 790.342 Thread 0x0000000016aa3000 nmethod 2800 0x0000000003700cd0 code [0x0000000003700e20, 0x0000000003700f58]
Event: 790.346 Thread 0x0000000016af3800 nmethod 2798 0x00000000037010d0 code [0x0000000003701580, 0x00000000037046a8]
Event: 790.346 Thread 0x0000000016af3800 2799       1       com.sun.prism.paint.Color::getRed (5 bytes)
Event: 790.346 Thread 0x0000000016af3800 nmethod 2799 0x0000000003700a10 code [0x0000000003700b60, 0x0000000003700c70]

GC Heap History (8 events):
Event: 0.934 GC heap before
{Heap before GC invocations=1 (full 0):
 PSYoungGen      total 18944K, used 13005K [0x00000000eb300000, 0x00000000ec800000, 0x0000000100000000)
  eden space 16384K, 79% used [0x00000000eb300000,0x00000000ebfb3660,0x00000000ec300000)
  from space 2560K, 0% used [0x00000000ec580000,0x00000000ec580000,0x00000000ec800000)
  to   space 2560K, 0% used [0x00000000ec300000,0x00000000ec300000,0x00000000ec580000)
 ParOldGen       total 44032K, used 0K [0x00000000c1800000, 0x00000000c4300000, 0x00000000eb300000)
  object space 44032K, 0% used [0x00000000c1800000,0x00000000c1800000,0x00000000c4300000)
 Metaspace       used 7077K, capacity 7372K, committed 7680K, reserved 1056768K
  class space    used 813K, capacity 904K, committed 1024K, reserved 1048576K
Event: 0.937 GC heap after
Heap after GC invocations=1 (full 0):
 PSYoungGen      total 18944K, used 1664K [0x00000000eb300000, 0x00000000ec800000, 0x0000000100000000)
  eden space 16384K, 0% used [0x00000000eb300000,0x00000000eb300000,0x00000000ec300000)
  from space 2560K, 65% used [0x00000000ec300000,0x00000000ec4a0020,0x00000000ec580000)
  to   space 2560K, 0% used [0x00000000ec580000,0x00000000ec580000,0x00000000ec800000)
 ParOldGen       total 44032K, used 8K [0x00000000c1800000, 0x00000000c4300000, 0x00000000eb300000)
  object space 44032K, 0% used [0x00000000c1800000,0x00000000c1802000,0x00000000c4300000)
 Metaspace       used 7077K, capacity 7372K, committed 7680K, reserved 1056768K
  class space    used 813K, capacity 904K, committed 1024K, reserved 1048576K
}
Event: 1.479 GC heap before
{Heap before GC invocations=2 (full 0):
 PSYoungGen      total 18944K, used 17684K [0x00000000eb300000, 0x00000000ec800000, 0x0000000100000000)
  eden space 16384K, 97% used [0x00000000eb300000,0x00000000ec2a51f0,0x00000000ec300000)
  from space 2560K, 65% used [0x00000000ec300000,0x00000000ec4a0020,0x00000000ec580000)
  to   space 2560K, 0% used [0x00000000ec580000,0x00000000ec580000,0x00000000ec800000)
 ParOldGen       total 44032K, used 8K [0x00000000c1800000, 0x00000000c4300000, 0x00000000eb300000)
  object space 44032K, 0% used [0x00000000c1800000,0x00000000c1802000,0x00000000c4300000)
 Metaspace       used 9946K, capacity 10326K, committed 10496K, reserved 1058816K
  class space    used 1291K, capacity 1410K, committed 1536K, reserved 1048576K
Event: 1.485 GC heap after
Heap after GC invocations=2 (full 0):
 PSYoungGen      total 18944K, used 2553K [0x00000000eb300000, 0x00000000ec800000, 0x0000000100000000)
  eden space 16384K, 0% used [0x00000000eb300000,0x00000000eb300000,0x00000000ec300000)
  from space 2560K, 99% used [0x00000000ec580000,0x00000000ec7fe5d8,0x00000000ec800000)
  to   space 2560K, 0% used [0x00000000ec300000,0x00000000ec300000,0x00000000ec580000)
 ParOldGen       total 44032K, used 6902K [0x00000000c1800000, 0x00000000c4300000, 0x00000000eb300000)
  object space 44032K, 15% used [0x00000000c1800000,0x00000000c1ebda78,0x00000000c4300000)
 Metaspace       used 9946K, capacity 10326K, committed 10496K, reserved 1058816K
  class space    used 1291K, capacity 1410K, committed 1536K, reserved 1048576K
}
Event: 2.600 GC heap before
{Heap before GC invocations=3 (full 0):
 PSYoungGen      total 18944K, used 18937K [0x00000000eb300000, 0x00000000ec800000, 0x0000000100000000)
  eden space 16384K, 100% used [0x00000000eb300000,0x00000000ec300000,0x00000000ec300000)
  from space 2560K, 99% used [0x00000000ec580000,0x00000000ec7fe5d8,0x00000000ec800000)
  to   space 2560K, 0% used [0x00000000ec300000,0x00000000ec300000,0x00000000ec580000)
 ParOldGen       total 44032K, used 6902K [0x00000000c1800000, 0x00000000c4300000, 0x00000000eb300000)
  object space 44032K, 15% used [0x00000000c1800000,0x00000000c1ebda78,0x00000000c4300000)
 Metaspace       used 13097K, capacity 13616K, committed 13824K, reserved 1060864K
  class space    used 1815K, capacity 1947K, committed 2048K, reserved 1048576K
Event: 2.721 GC heap after
Heap after GC invocations=3 (full 0):
 PSYoungGen      total 18944K, used 2530K [0x00000000eb300000, 0x00000000ed800000, 0x0000000100000000)
  eden space 16384K, 0% used [0x00000000eb300000,0x00000000eb300000,0x00000000ec300000)
  from space 2560K, 98% used [0x00000000ec300000,0x00000000ec5788e0,0x00000000ec580000)
  to   space 2560K, 0% used [0x00000000ed580000,0x00000000ed580000,0x00000000ed800000)
 ParOldGen       total 44032K, used 14353K [0x00000000c1800000, 0x00000000c4300000, 0x00000000eb300000)
  object space 44032K, 32% used [0x00000000c1800000,0x00000000c26046a8,0x00000000c4300000)
 Metaspace       used 13097K, capacity 13616K, committed 13824K, reserved 1060864K
  class space    used 1815K, capacity 1947K, committed 2048K, reserved 1048576K
}
Event: 29.115 GC heap before
{Heap before GC invocations=4 (full 0):
 PSYoungGen      total 18944K, used 18914K [0x00000000eb300000, 0x00000000ed800000, 0x0000000100000000)
  eden space 16384K, 100% used [0x00000000eb300000,0x00000000ec300000,0x00000000ec300000)
  from space 2560K, 98% used [0x00000000ec300000,0x00000000ec5788e0,0x00000000ec580000)
  to   space 2560K, 0% used [0x00000000ed580000,0x00000000ed580000,0x00000000ed800000)
 ParOldGen       total 44032K, used 14353K [0x00000000c1800000, 0x00000000c4300000, 0x00000000eb300000)
  object space 44032K, 32% used [0x00000000c1800000,0x00000000c26046a8,0x00000000c4300000)
 Metaspace       used 15199K, capacity 15818K, committed 16128K, reserved 1062912K
  class space    used 2022K, capacity 2205K, committed 2304K, reserved 1048576K
Event: 29.133 GC heap after
Heap after GC invocations=4 (full 0):
 PSYoungGen      total 35328K, used 2546K [0x00000000eb300000, 0x00000000ed800000, 0x0000000100000000)
  eden space 32768K, 0% used [0x00000000eb300000,0x00000000eb300000,0x00000000ed300000)
  from space 2560K, 99% used [0x00000000ed580000,0x00000000ed7fc830,0x00000000ed800000)
  to   space 2560K, 0% used [0x00000000ed300000,0x00000000ed300000,0x00000000ed580000)
 ParOldGen       total 44032K, used 19892K [0x00000000c1800000, 0x00000000c4300000, 0x00000000eb300000)
  object space 44032K, 45% used [0x00000000c1800000,0x00000000c2b6d0e0,0x00000000c4300000)
 Metaspace       used 15199K, capacity 15818K, committed 16128K, reserved 1062912K
  class space    used 2022K, capacity 2205K, committed 2304K, reserved 1048576K
}

Deoptimization events (10 events):
Event: 786.720 Thread 0x00000000174b1000 Uncommon trap: reason=class_check action=maybe_recompile pc=0x00000000036c53bc method=javafx.scene.Node.getLocalBounds(Lcom/sun/javafx/geom/BaseBounds;Lcom/sun/javafx/geom/transform/BaseTransform;)Lcom/sun/javafx/geom/BaseBounds; @ 22
Event: 788.521 Thread 0x00000000174b1000 Uncommon trap: reason=unstable_if action=reinterpret pc=0x0000000003454718 method=javafx.scene.Node.getProperties()Ljavafx/collections/ObservableMap; @ 4
Event: 788.533 Thread 0x00000000174b1000 Uncommon trap: reason=array_check action=maybe_recompile pc=0x00000000036edb4c method=com.sun.javafx.css.SimpleSelector.applies(Ljavafx/css/Styleable;[Ljava/util/Set;I)Z @ 37
Event: 788.533 Thread 0x00000000174b1000 Uncommon trap: reason=array_check action=maybe_recompile pc=0x00000000036edb4c method=com.sun.javafx.css.SimpleSelector.applies(Ljavafx/css/Styleable;[Ljava/util/Set;I)Z @ 37
Event: 788.533 Thread 0x00000000174b1000 Uncommon trap: reason=array_check action=maybe_recompile pc=0x00000000036edb4c method=com.sun.javafx.css.SimpleSelector.applies(Ljavafx/css/Styleable;[Ljava/util/Set;I)Z @ 37
Event: 788.533 Thread 0x00000000174b1000 Uncommon trap: reason=array_check action=maybe_recompile pc=0x00000000036edb4c method=com.sun.javafx.css.SimpleSelector.applies(Ljavafx/css/Styleable;[Ljava/util/Set;I)Z @ 37
Event: 788.533 Thread 0x00000000174b1000 Uncommon trap: reason=unstable_if action=reinterpret pc=0x00000000036c6768 method=com.sun.javafx.css.StyleManager$CacheContainer.getStyleMap(I)Lcom/sun/javafx/css/StyleMap; @ 9
Event: 788.534 Thread 0x00000000174b1000 Uncommon trap: reason=unstable_if action=reinterpret pc=0x00000000036b80f8 method=com.sun.javafx.css.StyleManager$CacheContainer.getStyleMap(I)Lcom/sun/javafx/css/StyleMap; @ 9
Event: 788.541 Thread 0x00000000174b1000 Uncommon trap: reason=unstable_if action=reinterpret pc=0x0000000003664dac method=javafx.scene.layout.GridPane.getRowValignment(I)Ljavafx/geometry/VPos; @ 10
Event: 788.548 Thread 0x00000000174b1000 Uncommon trap: reason=unstable_if action=reinterpret pc=0x0000000003511644 method=java.lang.Math.round(F)I @ 36

Classes redefined (0 events):
No events

Internal exceptions (10 events):
Event: 0.368 Thread 0x0000000002d03000 Exception <a 'java/lang/NullPointerException'> (0x00000000eb6f21c0) thrown at [C:\re\workspace\8-2-build-windows-amd64-cygwin\jdk8u231\13620\hotspot\src\share\vm\interpreter\linkResolver.cpp, line 1185]
Event: 0.412 Thread 0x0000000002d03000 Implicit null exception at 0x0000000002f26795 to 0x0000000002f26959
Event: 1.218 Thread 0x00000000174b1000 Exception <a 'java/lang/NullPointerException'> (0x00000000ebaee1f0) thrown at [C:\re\workspace\8-2-build-windows-amd64-cygwin\jdk8u231\13620\hotspot\src\share\vm\interpreter\linkResolver.cpp, line 1185]
Event: 1.218 Thread 0x00000000174b1000 Exception <a 'java/lang/NullPointerException'> (0x00000000ebaee1f0) thrown at [C:\re\workspace\8-2-build-windows-amd64-cygwin\jdk8u231\13620\hotspot\src\share\vm\prims\jvm.cpp, line 1506]
Event: 1.947 Thread 0x00000000174b1000 Implicit null exception at 0x00000000030c6c75 to 0x00000000030c6e4d
Event: 2.332 Thread 0x00000000174b1000 Exception <a 'java/io/FileNotFoundException'> (0x00000000ebf54d38) thrown at [C:\re\workspace\8-2-build-windows-amd64-cygwin\jdk8u231\13620\hotspot\src\share\vm\prims\jni.cpp, line 710]
Event: 31.714 Thread 0x00000000174b1000 Exception <a 'java/lang/IndexOutOfBoundsException'> (0x00000000eb43eeb0) thrown at [C:\re\workspace\8-2-build-windows-amd64-cygwin\jdk8u231\13620\hotspot\src\share\vm\prims\jvm.cpp, line 1506]
Event: 785.152 Thread 0x00000000174b1000 Implicit null exception at 0x0000000003348a96 to 0x0000000003348e31
Event: 785.152 Thread 0x00000000174b1000 Implicit null exception at 0x0000000003080416 to 0x00000000030807ad
Event: 790.406 Thread 0x000000001f0d7800 Exception <a 'java/lang/IllegalStateException'> (0x00000000eb7819b0) thrown at [C:\re\workspace\8-2-build-windows-amd64-cygwin\jdk8u231\13620\hotspot\src\share\vm\prims\jvm.cpp, line 1506]

Events (10 events):
Event: 790.402 loading class java/util/IdentityHashMap$KeyIterator done
Event: 790.403 Thread 0x000000001f0d7800 Thread added: 0x000000001f0d7800
Event: 790.404 loading class com/sun/javafx/tk/quantum/QuantumRenderer
Event: 790.404 loading class com/sun/javafx/tk/quantum/QuantumRenderer done
Event: 790.405 loading class com/sun/javafx/tk/quantum/QuantumToolkit
Event: 790.405 loading class com/sun/javafx/tk/quantum/QuantumToolkit done
Event: 790.405 loading class java/util/LinkedList$ListItr
Event: 790.406 loading class java/util/LinkedList$ListItr done
Event: 790.407 Thread 0x000000001f0d7800 Thread exited: 0x000000001f0d7800
Event: 790.407 Executing VM operation: Exit


Dynamic libraries:
0x00007ff73e660000 - 0x00007ff73e697000 	C:\Program Files\Java\jdk1.8.0_231\bin\java.exe
0x00007ffb10b80000 - 0x00007ffb10d70000 	C:\Windows\SYSTEM32\ntdll.dll
0x00007ffb0f1a0000 - 0x00007ffb0f252000 	C:\Windows\System32\KERNEL32.DLL
0x00007ffb0e100000 - 0x00007ffb0e3a3000 	C:\Windows\System32\KERNELBASE.dll
0x00007ffb0f660000 - 0x00007ffb0f703000 	C:\Windows\System32\ADVAPI32.dll
0x00007ffb0f3d0000 - 0x00007ffb0f46e000 	C:\Windows\System32\msvcrt.dll
0x00007ffb0f0a0000 - 0x00007ffb0f137000 	C:\Windows\System32\sechost.dll
0x00007ffb0f540000 - 0x00007ffb0f660000 	C:\Windows\System32\RPCRT4.dll
0x00007ffb10630000 - 0x00007ffb107c4000 	C:\Windows\System32\USER32.dll
0x00007ffb0eb50000 - 0x00007ffb0eb71000 	C:\Windows\System32\win32u.dll
0x00007ffb107d0000 - 0x00007ffb107f6000 	C:\Windows\System32\GDI32.dll
0x00007ffb0dc10000 - 0x00007ffb0dda4000 	C:\Windows\System32\gdi32full.dll
0x00007ffb0db10000 - 0x00007ffb0dbae000 	C:\Windows\System32\msvcp_win.dll
0x00007ffb0df00000 - 0x00007ffb0dffa000 	C:\Windows\System32\ucrtbase.dll
0x00007ffafc350000 - 0x00007ffafc5d5000 	C:\Windows\WinSxS\amd64_microsoft.windows.common-controls_6595b64144ccf1df_6.0.18362.535_none_e6c3b34713100821\COMCTL32.dll
0x00007ffb102f0000 - 0x00007ffb10626000 	C:\Windows\System32\combase.dll
0x00007ffb0eb80000 - 0x00007ffb0ec00000 	C:\Windows\System32\bcryptPrimitives.dll
0x00007ffb0f260000 - 0x00007ffb0f28e000 	C:\Windows\System32\IMM32.DLL
0x00000000522a0000 - 0x0000000052372000 	C:\Program Files\Java\jdk1.8.0_231\jre\bin\msvcr100.dll
0x00000000519f0000 - 0x0000000052296000 	C:\Program Files\Java\jdk1.8.0_231\jre\bin\server\jvm.dll
0x00007ffb10820000 - 0x00007ffb10828000 	C:\Windows\System32\PSAPI.DLL
0x00007ffb0b1d0000 - 0x00007ffb0b1f4000 	C:\Windows\SYSTEM32\WINMM.dll
0x00007ffb06940000 - 0x00007ffb0694a000 	C:\Windows\SYSTEM32\VERSION.dll
0x00007ffaf9d80000 - 0x00007ffaf9d89000 	C:\Windows\SYSTEM32\WSOCK32.dll
0x00007ffb0f4d0000 - 0x00007ffb0f53f000 	C:\Windows\System32\WS2_32.dll
0x00007ffb0b0a0000 - 0x00007ffb0b0cd000 	C:\Windows\SYSTEM32\WINMMBASE.dll
0x00007ffb0e000000 - 0x00007ffb0e04a000 	C:\Windows\System32\cfgmgr32.dll
0x00007ffaf0370000 - 0x00007ffaf037f000 	C:\Program Files\Java\jdk1.8.0_231\jre\bin\verify.dll
0x00007ffaeb920000 - 0x00007ffaeb949000 	C:\Program Files\Java\jdk1.8.0_231\jre\bin\java.dll
0x00007ffafbdb0000 - 0x00007ffafbdd3000 	C:\Program Files\Java\jdk1.8.0_231\jre\bin\instrument.dll
0x00007ffaeb840000 - 0x00007ffaeb856000 	C:\Program Files\Java\jdk1.8.0_231\jre\bin\zip.dll
0x00007ffb0f710000 - 0x00007ffb0fdf5000 	C:\Windows\System32\SHELL32.dll
0x00007ffb0fe10000 - 0x00007ffb0feb9000 	C:\Windows\System32\shcore.dll
0x00007ffb0e3b0000 - 0x00007ffb0eb2f000 	C:\Windows\System32\windows.storage.dll
0x00007ffb0daf0000 - 0x00007ffb0db0f000 	C:\Windows\System32\profapi.dll
0x00007ffb0daa0000 - 0x00007ffb0daea000 	C:\Windows\System32\powrprof.dll
0x00007ffb0da50000 - 0x00007ffb0da60000 	C:\Windows\System32\UMPDC.dll
0x00007ffb0ff40000 - 0x00007ffb0ff92000 	C:\Windows\System32\shlwapi.dll
0x00007ffb0da60000 - 0x00007ffb0da71000 	C:\Windows\System32\kernel.appcore.dll
0x00007ffb0eb30000 - 0x00007ffb0eb47000 	C:\Windows\System32\cryptsp.dll
0x00007ffb060a0000 - 0x00007ffb060ba000 	C:\Program Files\JetBrains\IntelliJ IDEA 2019.2.3\bin\breakgen64.dll
0x00007ffae27e0000 - 0x00007ffae27fa000 	C:\Program Files\Java\jdk1.8.0_231\jre\bin\net.dll
0x00007ffb0d2c0000 - 0x00007ffb0d327000 	C:\Windows\system32\mswsock.dll
0x0000000002ad0000 - 0x0000000002ad3000 	C:\Program Files\Java\jdk1.8.0_231\jre\bin\api-ms-win-core-console-l1-1-0.dll
0x0000000002ae0000 - 0x0000000002ae3000 	C:\Program Files\Java\jdk1.8.0_231\jre\bin\api-ms-win-core-datetime-l1-1-0.dll
0x0000000017c60000 - 0x0000000017c63000 	C:\Program Files\Java\jdk1.8.0_231\jre\bin\api-ms-win-core-debug-l1-1-0.dll
0x0000000017c70000 - 0x0000000017c73000 	C:\Program Files\Java\jdk1.8.0_231\jre\bin\api-ms-win-core-errorhandling-l1-1-0.dll
0x0000000017c80000 - 0x0000000017c84000 	C:\Program Files\Java\jdk1.8.0_231\jre\bin\api-ms-win-core-file-l1-1-0.dll
0x0000000017c90000 - 0x0000000017c93000 	C:\Program Files\Java\jdk1.8.0_231\jre\bin\api-ms-win-core-file-l1-2-0.dll
0x0000000017ca0000 - 0x0000000017ca3000 	C:\Program Files\Java\jdk1.8.0_231\jre\bin\api-ms-win-core-file-l2-1-0.dll
0x0000000017cb0000 - 0x0000000017cb3000 	C:\Program Files\Java\jdk1.8.0_231\jre\bin\api-ms-win-core-handle-l1-1-0.dll
0x0000000017cc0000 - 0x0000000017cc3000 	C:\Program Files\Java\jdk1.8.0_231\jre\bin\api-ms-win-core-heap-l1-1-0.dll
0x0000000017cd0000 - 0x0000000017cd3000 	C:\Program Files\Java\jdk1.8.0_231\jre\bin\api-ms-win-core-interlocked-l1-1-0.dll
0x0000000017ce0000 - 0x0000000017ce3000 	C:\Program Files\Java\jdk1.8.0_231\jre\bin\api-ms-win-core-libraryloader-l1-1-0.dll
0x0000000017cf0000 - 0x0000000017cf3000 	C:\Program Files\Java\jdk1.8.0_231\jre\bin\api-ms-win-core-localization-l1-2-0.dll
0x0000000017d00000 - 0x0000000017d03000 	C:\Program Files\Java\jdk1.8.0_231\jre\bin\api-ms-win-core-memory-l1-1-0.dll
0x0000000017d10000 - 0x0000000017d13000 	C:\Program Files\Java\jdk1.8.0_231\jre\bin\api-ms-win-core-namedpipe-l1-1-0.dll
0x0000000017d20000 - 0x0000000017d23000 	C:\Program Files\Java\jdk1.8.0_231\jre\bin\api-ms-win-core-processenvironment-l1-1-0.dll
0x0000000017d30000 - 0x0000000017d33000 	C:\Program Files\Java\jdk1.8.0_231\jre\bin\api-ms-win-core-processthreads-l1-1-0.dll
0x0000000017d40000 - 0x0000000017d43000 	C:\Program Files\Java\jdk1.8.0_231\jre\bin\api-ms-win-core-processthreads-l1-1-1.dll
0x0000000017d50000 - 0x0000000017d53000 	C:\Program Files\Java\jdk1.8.0_231\jre\bin\api-ms-win-core-profile-l1-1-0.dll
0x0000000017d60000 - 0x0000000017d63000 	C:\Program Files\Java\jdk1.8.0_231\jre\bin\api-ms-win-core-rtlsupport-l1-1-0.dll
0x0000000017d70000 - 0x0000000017d73000 	C:\Program Files\Java\jdk1.8.0_231\jre\bin\api-ms-win-core-string-l1-1-0.dll
0x0000000017d80000 - 0x0000000017d83000 	C:\Program Files\Java\jdk1.8.0_231\jre\bin\api-ms-win-core-synch-l1-1-0.dll
0x0000000017d90000 - 0x0000000017d93000 	C:\Program Files\Java\jdk1.8.0_231\jre\bin\api-ms-win-core-synch-l1-2-0.dll
0x0000000017da0000 - 0x0000000017da3000 	C:\Program Files\Java\jdk1.8.0_231\jre\bin\api-ms-win-core-sysinfo-l1-1-0.dll
0x0000000017db0000 - 0x0000000017db3000 	C:\Program Files\Java\jdk1.8.0_231\jre\bin\api-ms-win-core-timezone-l1-1-0.dll
0x0000000017dc0000 - 0x0000000017dc3000 	C:\Program Files\Java\jdk1.8.0_231\jre\bin\api-ms-win-core-util-l1-1-0.dll
0x0000000017dd0000 - 0x0000000017dd3000 	C:\Program Files\Java\jdk1.8.0_231\jre\bin\api-ms-win-crt-conio-l1-1-0.dll
0x0000000017de0000 - 0x0000000017de4000 	C:\Program Files\Java\jdk1.8.0_231\jre\bin\api-ms-win-crt-convert-l1-1-0.dll
0x0000000017df0000 - 0x0000000017df3000 	C:\Program Files\Java\jdk1.8.0_231\jre\bin\api-ms-win-crt-environment-l1-1-0.dll
0x0000000017e00000 - 0x0000000017e03000 	C:\Program Files\Java\jdk1.8.0_231\jre\bin\api-ms-win-crt-filesystem-l1-1-0.dll
0x0000000017e10000 - 0x0000000017e13000 	C:\Program Files\Java\jdk1.8.0_231\jre\bin\api-ms-win-crt-heap-l1-1-0.dll
0x0000000017e20000 - 0x0000000017e23000 	C:\Program Files\Java\jdk1.8.0_231\jre\bin\api-ms-win-crt-locale-l1-1-0.dll
0x0000000017e30000 - 0x0000000017e35000 	C:\Program Files\Java\jdk1.8.0_231\jre\bin\api-ms-win-crt-math-l1-1-0.dll
0x0000000017e40000 - 0x0000000017e45000 	C:\Program Files\Java\jdk1.8.0_231\jre\bin\api-ms-win-crt-multibyte-l1-1-0.dll
0x0000000017e50000 - 0x0000000017e60000 	C:\Program Files\Java\jdk1.8.0_231\jre\bin\api-ms-win-crt-private-l1-1-0.dll
0x0000000017e60000 - 0x0000000017e63000 	C:\Program Files\Java\jdk1.8.0_231\jre\bin\api-ms-win-crt-process-l1-1-0.dll
0x0000000017e70000 - 0x0000000017e74000 	C:\Program Files\Java\jdk1.8.0_231\jre\bin\api-ms-win-crt-runtime-l1-1-0.dll
0x0000000017e80000 - 0x0000000017e84000 	C:\Program Files\Java\jdk1.8.0_231\jre\bin\api-ms-win-crt-stdio-l1-1-0.dll
0x0000000017e90000 - 0x0000000017e94000 	C:\Program Files\Java\jdk1.8.0_231\jre\bin\api-ms-win-crt-string-l1-1-0.dll
0x0000000017ea0000 - 0x0000000017ea3000 	C:\Program Files\Java\jdk1.8.0_231\jre\bin\api-ms-win-crt-time-l1-1-0.dll
0x0000000017eb0000 - 0x0000000017eb3000 	C:\Program Files\Java\jdk1.8.0_231\jre\bin\api-ms-win-crt-utility-l1-1-0.dll
0x00007ffad9380000 - 0x00007ffad947c000 	C:\Program Files\Java\jdk1.8.0_231\jre\bin\ucrtbase.dll
0x00007ffb06050000 - 0x00007ffb06065000 	C:\Program Files\Java\jdk1.8.0_231\jre\bin\vcruntime140.dll
0x00007ffaeb9c0000 - 0x00007ffaeba5b000 	C:\Program Files\Java\jdk1.8.0_231\jre\bin\msvcp140.dll
0x00007ffafbd50000 - 0x00007ffafbda1000 	C:\Program Files\Java\jdk1.8.0_231\jre\bin\concrt140.dll
0x00007ffaf2ee0000 - 0x00007ffaf2f03000 	C:\Program Files\Java\jdk1.8.0_231\jre\bin\prism_d3d.dll
0x00007ffae9da0000 - 0x00007ffae9f67000 	C:\Windows\system32\d3d9.dll
0x00007ffb0be40000 - 0x00007ffb0be6d000 	C:\Windows\SYSTEM32\dwmapi.dll
0x00007ffb0c6c0000 - 0x00007ffb0c6e0000 	C:\Windows\SYSTEM32\dxcore.dll
0x00007ffb0b980000 - 0x00007ffb0ba19000 	C:\Windows\system32\uxtheme.dll
0x00007ffad3ac0000 - 0x00007ffad3c80000 	C:\Windows\System32\DriverStore\FileRepository\iigd_dch.inf_amd64_38bfcb542ef4272e\igdumdim64.dll
0x00007ffb03120000 - 0x00007ffb03272000 	C:\Windows\System32\DriverStore\FileRepository\iigd_dch.inf_amd64_38bfcb542ef4272e\igdgmm64.dll
0x00007ffaf2e90000 - 0x00007ffaf2ed5000 	C:\Program Files\Java\jdk1.8.0_231\jre\bin\glass.dll
0x00007ffb100e0000 - 0x00007ffb101b0000 	C:\Windows\System32\COMDLG32.dll
0x00007ffb109e0000 - 0x00007ffb10b36000 	C:\Windows\System32\ole32.dll
0x00007ffb101b0000 - 0x00007ffb10274000 	C:\Windows\System32\OLEAUT32.dll
0x00007ffb0ffa0000 - 0x00007ffb100d5000 	C:\Windows\System32\MSCTF.dll
0x00007ffab27b0000 - 0x00007ffab638b000 	C:\Windows\System32\DriverStore\FileRepository\iigd_dch.inf_amd64_38bfcb542ef4272e\igd9dxva64.dll
0x00007ffaebd90000 - 0x00007ffaebdb2000 	C:\Windows\System32\DriverStore\FileRepository\iigd_dch.inf_amd64_38bfcb542ef4272e\igdinfo64.dll
0x00007ffb00740000 - 0x00007ffb02a96000 	C:\Windows\System32\DriverStore\FileRepository\iigd_dch.inf_amd64_38bfcb542ef4272e\igc64.dll
0x00007ffaebcf0000 - 0x00007ffaebd1c000 	C:\Program Files\Java\jdk1.8.0_231\jre\bin\javafx_iio.dll
0x00007ffb02d70000 - 0x00007ffb02d84000 	C:\Program Files\Java\jdk1.8.0_231\jre\bin\javafx_font.dll
0x00007ffb061d0000 - 0x00007ffb064ce000 	C:\Windows\SYSTEM32\dwrite.dll
0x00007ffb0f290000 - 0x00007ffb0f332000 	C:\Windows\System32\clbcatq.dll
0x00007ffb05bb0000 - 0x00007ffb05d5f000 	C:\Windows\SYSTEM32\WindowsCodecs.dll
0x00007ffafdda0000 - 0x00007ffafddda000 	C:\Windows\system32\dataexchange.dll
0x00007ffb09ac0000 - 0x00007ffb09d1b000 	C:\Windows\system32\d3d11.dll
0x00007ffb0aa70000 - 0x00007ffb0ac4b000 	C:\Windows\system32\dcomp.dll
0x00007ffb0c750000 - 0x00007ffb0c83b000 	C:\Windows\system32\dxgi.dll
0x00007ffb0baf0000 - 0x00007ffb0bd4a000 	C:\Windows\system32\twinapi.appcore.dll
0x00007ffb0bf50000 - 0x00007ffb0bf79000 	C:\Windows\system32\RMCLIENT.dll
0x00007ffae9d60000 - 0x00007ffae9d93000 	C:\Program Files\Common Files\Microsoft Shared\Ink\rtscom.dll
0x00007ffb096b0000 - 0x00007ffb0974e000 	C:\Windows\System32\TextInputFramework.dll
0x00007ffb0ac50000 - 0x00007ffb0ad24000 	C:\Windows\System32\CoreMessaging.dll
0x00007ffb065d0000 - 0x00007ffb068fa000 	C:\Windows\System32\CoreUIComponents.dll
0x00007ffb0cab0000 - 0x00007ffb0cae1000 	C:\Windows\SYSTEM32\ntmarta.dll
0x00007ffb08c60000 - 0x00007ffb08db3000 	C:\Windows\SYSTEM32\wintypes.dll
0x00007ffafea40000 - 0x00007ffafece6000 	C:\Windows\System32\iertutil.dll
0x00007ffafd4e0000 - 0x00007ffafd4f1000 	C:\Program Files\Java\jdk1.8.0_231\jre\bin\prism_common.dll
0x00007ffb0c370000 - 0x00007ffb0c564000 	C:\Windows\SYSTEM32\dbghelp.dll

VM Arguments:
jvm_args: -javaagent:C:\Program Files\JetBrains\IntelliJ IDEA 2019.2.3\lib\idea_rt.jar=61880:C:\Program Files\JetBrains\IntelliJ IDEA 2019.2.3\bin -Dfile.encoding=UTF-8 
java_command: sample.Main
java_class_path (initial): C:\Program Files\Java\jdk1.8.0_231\jre\lib\charsets.jar;C:\Program Files\Java\jdk1.8.0_231\jre\lib\deploy.jar;C:\Program Files\Java\jdk1.8.0_231\jre\lib\ext\access-bridge-64.jar;C:\Program Files\Java\jdk1.8.0_231\jre\lib\ext\cldrdata.jar;C:\Program Files\Java\jdk1.8.0_231\jre\lib\ext\dnsns.jar;C:\Program Files\Java\jdk1.8.0_231\jre\lib\ext\jaccess.jar;C:\Program Files\Java\jdk1.8.0_231\jre\lib\ext\jfxrt.jar;C:\Program Files\Java\jdk1.8.0_231\jre\lib\ext\localedata.jar;C:\Program Files\Java\jdk1.8.0_231\jre\lib\ext\nashorn.jar;C:\Program Files\Java\jdk1.8.0_231\jre\lib\ext\sunec.jar;C:\Program Files\Java\jdk1.8.0_231\jre\lib\ext\sunjce_provider.jar;C:\Program Files\Java\jdk1.8.0_231\jre\lib\ext\sunmscapi.jar;C:\Program Files\Java\jdk1.8.0_231\jre\lib\ext\sunpkcs11.jar;C:\Program Files\Java\jdk1.8.0_231\jre\lib\ext\zipfs.jar;C:\Program Files\Java\jdk1.8.0_231\jre\lib\javaws.jar;C:\Program Files\Java\jdk1.8.0_231\jre\lib\jce.jar;C:\Program Files\Java\jdk1.8.0_231\jre\lib\jfr.jar;C:\Program Files\Java\jdk1.8.0_231\jre\lib\jfxswt.jar;C:\Program Files\Java\jdk1.8.0_231\jre\lib\jsse.jar;C:\Program Files\Java\jdk1.8.0_231\jre\lib\management-agent.jar;C:\Program Files\Java\jdk1.8.0_231\jre\lib\plugin.jar;C:\Program Files\Java\jdk1.8.0_231\jre\lib\resources.jar;C:\Program Files\Java\jdk1.8.0_231\jre\lib\rt.jar;C:\Users\DELL\IdeaProjects\Crime_game\out\production\Crime_game;C:\Program Files\JetBrains\IntelliJ IDEA 2019.2.3\lib\idea_rt.jar
Launcher Type: SUN_STANDARD

Environment Variables:
JAVA_HOME=C:\Program Files\Java\jdk1.8.0_231
PATH=C:\Program Files\Java\jdk1.8.0_231\bin;C:\Program Files (x86)\Common Files\Oracle\Java\javapath;C:\Windows\system32;C:\Windows;C:\Windows\System32\Wbem;C:\Windows\System32\WindowsPowerShell\v1.0\;C:\Windows\System32\OpenSSH\;C:\Program Files\Git\cmd;C:\Program Files\Git\mingw64\bin;C:\Program Files\Git\usr\bin;C:\gradle-5.6.4\bin;;C:\Users\DELL\AppData\Local\Programs\Microsoft VS Code\bin
USERNAME=DELL
OS=Windows_NT
PROCESSOR_IDENTIFIER=Intel64 Family 6 Model 142 Stepping 9, GenuineIntel



---------------  S Y S T E M  ---------------

OS: Windows 10.0 , 64 bit Build 18362 (10.0.18362.329)

CPU:total 4 (initial active 4) (2 cores per cpu, 2 threads per core) family 6 model 142 stepping 9, cmov, cx8, fxsr, mmx, sse, sse2, sse3, ssse3, sse4.1, sse4.2, popcnt, avx, avx2, aes, clmul, erms, 3dnowpref, lzcnt, ht, tsc, tscinvbit, bmi1, bmi2, adx

Memory: 4k page, physical 4089796k(731180k free), swap 13002692k(5138228k free)

vm_info: Java HotSpot(TM) 64-Bit Server VM (25.231-b11) for windows-amd64 JRE (1.8.0_231-b11), built on Oct  5 2019 03:11:30 by "java_re" with MS VC++ 10.0 (VS2010)

time: Thu Jan 09 16:43:31 2020
timezone: Œrodkowoeuropejski czas stand.
elapsed time: 790 seconds (0d 0h 13m 10s)

