#
# A fatal error has been detected by the Java Runtime Environment:
#
#  EXCEPTION_ACCESS_VIOLATION (0xc0000005) at pc=0x00007ffaebca65c0, pid=2568, tid=0x0000000000001bdc
#
# JRE version: Java(TM) SE Runtime Environment (8.0_231-b11) (build 1.8.0_231-b11)
# Java VM: Java HotSpot(TM) 64-Bit Server VM (25.231-b11 mixed mode windows-amd64 compressed oops)
# Problematic frame:
# C  [glass.dll+0x265c0]
#
# Failed to write core dump. Minidumps are not enabled by default on client versions of Windows
#
# If you would like to submit a bug report, please visit:
#   http://bugreport.java.com/bugreport/crash.jsp
#

---------------  T H R E A D  ---------------

Current thread (0x0000000014cd8000):  VMThread [stack: 0x0000000015d60000,0x0000000015e60000] [id=7132]

siginfo: ExceptionCode=0xc0000005, reading address 0x0000000000000000

Registers:
RAX=0x0000000000000000, RBX=0x0000000014c34d18, RCX=0x0000000014cd8000, RDX=0x0000000052023578
RSP=0x0000000015e5f230, RBP=0x0000000000837278, RSI=0x0000000000837250, RDI=0x0000f75ffc663d6f
R8 =0x0000000000010002, R9 =0x0000f75ffc663d6f, R10=0x0000000000008000, R11=0x0000000015e5f1d0
R12=0x00007ffaebca39e4, R13=0x0000000000bf1658, R14=0x0000000015e5f338, R15=0x0000000000837250
RIP=0x00007ffaebca65c0, EFLAGS=0x0000000000010206

Top of Stack: (sp=0x0000000015e5f230)
0x0000000015e5f230:   0000000000000000 00007ffb0df114cb
0x0000000015e5f240:   0000000000837260 0000000000837250
0x0000000015e5f250:   fffffffffffffffe 00007ffaebcba1b0
0x0000000015e5f260:   0000000000837258 00007ffb0df19d06
0x0000000015e5f270:   0000000000837260 0000000000000000
0x0000000015e5f280:   0000000000000000 00007ffb0df19f46
0x0000000015e5f290:   fffffffffffffffe 0000000000000000
0x0000000015e5f2a0:   0000000000000001 00007ffaebc80000
0x0000000015e5f2b0:   0000000015e5f328 00007ffb0df19c2b
0x0000000015e5f2c0:   0000000000000000 0000000015e5f338
0x0000000015e5f2d0:   0000000014be5500 00007ffb0dfebc20
0x0000000015e5f2e0:   0000000000000000 00007ffb0df19be4
0x0000000015e5f2f0:   0000000000000000 0000000000000001
0x0000000015e5f300:   00007ffb0000000d 0000000015e5f328
0x0000000015e5f310:   0000000000000000 00007ffaebca3872
0x0000000015e5f320:   00007ffaebcbd128 00007ffb00000002 

Instructions: (pc=0x00007ffaebca65c0)
0x00007ffaebca65a0:   40 53 48 83 ec 30 48 c7 44 24 20 fe ff ff ff 48
0x00007ffaebca65b0:   8b 1d 6a 65 01 00 48 85 db 74 16 e8 b0 85 ff ff
0x00007ffaebca65c0:   4c 8b 00 48 8b d3 48 8b c8 41 ff 90 b0 00 00 00
0x00007ffaebca65d0:   90 48 83 c4 30 5b c3 cc cc cc cc cc cc cc cc cc 


Register to memory mapping:

RAX=0x0000000000000000 is an unknown value
RBX=0x0000000014c34d18 is a global jni handle
RCX=0x0000000014cd8000 is an unknown value
RDX=0x0000000052023578 is an unknown value
RSP=0x0000000015e5f230 is an unknown value
RBP=0x0000000000837278 is an unknown value
RSI=0x0000000000837250 is an unknown value
RDI=0x0000f75ffc663d6f is an unknown value
R8 =0x0000000000010002 is an unknown value
R9 =0x0000f75ffc663d6f is an unknown value
R10=0x0000000000008000 is an unknown value
R11=0x0000000015e5f1d0 is an unknown value
R12=0x00007ffaebca39e4 is an unknown value
R13=0x0000000000bf1658 is an unknown value
R14=0x0000000015e5f338 is an unknown value
R15=0x0000000000837250 is an unknown value


Stack: [0x0000000015d60000,0x0000000015e60000],  sp=0x0000000015e5f230,  free space=1020k
Native frames: (J=compiled Java code, j=interpreted, Vv=VM code, C=native code)
C  [glass.dll+0x265c0]
C  [ucrtbase.dll+0x19d06]
C  [ucrtbase.dll+0x19c2b]
C  [ucrtbase.dll+0x19be4]
C  [glass.dll+0x23872]
C  [glass.dll+0x23998]
C  [ntdll.dll+0x250a1]
C  [ntdll.dll+0x6ab02]
C  [ntdll.dll+0x6a9ad]
C  [KERNEL32.DLL+0x1cd8a]
C  [msvcr100.dll+0x20ccd]
V  [jvm.dll+0x2142d5]
V  [jvm.dll+0x24d677]
V  [jvm.dll+0x24c916]
V  [jvm.dll+0x24cdb1]
V  [jvm.dll+0x24cfce]
V  [jvm.dll+0x29fd8a]
C  [msvcr100.dll+0x21d9f]
C  [msvcr100.dll+0x21e3b]
C  [KERNEL32.DLL+0x17bd4]
C  [ntdll.dll+0x6ced1]

VM_Operation (0x0000000017ce9ea0): Exit, mode: safepoint, requested by thread 0x0000000017255000


---------------  P R O C E S S  ---------------

Java Threads: ( => current thread )
  0x00000000221ce000 JavaThread "Prism Font Disposer" daemon [_thread_blocked, id=1072, stack(0x00000000228b0000,0x00000000229b0000)]
  0x0000000017289800 JavaThread "JavaFX-Launcher" [_thread_blocked, id=10508, stack(0x000000001e8c0000,0x000000001e9c0000)]
  0x0000000017288000 JavaThread "Thread-2" daemon [_thread_in_native, id=5348, stack(0x000000001e7c0000,0x000000001e8c0000)]
  0x0000000017255000 JavaThread "JavaFX Application Thread" [_thread_blocked, id=10476, stack(0x0000000017bf0000,0x0000000017cf0000)]
  0x0000000017245000 JavaThread "Thread-1" daemon [_thread_blocked, id=9092, stack(0x0000000017af0000,0x0000000017bf0000)]
  0x0000000016700800 JavaThread "QuantumRenderer-0" daemon [_thread_blocked, id=1360, stack(0x0000000017060000,0x0000000017160000)]
  0x000000001641d800 JavaThread "Service Thread" daemon [_thread_blocked, id=14184, stack(0x0000000016b70000,0x0000000016c70000)]
  0x0000000014d58800 JavaThread "C1 CompilerThread2" daemon [_thread_blocked, id=8240, stack(0x0000000016a70000,0x0000000016b70000)]
  0x0000000014d57000 JavaThread "C2 CompilerThread1" daemon [_thread_blocked, id=13292, stack(0x0000000016970000,0x0000000016a70000)]
  0x0000000014d30800 JavaThread "C2 CompilerThread0" daemon [_thread_blocked, id=1864, stack(0x0000000016870000,0x0000000016970000)]
  0x00000000163b3000 JavaThread "Monitor Ctrl-Break" daemon [_thread_in_native, id=8112, stack(0x0000000016770000,0x0000000016870000)]
  0x0000000014d16000 JavaThread "Attach Listener" daemon [_thread_blocked, id=9424, stack(0x0000000016270000,0x0000000016370000)]
  0x0000000002716000 JavaThread "Finalizer" daemon [_thread_blocked, id=13028, stack(0x0000000015f60000,0x0000000016060000)]
  0x0000000014cfa000 JavaThread "Reference Handler" daemon [_thread_blocked, id=12988, stack(0x0000000015e60000,0x0000000015f60000)]
  0x0000000002623000 JavaThread "main" [_thread_blocked, id=6872, stack(0x0000000002410000,0x0000000002510000)]

Other Threads:
=>0x0000000014cd8000 VMThread [stack: 0x0000000015d60000,0x0000000015e60000] [id=7132]

VM state:at safepoint (shutting down)

VM Mutex/Monitor currently owned by a thread:  ([mutex/lock_event])
[0x0000000000bfe490] Threads_lock - owner thread: 0x0000000014cd8000

heap address: 0x00000000c1800000, size: 1000 MB, Compressed Oops mode: 32-bit
Narrow klass base: 0x0000000000000000, Narrow klass shift: 3
Compressed class space size: 1073741824 Address: 0x0000000100000000

Heap:
 PSYoungGen      total 18944K, used 14486K [0x00000000eb300000, 0x00000000ed800000, 0x0000000100000000)
  eden space 16384K, 72% used [0x00000000eb300000,0x00000000ebea5dd0,0x00000000ec300000)
  from space 2560K, 99% used [0x00000000ec300000,0x00000000ec57fde8,0x00000000ec580000)
  to   space 2560K, 0% used [0x00000000ed580000,0x00000000ed580000,0x00000000ed800000)
 ParOldGen       total 44032K, used 14344K [0x00000000c1800000, 0x00000000c4300000, 0x00000000eb300000)
  object space 44032K, 32% used [0x00000000c1800000,0x00000000c2602360,0x00000000c4300000)
 Metaspace       used 15187K, capacity 15862K, committed 16128K, reserved 1062912K
  class space    used 2063K, capacity 2277K, committed 2304K, reserved 1048576K

Card table byte_map: [0x0000000011ae0000,0x0000000011ce0000] byte_map_base: 0x00000000114d4000

Marking Bits: (ParMarkBitMap*) 0x0000000052216d90
 Begin Bits: [0x0000000012230000, 0x00000000131d0000)
 End Bits:   [0x00000000131d0000, 0x0000000014170000)

Polling page: 0x00000000003f0000

CodeCache: size=245760Kb used=7356Kb max_used=7367Kb free=238404Kb
 bounds [0x0000000002720000, 0x0000000002e60000, 0x0000000011720000]
 total_blobs=2856 nmethods=2205 adapters=563
 compilation: enabled

Compilation events (10 events):
Event: 22.305 Thread 0x0000000014d58800 nmethod 2200 0x0000000002e50190 code [0x0000000002e503a0, 0x0000000002e50c98]
Event: 22.305 Thread 0x0000000014d58800 2201       3       com.sun.javafx.css.SizeUnits::access$200 (5 bytes)
Event: 22.306 Thread 0x0000000014d58800 nmethod 2201 0x0000000002e51090 code [0x0000000002e51200, 0x0000000002e51368]
Event: 22.306 Thread 0x0000000014d58800 2202       3       com.sun.javafx.css.SizeUnits::round (38 bytes)
Event: 22.306 Thread 0x0000000014d58800 nmethod 2202 0x0000000002e51410 code [0x0000000002e515a0, 0x0000000002e517f0]
Event: 22.306 Thread 0x0000000014d58800 2203       1       com.sun.javafx.font.PrismFont::getName (5 bytes)
Event: 22.306 Thread 0x0000000014d58800 nmethod 2203 0x0000000002e51890 code [0x0000000002e519e0, 0x0000000002e51af0]
Event: 22.373 Thread 0x0000000014d57000 2205       4       jdk.internal.org.objectweb.asm.ClassWriter::put (152 bytes)
Event: 22.375 Thread 0x0000000014d57000 nmethod 2205 0x0000000002e54c50 code [0x0000000002e54da0, 0x0000000002e54ed8]
Event: 22.375 Thread 0x0000000014d58800 2207       3       java.lang.AbstractStringBuilder::append (50 bytes)

GC Heap History (6 events):
Event: 2.440 GC heap before
{Heap before GC invocations=1 (full 0):
 PSYoungGen      total 18944K, used 13992K [0x00000000eb300000, 0x00000000ec800000, 0x0000000100000000)
  eden space 16384K, 85% used [0x00000000eb300000,0x00000000ec0aa398,0x00000000ec300000)
  from space 2560K, 0% used [0x00000000ec580000,0x00000000ec580000,0x00000000ec800000)
  to   space 2560K, 0% used [0x00000000ec300000,0x00000000ec300000,0x00000000ec580000)
 ParOldGen       total 44032K, used 0K [0x00000000c1800000, 0x00000000c4300000, 0x00000000eb300000)
  object space 44032K, 0% used [0x00000000c1800000,0x00000000c1800000,0x00000000c4300000)
 Metaspace       used 7551K, capacity 7788K, committed 7936K, reserved 1056768K
  class space    used 865K, capacity 936K, committed 1024K, reserved 1048576K
Event: 2.472 GC heap after
Heap after GC invocations=1 (full 0):
 PSYoungGen      total 18944K, used 1952K [0x00000000eb300000, 0x00000000ed800000, 0x0000000100000000)
  eden space 16384K, 0% used [0x00000000eb300000,0x00000000eb300000,0x00000000ec300000)
  from space 2560K, 76% used [0x00000000ec300000,0x00000000ec4e8040,0x00000000ec580000)
  to   space 2560K, 0% used [0x00000000ed580000,0x00000000ed580000,0x00000000ed800000)
 ParOldGen       total 44032K, used 8K [0x00000000c1800000, 0x00000000c4300000, 0x00000000eb300000)
  object space 44032K, 0% used [0x00000000c1800000,0x00000000c1802000,0x00000000c4300000)
 Metaspace       used 7551K, capacity 7788K, committed 7936K, reserved 1056768K
  class space    used 865K, capacity 936K, committed 1024K, reserved 1048576K
}
Event: 3.574 GC heap before
{Heap before GC invocations=2 (full 0):
 PSYoungGen      total 18944K, used 16973K [0x00000000eb300000, 0x00000000ed800000, 0x0000000100000000)
  eden space 16384K, 91% used [0x00000000eb300000,0x00000000ec1ab498,0x00000000ec300000)
  from space 2560K, 76% used [0x00000000ec300000,0x00000000ec4e8040,0x00000000ec580000)
  to   space 2560K, 0% used [0x00000000ed580000,0x00000000ed580000,0x00000000ed800000)
 ParOldGen       total 44032K, used 8K [0x00000000c1800000, 0x00000000c4300000, 0x00000000eb300000)
  object space 44032K, 0% used [0x00000000c1800000,0x00000000c1802000,0x00000000c4300000)
 Metaspace       used 9944K, capacity 10326K, committed 10496K, reserved 1058816K
  class space    used 1290K, capacity 1410K, committed 1536K, reserved 1048576K
Event: 3.583 GC heap after
Heap after GC invocations=2 (full 0):
 PSYoungGen      total 18944K, used 2555K [0x00000000eb300000, 0x00000000ed800000, 0x0000000100000000)
  eden space 16384K, 0% used [0x00000000eb300000,0x00000000eb300000,0x00000000ec300000)
  from space 2560K, 99% used [0x00000000ed580000,0x00000000ed7fed08,0x00000000ed800000)
  to   space 2560K, 0% used [0x00000000ec300000,0x00000000ec300000,0x00000000ec580000)
 ParOldGen       total 44032K, used 6932K [0x00000000c1800000, 0x00000000c4300000, 0x00000000eb300000)
  object space 44032K, 15% used [0x00000000c1800000,0x00000000c1ec5338,0x00000000c4300000)
 Metaspace       used 9944K, capacity 10326K, committed 10496K, reserved 1058816K
  class space    used 1290K, capacity 1410K, committed 1536K, reserved 1048576K
}
Event: 4.780 GC heap before
{Heap before GC invocations=3 (full 0):
 PSYoungGen      total 18944K, used 18939K [0x00000000eb300000, 0x00000000ed800000, 0x0000000100000000)
  eden space 16384K, 100% used [0x00000000eb300000,0x00000000ec300000,0x00000000ec300000)
  from space 2560K, 99% used [0x00000000ed580000,0x00000000ed7fed08,0x00000000ed800000)
  to   space 2560K, 0% used [0x00000000ec300000,0x00000000ec300000,0x00000000ec580000)
 ParOldGen       total 44032K, used 6932K [0x00000000c1800000, 0x00000000c4300000, 0x00000000eb300000)
  object space 44032K, 15% used [0x00000000c1800000,0x00000000c1ec5338,0x00000000c4300000)
 Metaspace       used 13106K, capacity 13620K, committed 13824K, reserved 1060864K
  class space    used 1814K, capacity 1947K, committed 2048K, reserved 1048576K
Event: 4.825 GC heap after
Heap after GC invocations=3 (full 0):
 PSYoungGen      total 18944K, used 2559K [0x00000000eb300000, 0x00000000ed800000, 0x0000000100000000)
  eden space 16384K, 0% used [0x00000000eb300000,0x00000000eb300000,0x00000000ec300000)
  from space 2560K, 99% used [0x00000000ec300000,0x00000000ec57fde8,0x00000000ec580000)
  to   space 2560K, 0% used [0x00000000ed580000,0x00000000ed580000,0x00000000ed800000)
 ParOldGen       total 44032K, used 14344K [0x00000000c1800000, 0x00000000c4300000, 0x00000000eb300000)
  object space 44032K, 32% used [0x00000000c1800000,0x00000000c2602360,0x00000000c4300000)
 Metaspace       used 13106K, capacity 13620K, committed 13824K, reserved 1060864K
  class space    used 1814K, capacity 1947K, committed 2048K, reserved 1048576K
}

Deoptimization events (10 events):
Event: 4.555 Thread 0x0000000017255000 Uncommon trap: reason=bimorphic action=maybe_recompile pc=0x0000000002ac44f8 method=java.util.Collections$UnmodifiableList.get(I)Ljava/lang/Object; @ 5
Event: 4.555 Thread 0x0000000017255000 Uncommon trap: reason=bimorphic action=maybe_recompile pc=0x0000000002ac44f8 method=java.util.Collections$UnmodifiableList.get(I)Ljava/lang/Object; @ 5
Event: 4.555 Thread 0x0000000017255000 Uncommon trap: reason=bimorphic action=maybe_recompile pc=0x0000000002ac44f8 method=java.util.Collections$UnmodifiableList.get(I)Ljava/lang/Object; @ 5
Event: 4.573 Thread 0x0000000017255000 Uncommon trap: reason=class_check action=maybe_recompile pc=0x00000000028b22e8 method=java.lang.String.equals(Ljava/lang/Object;)Z @ 8
Event: 4.593 Thread 0x0000000017255000 Uncommon trap: reason=unstable_if action=reinterpret pc=0x0000000002a9f95c method=java.lang.String.regionMatches(ZILjava/lang/String;II)Z @ 123
Event: 4.743 Thread 0x0000000017255000 Uncommon trap: reason=unstable_if action=reinterpret pc=0x0000000002aa4c94 method=sun.net.www.ParseUtil.encodePath(Ljava/lang/String;Z)Ljava/lang/String; @ 109
Event: 7.086 Thread 0x0000000017255000 Uncommon trap: reason=unstable_if action=reinterpret pc=0x0000000002bce464 method=jdk.internal.org.objectweb.asm.Type.getArgumentsAndReturnSizes(Ljava/lang/String;)I @ 47
Event: 16.604 Thread 0x0000000017255000 Uncommon trap: reason=unstable_if action=reinterpret pc=0x0000000002cb0348 method=java.lang.AbstractStringBuilder.append(Ljava/lang/String;)Ljava/lang/AbstractStringBuilder; @ 1
Event: 16.604 Thread 0x0000000017255000 Uncommon trap: reason=unstable_if action=reinterpret pc=0x000000000297cd20 method=java.lang.AbstractStringBuilder.append(Ljava/lang/String;)Ljava/lang/AbstractStringBuilder; @ 1
Event: 16.764 Thread 0x0000000017255000 Uncommon trap: reason=null_assert action=make_not_entrant pc=0x0000000002bbe5ac method=javafx.scene.Node.isDisable()Z @ 4

Classes redefined (0 events):
No events

Internal exceptions (10 events):
Event: 1.297 Thread 0x0000000002623000 Exception <a 'java/security/PrivilegedActionException'> (0x00000000eb6f1730) thrown at [C:\re\workspace\8-2-build-windows-amd64-cygwin\jdk8u231\13620\hotspot\src\share\vm\prims\jvm.cpp, line 1502]
Event: 1.298 Thread 0x0000000002623000 Exception <a 'java/lang/NullPointerException'> (0x00000000eb6f2138) thrown at [C:\re\workspace\8-2-build-windows-amd64-cygwin\jdk8u231\13620\hotspot\src\share\vm\interpreter\linkResolver.cpp, line 1185]
Event: 1.351 Thread 0x0000000002623000 Implicit null exception at 0x0000000002844c95 to 0x0000000002844e59
Event: 3.152 Thread 0x0000000017255000 Exception <a 'java/lang/NullPointerException'> (0x00000000eba47548) thrown at [C:\re\workspace\8-2-build-windows-amd64-cygwin\jdk8u231\13620\hotspot\src\share\vm\interpreter\linkResolver.cpp, line 1185]
Event: 3.152 Thread 0x0000000017255000 Exception <a 'java/lang/NullPointerException'> (0x00000000eba47548) thrown at [C:\re\workspace\8-2-build-windows-amd64-cygwin\jdk8u231\13620\hotspot\src\share\vm\prims\jvm.cpp, line 1506]
Event: 3.854 Thread 0x0000000017255000 Implicit null exception at 0x0000000002a0b3b5 to 0x0000000002a0b58d
Event: 4.406 Thread 0x0000000017255000 Exception <a 'java/io/FileNotFoundException'> (0x00000000ebf551a8) thrown at [C:\re\workspace\8-2-build-windows-amd64-cygwin\jdk8u231\13620\hotspot\src\share\vm\prims\jni.cpp, line 710]
Event: 16.604 Thread 0x0000000017255000 Implicit null exception at 0x0000000002caff96 to 0x0000000002cb0331
Event: 16.604 Thread 0x0000000017255000 Implicit null exception at 0x000000000297c954 to 0x000000000297cd09
Event: 22.375 Thread 0x0000000016633800 Exception <a 'java/lang/IllegalStateException'> (0x00000000ebe91278) thrown at [C:\re\workspace\8-2-build-windows-amd64-cygwin\jdk8u231\13620\hotspot\src\share\vm\prims\jvm.cpp, line 1506]

Events (10 events):
Event: 22.374 loading class com/sun/javafx/tk/quantum/QuantumRenderer done
Event: 22.375 loading class com/sun/javafx/tk/quantum/QuantumToolkit
Event: 22.375 loading class com/sun/javafx/tk/quantum/QuantumToolkit done
Event: 22.375 loading class java/util/LinkedList$ListItr
Event: 22.375 loading class java/util/LinkedList$ListItr done
Event: 22.375 loading class com/sun/prism/ResourceFactoryListener
Event: 22.375 loading class com/sun/prism/ResourceFactoryListener done
Event: 22.376 Thread 0x0000000016633800 Thread exited: 0x0000000016633800
Event: 22.376 Thread 0x0000000014d14800 Thread exited: 0x0000000014d14800
Event: 22.376 Executing VM operation: Exit


Dynamic libraries:
0x00007ff64cf20000 - 0x00007ff64cf57000 	C:\Program Files\Java\jdk1.8.0_231\bin\java.exe
0x00007ffb10b80000 - 0x00007ffb10d70000 	C:\Windows\SYSTEM32\ntdll.dll
0x00007ffb0f1a0000 - 0x00007ffb0f252000 	C:\Windows\System32\KERNEL32.DLL
0x00007ffb0e100000 - 0x00007ffb0e3a3000 	C:\Windows\System32\KERNELBASE.dll
0x00007ffb0f660000 - 0x00007ffb0f703000 	C:\Windows\System32\ADVAPI32.dll
0x00007ffb0f3d0000 - 0x00007ffb0f46e000 	C:\Windows\System32\msvcrt.dll
0x00007ffb0f0a0000 - 0x00007ffb0f137000 	C:\Windows\System32\sechost.dll
0x00007ffb0f540000 - 0x00007ffb0f660000 	C:\Windows\System32\RPCRT4.dll
0x00007ffb10630000 - 0x00007ffb107c4000 	C:\Windows\System32\USER32.dll
0x00007ffb0eb50000 - 0x00007ffb0eb71000 	C:\Windows\System32\win32u.dll
0x00007ffb107d0000 - 0x00007ffb107f6000 	C:\Windows\System32\GDI32.dll
0x00007ffb0dc10000 - 0x00007ffb0dda4000 	C:\Windows\System32\gdi32full.dll
0x00007ffb0db10000 - 0x00007ffb0dbae000 	C:\Windows\System32\msvcp_win.dll
0x00007ffb0df00000 - 0x00007ffb0dffa000 	C:\Windows\System32\ucrtbase.dll
0x00007ffafc350000 - 0x00007ffafc5d5000 	C:\Windows\WinSxS\amd64_microsoft.windows.common-controls_6595b64144ccf1df_6.0.18362.535_none_e6c3b34713100821\COMCTL32.dll
0x00007ffb102f0000 - 0x00007ffb10626000 	C:\Windows\System32\combase.dll
0x00007ffb0eb80000 - 0x00007ffb0ec00000 	C:\Windows\System32\bcryptPrimitives.dll
0x00007ffb0f260000 - 0x00007ffb0f28e000 	C:\Windows\System32\IMM32.DLL
0x00000000522a0000 - 0x0000000052372000 	C:\Program Files\Java\jdk1.8.0_231\jre\bin\msvcr100.dll
0x00000000519f0000 - 0x0000000052296000 	C:\Program Files\Java\jdk1.8.0_231\jre\bin\server\jvm.dll
0x00007ffb10820000 - 0x00007ffb10828000 	C:\Windows\System32\PSAPI.DLL
0x00007ffaf9d80000 - 0x00007ffaf9d89000 	C:\Windows\SYSTEM32\WSOCK32.dll
0x00007ffb0f4d0000 - 0x00007ffb0f53f000 	C:\Windows\System32\WS2_32.dll
0x00007ffb0b1d0000 - 0x00007ffb0b1f4000 	C:\Windows\SYSTEM32\WINMM.dll
0x00007ffb06940000 - 0x00007ffb0694a000 	C:\Windows\SYSTEM32\VERSION.dll
0x00007ffb0b0a0000 - 0x00007ffb0b0cd000 	C:\Windows\SYSTEM32\winmmbase.dll
0x00007ffb0e000000 - 0x00007ffb0e04a000 	C:\Windows\System32\cfgmgr32.dll
0x00007ffb0b2b0000 - 0x00007ffb0b2bf000 	C:\Program Files\Java\jdk1.8.0_231\jre\bin\verify.dll
0x00007ffafaab0000 - 0x00007ffafaad9000 	C:\Program Files\Java\jdk1.8.0_231\jre\bin\java.dll
0x00007ffaf32b0000 - 0x00007ffaf32d3000 	C:\Program Files\Java\jdk1.8.0_231\jre\bin\instrument.dll
0x00007ffaff230000 - 0x00007ffaff246000 	C:\Program Files\Java\jdk1.8.0_231\jre\bin\zip.dll
0x00007ffb0f710000 - 0x00007ffb0fdf5000 	C:\Windows\System32\SHELL32.dll
0x00007ffb0fe10000 - 0x00007ffb0feb9000 	C:\Windows\System32\shcore.dll
0x00007ffb0e3b0000 - 0x00007ffb0eb2f000 	C:\Windows\System32\windows.storage.dll
0x00007ffb0daf0000 - 0x00007ffb0db0f000 	C:\Windows\System32\profapi.dll
0x00007ffb0daa0000 - 0x00007ffb0daea000 	C:\Windows\System32\powrprof.dll
0x00007ffb0da50000 - 0x00007ffb0da60000 	C:\Windows\System32\UMPDC.dll
0x00007ffb0ff40000 - 0x00007ffb0ff92000 	C:\Windows\System32\shlwapi.dll
0x00007ffb0da60000 - 0x00007ffb0da71000 	C:\Windows\System32\kernel.appcore.dll
0x00007ffb0eb30000 - 0x00007ffb0eb47000 	C:\Windows\System32\cryptsp.dll
0x00007ffaf3290000 - 0x00007ffaf32aa000 	C:\Program Files\JetBrains\IntelliJ IDEA 2019.2.3\bin\breakgen64.dll
0x00007ffafdce0000 - 0x00007ffafdcfa000 	C:\Program Files\Java\jdk1.8.0_231\jre\bin\net.dll
0x00007ffb0d2c0000 - 0x00007ffb0d327000 	C:\Windows\system32\mswsock.dll
0x0000000000b90000 - 0x0000000000b93000 	C:\Program Files\Java\jdk1.8.0_231\jre\bin\api-ms-win-core-console-l1-1-0.dll
0x0000000000ba0000 - 0x0000000000ba3000 	C:\Program Files\Java\jdk1.8.0_231\jre\bin\api-ms-win-core-datetime-l1-1-0.dll
0x0000000000bb0000 - 0x0000000000bb3000 	C:\Program Files\Java\jdk1.8.0_231\jre\bin\api-ms-win-core-debug-l1-1-0.dll
0x0000000000bc0000 - 0x0000000000bc3000 	C:\Program Files\Java\jdk1.8.0_231\jre\bin\api-ms-win-core-errorhandling-l1-1-0.dll
0x0000000000bd0000 - 0x0000000000bd4000 	C:\Program Files\Java\jdk1.8.0_231\jre\bin\api-ms-win-core-file-l1-1-0.dll
0x0000000000be0000 - 0x0000000000be3000 	C:\Program Files\Java\jdk1.8.0_231\jre\bin\api-ms-win-core-file-l1-2-0.dll
0x0000000000c00000 - 0x0000000000c03000 	C:\Program Files\Java\jdk1.8.0_231\jre\bin\api-ms-win-core-file-l2-1-0.dll
0x0000000000c10000 - 0x0000000000c13000 	C:\Program Files\Java\jdk1.8.0_231\jre\bin\api-ms-win-core-handle-l1-1-0.dll
0x0000000000c30000 - 0x0000000000c33000 	C:\Program Files\Java\jdk1.8.0_231\jre\bin\api-ms-win-core-heap-l1-1-0.dll
0x0000000000c40000 - 0x0000000000c43000 	C:\Program Files\Java\jdk1.8.0_231\jre\bin\api-ms-win-core-interlocked-l1-1-0.dll
0x0000000000c50000 - 0x0000000000c53000 	C:\Program Files\Java\jdk1.8.0_231\jre\bin\api-ms-win-core-libraryloader-l1-1-0.dll
0x0000000016d70000 - 0x0000000016d73000 	C:\Program Files\Java\jdk1.8.0_231\jre\bin\api-ms-win-core-localization-l1-2-0.dll
0x0000000016d80000 - 0x0000000016d83000 	C:\Program Files\Java\jdk1.8.0_231\jre\bin\api-ms-win-core-memory-l1-1-0.dll
0x0000000016d90000 - 0x0000000016d93000 	C:\Program Files\Java\jdk1.8.0_231\jre\bin\api-ms-win-core-namedpipe-l1-1-0.dll
0x0000000016da0000 - 0x0000000016da3000 	C:\Program Files\Java\jdk1.8.0_231\jre\bin\api-ms-win-core-processenvironment-l1-1-0.dll
0x0000000016db0000 - 0x0000000016db3000 	C:\Program Files\Java\jdk1.8.0_231\jre\bin\api-ms-win-core-processthreads-l1-1-0.dll
0x0000000016dc0000 - 0x0000000016dc3000 	C:\Program Files\Java\jdk1.8.0_231\jre\bin\api-ms-win-core-processthreads-l1-1-1.dll
0x0000000016dd0000 - 0x0000000016dd3000 	C:\Program Files\Java\jdk1.8.0_231\jre\bin\api-ms-win-core-profile-l1-1-0.dll
0x0000000016de0000 - 0x0000000016de3000 	C:\Program Files\Java\jdk1.8.0_231\jre\bin\api-ms-win-core-rtlsupport-l1-1-0.dll
0x0000000016df0000 - 0x0000000016df3000 	C:\Program Files\Java\jdk1.8.0_231\jre\bin\api-ms-win-core-string-l1-1-0.dll
0x0000000016e00000 - 0x0000000016e03000 	C:\Program Files\Java\jdk1.8.0_231\jre\bin\api-ms-win-core-synch-l1-1-0.dll
0x0000000016e10000 - 0x0000000016e13000 	C:\Program Files\Java\jdk1.8.0_231\jre\bin\api-ms-win-core-synch-l1-2-0.dll
0x0000000016e20000 - 0x0000000016e23000 	C:\Program Files\Java\jdk1.8.0_231\jre\bin\api-ms-win-core-sysinfo-l1-1-0.dll
0x0000000016e30000 - 0x0000000016e33000 	C:\Program Files\Java\jdk1.8.0_231\jre\bin\api-ms-win-core-timezone-l1-1-0.dll
0x0000000016e40000 - 0x0000000016e43000 	C:\Program Files\Java\jdk1.8.0_231\jre\bin\api-ms-win-core-util-l1-1-0.dll
0x0000000016e50000 - 0x0000000016e53000 	C:\Program Files\Java\jdk1.8.0_231\jre\bin\api-ms-win-crt-conio-l1-1-0.dll
0x0000000016e60000 - 0x0000000016e64000 	C:\Program Files\Java\jdk1.8.0_231\jre\bin\api-ms-win-crt-convert-l1-1-0.dll
0x0000000016e70000 - 0x0000000016e73000 	C:\Program Files\Java\jdk1.8.0_231\jre\bin\api-ms-win-crt-environment-l1-1-0.dll
0x0000000016e80000 - 0x0000000016e83000 	C:\Program Files\Java\jdk1.8.0_231\jre\bin\api-ms-win-crt-filesystem-l1-1-0.dll
0x0000000016e90000 - 0x0000000016e93000 	C:\Program Files\Java\jdk1.8.0_231\jre\bin\api-ms-win-crt-heap-l1-1-0.dll
0x0000000016ea0000 - 0x0000000016ea3000 	C:\Program Files\Java\jdk1.8.0_231\jre\bin\api-ms-win-crt-locale-l1-1-0.dll
0x0000000016eb0000 - 0x0000000016eb5000 	C:\Program Files\Java\jdk1.8.0_231\jre\bin\api-ms-win-crt-math-l1-1-0.dll
0x0000000016ec0000 - 0x0000000016ec5000 	C:\Program Files\Java\jdk1.8.0_231\jre\bin\api-ms-win-crt-multibyte-l1-1-0.dll
0x0000000016ed0000 - 0x0000000016ee0000 	C:\Program Files\Java\jdk1.8.0_231\jre\bin\api-ms-win-crt-private-l1-1-0.dll
0x0000000016ee0000 - 0x0000000016ee3000 	C:\Program Files\Java\jdk1.8.0_231\jre\bin\api-ms-win-crt-process-l1-1-0.dll
0x0000000016ef0000 - 0x0000000016ef4000 	C:\Program Files\Java\jdk1.8.0_231\jre\bin\api-ms-win-crt-runtime-l1-1-0.dll
0x0000000016f00000 - 0x0000000016f04000 	C:\Program Files\Java\jdk1.8.0_231\jre\bin\api-ms-win-crt-stdio-l1-1-0.dll
0x0000000016f10000 - 0x0000000016f14000 	C:\Program Files\Java\jdk1.8.0_231\jre\bin\api-ms-win-crt-string-l1-1-0.dll
0x0000000016f20000 - 0x0000000016f23000 	C:\Program Files\Java\jdk1.8.0_231\jre\bin\api-ms-win-crt-time-l1-1-0.dll
0x0000000016f30000 - 0x0000000016f33000 	C:\Program Files\Java\jdk1.8.0_231\jre\bin\api-ms-win-crt-utility-l1-1-0.dll
0x00007ffad6f40000 - 0x00007ffad703c000 	C:\Program Files\Java\jdk1.8.0_231\jre\bin\ucrtbase.dll
0x00007ffaf3270000 - 0x00007ffaf3285000 	C:\Program Files\Java\jdk1.8.0_231\jre\bin\vcruntime140.dll
0x00007ffaeace0000 - 0x00007ffaead7b000 	C:\Program Files\Java\jdk1.8.0_231\jre\bin\msvcp140.dll
0x00007ffaf2bf0000 - 0x00007ffaf2c41000 	C:\Program Files\Java\jdk1.8.0_231\jre\bin\concrt140.dll
0x00007ffaf07d0000 - 0x00007ffaf07f3000 	C:\Program Files\Java\jdk1.8.0_231\jre\bin\prism_d3d.dll
0x00007ffad7d20000 - 0x00007ffad7ee7000 	C:\Windows\system32\d3d9.dll
0x00007ffb0be40000 - 0x00007ffb0be6d000 	C:\Windows\SYSTEM32\dwmapi.dll
0x00007ffb0c6c0000 - 0x00007ffb0c6e0000 	C:\Windows\SYSTEM32\dxcore.dll
0x00007ffb0b980000 - 0x00007ffb0ba19000 	C:\Windows\system32\uxtheme.dll
0x00007ffaebc80000 - 0x00007ffaebcc5000 	C:\Program Files\Java\jdk1.8.0_231\jre\bin\glass.dll
0x00007ffb100e0000 - 0x00007ffb101b0000 	C:\Windows\System32\COMDLG32.dll
0x00007ffb109e0000 - 0x00007ffb10b36000 	C:\Windows\System32\ole32.dll
0x00007ffb101b0000 - 0x00007ffb10274000 	C:\Windows\System32\OLEAUT32.dll
0x00007ffb0ffa0000 - 0x00007ffb100d5000 	C:\Windows\System32\MSCTF.dll
0x00007ffaedc00000 - 0x00007ffaedc2c000 	C:\Program Files\Java\jdk1.8.0_231\jre\bin\javafx_iio.dll
0x00007ffaf3250000 - 0x00007ffaf3264000 	C:\Program Files\Java\jdk1.8.0_231\jre\bin\javafx_font.dll
0x00007ffb061d0000 - 0x00007ffb064ce000 	C:\Windows\SYSTEM32\dwrite.dll
0x00007ffb0f290000 - 0x00007ffb0f332000 	C:\Windows\System32\clbcatq.dll
0x00007ffb05bb0000 - 0x00007ffb05d5f000 	C:\Windows\SYSTEM32\WindowsCodecs.dll
0x00007ffafdd80000 - 0x00007ffafddba000 	C:\Windows\system32\dataexchange.dll
0x00007ffb09ac0000 - 0x00007ffb09d1b000 	C:\Windows\system32\d3d11.dll
0x00007ffb0aa70000 - 0x00007ffb0ac4b000 	C:\Windows\system32\dcomp.dll
0x00007ffb0c750000 - 0x00007ffb0c83b000 	C:\Windows\system32\dxgi.dll
0x00007ffb0baf0000 - 0x00007ffb0bd4a000 	C:\Windows\system32\twinapi.appcore.dll
0x00007ffb0bf50000 - 0x00007ffb0bf79000 	C:\Windows\system32\RMCLIENT.dll
0x00007ffaeae70000 - 0x00007ffaeaea3000 	C:\Program Files\Common Files\Microsoft Shared\Ink\rtscom.dll
0x00007ffb096b0000 - 0x00007ffb0974e000 	C:\Windows\System32\TextInputFramework.dll
0x00007ffb065d0000 - 0x00007ffb068fa000 	C:\Windows\System32\CoreUIComponents.dll
0x00007ffb0ac50000 - 0x00007ffb0ad24000 	C:\Windows\System32\CoreMessaging.dll
0x00007ffb08c60000 - 0x00007ffb08db3000 	C:\Windows\SYSTEM32\wintypes.dll
0x00007ffb0cab0000 - 0x00007ffb0cae1000 	C:\Windows\SYSTEM32\ntmarta.dll
0x00007ffafea40000 - 0x00007ffafece6000 	C:\Windows\System32\iertutil.dll
0x00007ffaeac30000 - 0x00007ffaeac41000 	C:\Program Files\Java\jdk1.8.0_231\jre\bin\prism_common.dll
0x00007ffb0c370000 - 0x00007ffb0c564000 	C:\Windows\SYSTEM32\dbghelp.dll

VM Arguments:
jvm_args: -javaagent:C:\Program Files\JetBrains\IntelliJ IDEA 2019.2.3\lib\idea_rt.jar=64577:C:\Program Files\JetBrains\IntelliJ IDEA 2019.2.3\bin -Dfile.encoding=UTF-8 
java_command: sample.Main
java_class_path (initial): C:\Program Files\Java\jdk1.8.0_231\jre\lib\charsets.jar;C:\Program Files\Java\jdk1.8.0_231\jre\lib\deploy.jar;C:\Program Files\Java\jdk1.8.0_231\jre\lib\ext\access-bridge-64.jar;C:\Program Files\Java\jdk1.8.0_231\jre\lib\ext\cldrdata.jar;C:\Program Files\Java\jdk1.8.0_231\jre\lib\ext\dnsns.jar;C:\Program Files\Java\jdk1.8.0_231\jre\lib\ext\jaccess.jar;C:\Program Files\Java\jdk1.8.0_231\jre\lib\ext\jfxrt.jar;C:\Program Files\Java\jdk1.8.0_231\jre\lib\ext\localedata.jar;C:\Program Files\Java\jdk1.8.0_231\jre\lib\ext\nashorn.jar;C:\Program Files\Java\jdk1.8.0_231\jre\lib\ext\sunec.jar;C:\Program Files\Java\jdk1.8.0_231\jre\lib\ext\sunjce_provider.jar;C:\Program Files\Java\jdk1.8.0_231\jre\lib\ext\sunmscapi.jar;C:\Program Files\Java\jdk1.8.0_231\jre\lib\ext\sunpkcs11.jar;C:\Program Files\Java\jdk1.8.0_231\jre\lib\ext\zipfs.jar;C:\Program Files\Java\jdk1.8.0_231\jre\lib\javaws.jar;C:\Program Files\Java\jdk1.8.0_231\jre\lib\jce.jar;C:\Program Files\Java\jdk1.8.0_231\jre\lib\jfr.jar;C:\Program Files\Java\jdk1.8.0_231\jre\lib\jfxswt.jar;C:\Program Files\Java\jdk1.8.0_231\jre\lib\jsse.jar;C:\Program Files\Java\jdk1.8.0_231\jre\lib\management-agent.jar;C:\Program Files\Java\jdk1.8.0_231\jre\lib\plugin.jar;C:\Program Files\Java\jdk1.8.0_231\jre\lib\resources.jar;C:\Program Files\Java\jdk1.8.0_231\jre\lib\rt.jar;C:\Users\DELL\IdeaProjects\Crime_game\out\production\Crime_game;C:\Program Files\JetBrains\IntelliJ IDEA 2019.2.3\lib\idea_rt.jar
Launcher Type: SUN_STANDARD

Environment Variables:
JAVA_HOME=C:\Program Files\Java\jdk1.8.0_231
PATH=C:\Program Files\Java\jdk1.8.0_231\bin;C:\Program Files (x86)\Common Files\Oracle\Java\javapath;C:\Windows\system32;C:\Windows;C:\Windows\System32\Wbem;C:\Windows\System32\WindowsPowerShell\v1.0\;C:\Windows\System32\OpenSSH\;C:\Program Files\Git\cmd;C:\Program Files\Git\mingw64\bin;C:\Program Files\Git\usr\bin;C:\gradle-5.6.4\bin;;C:\Users\DELL\AppData\Local\Programs\Microsoft VS Code\bin
USERNAME=DELL
OS=Windows_NT
PROCESSOR_IDENTIFIER=Intel64 Family 6 Model 142 Stepping 9, GenuineIntel



---------------  S Y S T E M  ---------------

OS: Windows 10.0 , 64 bit Build 18362 (10.0.18362.329)

CPU:total 4 (initial active 4) (2 cores per cpu, 2 threads per core) family 6 model 142 stepping 9, cmov, cx8, fxsr, mmx, sse, sse2, sse3, ssse3, sse4.1, sse4.2, popcnt, avx, avx2, aes, clmul, erms, 3dnowpref, lzcnt, ht, tsc, tscinvbit, bmi1, bmi2, adx

Memory: 4k page, physical 4089796k(671196k free), swap 13002692k(6804664k free)

vm_info: Java HotSpot(TM) 64-Bit Server VM (25.231-b11) for windows-amd64 JRE (1.8.0_231-b11), built on Oct  5 2019 03:11:30 by "java_re" with MS VC++ 10.0 (VS2010)

time: Fri Jan 10 17:09:33 2020
timezone: Œrodkowoeuropejski czas stand.
elapsed time: 23 seconds (0d 0h 0m 23s)

