#
# A fatal error has been detected by the Java Runtime Environment:
#
#  EXCEPTION_ACCESS_VIOLATION (0xc0000005) at pc=0x00007ffaf2eb65c0, pid=5512, tid=0x0000000000002cf8
#
# JRE version: Java(TM) SE Runtime Environment (8.0_231-b11) (build 1.8.0_231-b11)
# Java VM: Java HotSpot(TM) 64-Bit Server VM (25.231-b11 mixed mode windows-amd64 compressed oops)
# Problematic frame:
# C  [glass.dll+0x265c0]
#
# Failed to write core dump. Minidumps are not enabled by default on client versions of Windows
#
# If you would like to submit a bug report, please visit:
#   http://bugreport.java.com/bugreport/crash.jsp
#

---------------  T H R E A D  ---------------

Current thread (0x0000000015968000):  VMThread [stack: 0x00000000169f0000,0x0000000016af0000] [id=11512]

siginfo: ExceptionCode=0xc0000005, reading address 0x0000000000000000

Registers:
RAX=0x0000000000000000, RBX=0x0000000017bc2dd0, RCX=0x0000000015968000, RDX=0x0000000052023578
RSP=0x0000000016aef530, RBP=0x00000000012ef7a8, RSI=0x00000000012ef780, RDI=0x0000a64cdd2caf82
R8 =0x0000000000010002, R9 =0x0000a64cdd2caf82, R10=0x0000000000008000, R11=0x0000000016aef4d0
R12=0x00007ffaf2eb39e4, R13=0x00000000033a1658, R14=0x0000000016aef638, R15=0x00000000012ef780
RIP=0x00007ffaf2eb65c0, EFLAGS=0x0000000000010206

Top of Stack: (sp=0x0000000016aef530)
0x0000000016aef530:   0000000000000000 00007ffb0df114cb
0x0000000016aef540:   00000000012ef790 00000000012ef780
0x0000000016aef550:   fffffffffffffffe 00007ffaf2eca1b0
0x0000000016aef560:   00000000012ef788 00007ffb0df19d06
0x0000000016aef570:   00000000012ef790 0000000000000000
0x0000000016aef580:   0000000000000000 00007ffb0df19f46
0x0000000016aef590:   fffffffffffffffe 0000000000000000
0x0000000016aef5a0:   0000000000000001 00007ffaf2e90000
0x0000000016aef5b0:   0000000016aef628 00007ffb0df19c2b
0x0000000016aef5c0:   0000000000000000 0000000016aef638
0x0000000016aef5d0:   0000000015875400 00007ffb0dfebc20
0x0000000016aef5e0:   0000000000000000 00007ffb0df19be4
0x0000000016aef5f0:   0000000000000000 0000000000000001
0x0000000016aef600:   0000000000000001 0000000016aef628
0x0000000016aef610:   0000000000000000 00007ffaf2eb3872
0x0000000016aef620:   00007ffaf2ecd128 00007ffb00000002 

Instructions: (pc=0x00007ffaf2eb65c0)
0x00007ffaf2eb65a0:   40 53 48 83 ec 30 48 c7 44 24 20 fe ff ff ff 48
0x00007ffaf2eb65b0:   8b 1d 6a 65 01 00 48 85 db 74 16 e8 b0 85 ff ff
0x00007ffaf2eb65c0:   4c 8b 00 48 8b d3 48 8b c8 41 ff 90 b0 00 00 00
0x00007ffaf2eb65d0:   90 48 83 c4 30 5b c3 cc cc cc cc cc cc cc cc cc 


Register to memory mapping:

RAX=0x0000000000000000 is an unknown value
RBX=0x0000000017bc2dd0 is a global jni handle
RCX=0x0000000015968000 is an unknown value
RDX=0x0000000052023578 is an unknown value
RSP=0x0000000016aef530 is an unknown value
RBP=0x00000000012ef7a8 is an unknown value
RSI=0x00000000012ef780 is an unknown value
RDI=0x0000a64cdd2caf82 is an unknown value
R8 =0x0000000000010002 is an unknown value
R9 =0x0000a64cdd2caf82 is an unknown value
R10=0x0000000000008000 is an unknown value
R11=0x0000000016aef4d0 is an unknown value
R12=0x00007ffaf2eb39e4 is an unknown value
R13=0x00000000033a1658 is an unknown value
R14=0x0000000016aef638 is an unknown value
R15=0x00000000012ef780 is an unknown value


Stack: [0x00000000169f0000,0x0000000016af0000],  sp=0x0000000016aef530,  free space=1021k
Native frames: (J=compiled Java code, j=interpreted, Vv=VM code, C=native code)
C  [glass.dll+0x265c0]
C  [ucrtbase.dll+0x19d06]
C  [ucrtbase.dll+0x19c2b]
C  [ucrtbase.dll+0x19be4]
C  [glass.dll+0x23872]
C  [glass.dll+0x23998]
C  [ntdll.dll+0x250a1]
C  [ntdll.dll+0x6ab02]
C  [ntdll.dll+0x6a9ad]
C  [KERNEL32.DLL+0x1cd8a]
C  [msvcr100.dll+0x20ccd]
V  [jvm.dll+0x2142d5]
V  [jvm.dll+0x24d677]
V  [jvm.dll+0x24c916]
V  [jvm.dll+0x24cdb1]
V  [jvm.dll+0x24cfce]
V  [jvm.dll+0x29fd8a]
C  [msvcr100.dll+0x21d9f]
C  [msvcr100.dll+0x21e3b]
C  [KERNEL32.DLL+0x17bd4]
C  [ntdll.dll+0x6ced1]

VM_Operation (0x00000000187b9a60): Exit, mode: safepoint, requested by thread 0x0000000017b60800


---------------  P R O C E S S  ---------------

Java Threads: ( => current thread )
  0x0000000017d45000 JavaThread "Prism Font Disposer" daemon [_thread_blocked, id=10820, stack(0x0000000023980000,0x0000000023a80000)]
  0x00000000173cc000 JavaThread "JavaFX-Launcher" [_thread_blocked, id=8568, stack(0x000000001f3a0000,0x000000001f4a0000)]
  0x0000000017bda000 JavaThread "Thread-2" daemon [_thread_in_native, id=944, stack(0x000000001f2a0000,0x000000001f3a0000)]
  0x0000000017b60800 JavaThread "JavaFX Application Thread" [_thread_blocked, id=9096, stack(0x00000000186c0000,0x00000000187c0000)]
  0x0000000017b5e000 JavaThread "Thread-1" daemon [_thread_blocked, id=11624, stack(0x00000000185c0000,0x00000000186c0000)]
  0x00000000173ea000 JavaThread "QuantumRenderer-0" daemon [_thread_blocked, id=7892, stack(0x0000000018340000,0x0000000018440000)]
  0x00000000170ac000 JavaThread "Service Thread" daemon [_thread_blocked, id=8264, stack(0x0000000017800000,0x0000000017900000)]
  0x00000000170a8000 JavaThread "C1 CompilerThread2" daemon [_thread_blocked, id=4172, stack(0x0000000017700000,0x0000000017800000)]
  0x00000000159e8000 JavaThread "C2 CompilerThread1" daemon [_thread_blocked, id=7824, stack(0x0000000017600000,0x0000000017700000)]
  0x0000000017043000 JavaThread "C2 CompilerThread0" daemon [_thread_blocked, id=3656, stack(0x0000000017500000,0x0000000017600000)]
  0x00000000159f7000 JavaThread "Monitor Ctrl-Break" daemon [_thread_in_native, id=13796, stack(0x0000000017400000,0x0000000017500000)]
  0x00000000159a7000 JavaThread "Attach Listener" daemon [_thread_blocked, id=11432, stack(0x0000000016f00000,0x0000000017000000)]
  0x00000000159a5800 JavaThread "Signal Dispatcher" daemon [_thread_blocked, id=2140, stack(0x0000000016e00000,0x0000000016f00000)]
  0x00000000032ed000 JavaThread "Finalizer" daemon [_thread_blocked, id=12260, stack(0x0000000016bf0000,0x0000000016cf0000)]
  0x00000000032e4000 JavaThread "Reference Handler" daemon [_thread_blocked, id=8156, stack(0x0000000016af0000,0x0000000016bf0000)]
  0x00000000031f3000 JavaThread "main" [_thread_blocked, id=12632, stack(0x0000000001760000,0x0000000001860000)]

Other Threads:
=>0x0000000015968000 VMThread [stack: 0x00000000169f0000,0x0000000016af0000] [id=11512]

VM state:at safepoint (shutting down)

VM Mutex/Monitor currently owned by a thread:  ([mutex/lock_event])
[0x00000000033adc10] Threads_lock - owner thread: 0x0000000015968000

heap address: 0x00000000c1800000, size: 1000 MB, Compressed Oops mode: 32-bit
Narrow klass base: 0x0000000000000000, Narrow klass shift: 3
Compressed class space size: 1073741824 Address: 0x0000000100000000

Heap:
 PSYoungGen      total 18944K, used 16824K [0x00000000eb300000, 0x00000000ec800000, 0x0000000100000000)
  eden space 16384K, 87% used [0x00000000eb300000,0x00000000ec0f1f78,0x00000000ec300000)
  from space 2560K, 99% used [0x00000000ec300000,0x00000000ec57c298,0x00000000ec580000)
  to   space 2560K, 0% used [0x00000000ec580000,0x00000000ec580000,0x00000000ec800000)
 ParOldGen       total 44032K, used 14346K [0x00000000c1800000, 0x00000000c4300000, 0x00000000eb300000)
  object space 44032K, 32% used [0x00000000c1800000,0x00000000c26028f8,0x00000000c4300000)
 Metaspace       used 15324K, capacity 16066K, committed 16128K, reserved 1062912K
  class space    used 2064K, capacity 2277K, committed 2304K, reserved 1048576K

Card table byte_map: [0x0000000012770000,0x0000000012970000] byte_map_base: 0x0000000012164000

Marking Bits: (ParMarkBitMap*) 0x0000000052216d90
 Begin Bits: [0x0000000012ec0000, 0x0000000013e60000)
 End Bits:   [0x0000000013e60000, 0x0000000014e00000)

Polling page: 0x0000000000ff0000

CodeCache: size=245760Kb used=7829Kb max_used=7845Kb free=237930Kb
 bounds [0x00000000033b0000, 0x0000000003b70000, 0x00000000123b0000]
 total_blobs=3054 nmethods=2401 adapters=563
 compilation: enabled

Compilation events (10 events):
Event: 52.174 Thread 0x00000000170a8000 2418       3       com.sun.javafx.geom.RectBounds::deriveWithUnion (64 bytes)
Event: 52.176 Thread 0x00000000170a8000 nmethod 2418 0x00000000034dc4d0 code [0x00000000034dc6c0, 0x00000000034dd038]
Event: 52.177 Thread 0x00000000170a8000 2417       3       javafx.scene.Scene::access$2800 (6 bytes)
Event: 52.177 Thread 0x00000000170a8000 nmethod 2417 0x00000000034bfb10 code [0x00000000034bfc80, 0x00000000034bff10]
Event: 52.178 Thread 0x00000000170a8000 2419       3       com.sun.javafx.tk.Toolkit::getImageAccessor (4 bytes)
Event: 52.178 Thread 0x00000000170a8000 nmethod 2419 0x00000000034d9a90 code [0x00000000034d9be0, 0x00000000034d9d30]
Event: 52.179 Thread 0x00000000170a8000 2420       1       com.sun.prism.PresentableState::getWidth (5 bytes)
Event: 52.179 Thread 0x00000000170a8000 nmethod 2420 0x00000000034d97d0 code [0x00000000034d9920, 0x00000000034d9a30]
Event: 52.180 Thread 0x00000000170a8000 2421       1       com.sun.prism.PresentableState::getHeight (5 bytes)
Event: 52.181 Thread 0x00000000170a8000 nmethod 2421 0x00000000034d9510 code [0x00000000034d9660, 0x00000000034d9770]

GC Heap History (6 events):
Event: 0.842 GC heap before
{Heap before GC invocations=1 (full 0):
 PSYoungGen      total 18944K, used 13165K [0x00000000eb300000, 0x00000000ec800000, 0x0000000100000000)
  eden space 16384K, 80% used [0x00000000eb300000,0x00000000ebfdb460,0x00000000ec300000)
  from space 2560K, 0% used [0x00000000ec580000,0x00000000ec580000,0x00000000ec800000)
  to   space 2560K, 0% used [0x00000000ec300000,0x00000000ec300000,0x00000000ec580000)
 ParOldGen       total 44032K, used 0K [0x00000000c1800000, 0x00000000c4300000, 0x00000000eb300000)
  object space 44032K, 0% used [0x00000000c1800000,0x00000000c1800000,0x00000000c4300000)
 Metaspace       used 7067K, capacity 7372K, committed 7680K, reserved 1056768K
  class space    used 813K, capacity 904K, committed 1024K, reserved 1048576K
Event: 0.846 GC heap after
Heap after GC invocations=1 (full 0):
 PSYoungGen      total 18944K, used 1664K [0x00000000eb300000, 0x00000000ec800000, 0x0000000100000000)
  eden space 16384K, 0% used [0x00000000eb300000,0x00000000eb300000,0x00000000ec300000)
  from space 2560K, 65% used [0x00000000ec300000,0x00000000ec4a0020,0x00000000ec580000)
  to   space 2560K, 0% used [0x00000000ec580000,0x00000000ec580000,0x00000000ec800000)
 ParOldGen       total 44032K, used 8K [0x00000000c1800000, 0x00000000c4300000, 0x00000000eb300000)
  object space 44032K, 0% used [0x00000000c1800000,0x00000000c1802000,0x00000000c4300000)
 Metaspace       used 7067K, capacity 7372K, committed 7680K, reserved 1056768K
  class space    used 813K, capacity 904K, committed 1024K, reserved 1048576K
}
Event: 1.412 GC heap before
{Heap before GC invocations=2 (full 0):
 PSYoungGen      total 18944K, used 17685K [0x00000000eb300000, 0x00000000ec800000, 0x0000000100000000)
  eden space 16384K, 97% used [0x00000000eb300000,0x00000000ec2a54e0,0x00000000ec300000)
  from space 2560K, 65% used [0x00000000ec300000,0x00000000ec4a0020,0x00000000ec580000)
  to   space 2560K, 0% used [0x00000000ec580000,0x00000000ec580000,0x00000000ec800000)
 ParOldGen       total 44032K, used 8K [0x00000000c1800000, 0x00000000c4300000, 0x00000000eb300000)
  object space 44032K, 0% used [0x00000000c1800000,0x00000000c1802000,0x00000000c4300000)
 Metaspace       used 9951K, capacity 10326K, committed 10496K, reserved 1058816K
  class space    used 1291K, capacity 1410K, committed 1536K, reserved 1048576K
Event: 1.418 GC heap after
Heap after GC invocations=2 (full 0):
 PSYoungGen      total 18944K, used 2553K [0x00000000eb300000, 0x00000000ec800000, 0x0000000100000000)
  eden space 16384K, 0% used [0x00000000eb300000,0x00000000eb300000,0x00000000ec300000)
  from space 2560K, 99% used [0x00000000ec580000,0x00000000ec7fe5d8,0x00000000ec800000)
  to   space 2560K, 0% used [0x00000000ec300000,0x00000000ec300000,0x00000000ec580000)
 ParOldGen       total 44032K, used 6895K [0x00000000c1800000, 0x00000000c4300000, 0x00000000eb300000)
  object space 44032K, 15% used [0x00000000c1800000,0x00000000c1ebbf30,0x00000000c4300000)
 Metaspace       used 9951K, capacity 10326K, committed 10496K, reserved 1058816K
  class space    used 1291K, capacity 1410K, committed 1536K, reserved 1048576K
}
Event: 2.179 GC heap before
{Heap before GC invocations=3 (full 0):
 PSYoungGen      total 18944K, used 18937K [0x00000000eb300000, 0x00000000ec800000, 0x0000000100000000)
  eden space 16384K, 100% used [0x00000000eb300000,0x00000000ec300000,0x00000000ec300000)
  from space 2560K, 99% used [0x00000000ec580000,0x00000000ec7fe5d8,0x00000000ec800000)
  to   space 2560K, 0% used [0x00000000ec300000,0x00000000ec300000,0x00000000ec580000)
 ParOldGen       total 44032K, used 6895K [0x00000000c1800000, 0x00000000c4300000, 0x00000000eb300000)
  object space 44032K, 15% used [0x00000000c1800000,0x00000000c1ebbf30,0x00000000c4300000)
 Metaspace       used 13111K, capacity 13614K, committed 13824K, reserved 1060864K
  class space    used 1817K, capacity 1948K, committed 2048K, reserved 1048576K
Event: 2.187 GC heap after
Heap after GC invocations=3 (full 0):
 PSYoungGen      total 18944K, used 2544K [0x00000000eb300000, 0x00000000ec800000, 0x0000000100000000)
  eden space 16384K, 0% used [0x00000000eb300000,0x00000000eb300000,0x00000000ec300000)
  from space 2560K, 99% used [0x00000000ec300000,0x00000000ec57c298,0x00000000ec580000)
  to   space 2560K, 0% used [0x00000000ec580000,0x00000000ec580000,0x00000000ec800000)
 ParOldGen       total 44032K, used 14346K [0x00000000c1800000, 0x00000000c4300000, 0x00000000eb300000)
  object space 44032K, 32% used [0x00000000c1800000,0x00000000c26028f8,0x00000000c4300000)
 Metaspace       used 13111K, capacity 13614K, committed 13824K, reserved 1060864K
  class space    used 1817K, capacity 1948K, committed 2048K, reserved 1048576K
}

Deoptimization events (10 events):
Event: 2.367 Thread 0x00000000173ea000 Uncommon trap: reason=unstable_if action=reinterpret pc=0x00000000037e1b7c method=java.io.BufferedInputStream.read1([BII)I @ 60
Event: 3.567 Thread 0x0000000017b60800 Uncommon trap: reason=unstable_if action=reinterpret pc=0x000000000381e424 method=jdk.internal.org.objectweb.asm.Type.getArgumentsAndReturnSizes(Ljava/lang/String;)I @ 47
Event: 3.624 Thread 0x0000000017b60800 Uncommon trap: reason=unstable_if action=reinterpret pc=0x00000000036bc52c method=com.sun.javafx.image.impl.ByteBgra$ToByteBgraPreConv.doConvert([BII[BIIII)V @ 75
Event: 34.515 Thread 0x0000000017b60800 Uncommon trap: reason=null_assert action=make_not_entrant pc=0x00000000039fbb98 method=javafx.scene.Node.getClip()Ljavafx/scene/Node; @ 4
Event: 34.515 Thread 0x0000000017b60800 Uncommon trap: reason=null_assert action=make_not_entrant pc=0x00000000039fb44c method=javafx.scene.Node.getEffect()Ljavafx/scene/effect/Effect; @ 4
Event: 35.836 Thread 0x0000000017b60800 Uncommon trap: reason=null_assert action=make_not_entrant pc=0x0000000003a1ee80 method=javafx.scene.Node.isDisable()Z @ 4
Event: 35.837 Thread 0x0000000017b60800 Uncommon trap: reason=null_assert action=make_not_entrant pc=0x0000000003a197e4 method=javafx.scene.Node.getEffect()Ljavafx/scene/effect/Effect; @ 4
Event: 38.244 Thread 0x0000000017b60800 Uncommon trap: reason=unstable_if action=reinterpret pc=0x0000000003628220 method=java.lang.AbstractStringBuilder.append(Ljava/lang/String;)Ljava/lang/AbstractStringBuilder; @ 1
Event: 39.444 Thread 0x0000000017b60800 Uncommon trap: reason=unstable_if action=reinterpret pc=0x0000000003ad8ad4 method=javafx.scene.Node.impl_intersectsBounds(Lcom/sun/javafx/geom/PickRay;)D @ 814
Event: 47.301 Thread 0x0000000017b60800 Uncommon trap: reason=unstable_if action=reinterpret pc=0x000000000395ebd8 method=javafx.scene.Node.getProperties()Ljavafx/collections/ObservableMap; @ 4

Classes redefined (0 events):
No events

Internal exceptions (10 events):
Event: 0.372 Thread 0x00000000031f3000 Exception <a 'java/security/PrivilegedActionException'> (0x00000000eb6f16e8) thrown at [C:\re\workspace\8-2-build-windows-amd64-cygwin\jdk8u231\13620\hotspot\src\share\vm\prims\jvm.cpp, line 1502]
Event: 0.372 Thread 0x00000000031f3000 Exception <a 'java/security/PrivilegedActionException'> (0x00000000eb6f18f8) thrown at [C:\re\workspace\8-2-build-windows-amd64-cygwin\jdk8u231\13620\hotspot\src\share\vm\prims\jvm.cpp, line 1502]
Event: 0.372 Thread 0x00000000031f3000 Exception <a 'java/lang/NullPointerException'> (0x00000000eb6f2300) thrown at [C:\re\workspace\8-2-build-windows-amd64-cygwin\jdk8u231\13620\hotspot\src\share\vm\interpreter\linkResolver.cpp, line 1185]
Event: 0.413 Thread 0x00000000031f3000 Implicit null exception at 0x00000000034d1555 to 0x00000000034d1719
Event: 1.152 Thread 0x0000000017b60800 Exception <a 'java/lang/NullPointerException'> (0x00000000ebb3ef58) thrown at [C:\re\workspace\8-2-build-windows-amd64-cygwin\jdk8u231\13620\hotspot\src\share\vm\interpreter\linkResolver.cpp, line 1185]
Event: 1.152 Thread 0x0000000017b60800 Exception <a 'java/lang/NullPointerException'> (0x00000000ebb3ef58) thrown at [C:\re\workspace\8-2-build-windows-amd64-cygwin\jdk8u231\13620\hotspot\src\share\vm\prims\jvm.cpp, line 1506]
Event: 1.633 Thread 0x0000000017b60800 Implicit null exception at 0x000000000369dbf5 to 0x000000000369ddcd
Event: 1.910 Thread 0x0000000017b60800 Exception <a 'java/io/FileNotFoundException'> (0x00000000ebf543b0) thrown at [C:\re\workspace\8-2-build-windows-amd64-cygwin\jdk8u231\13620\hotspot\src\share\vm\prims\jni.cpp, line 710]
Event: 38.244 Thread 0x0000000017b60800 Implicit null exception at 0x0000000003627e54 to 0x0000000003628209
Event: 52.256 Thread 0x0000000017c5b000 Exception <a 'java/lang/IllegalStateException'> (0x00000000ec0e4160) thrown at [C:\re\workspace\8-2-build-windows-amd64-cygwin\jdk8u231\13620\hotspot\src\share\vm\prims\jvm.cpp, line 1506]

Events (10 events):
Event: 52.255 loading class com/sun/javafx/tk/quantum/QuantumRenderer
Event: 52.255 loading class com/sun/javafx/tk/quantum/QuantumRenderer done
Event: 52.256 loading class com/sun/javafx/tk/quantum/QuantumToolkit
Event: 52.256 loading class com/sun/javafx/tk/quantum/QuantumToolkit done
Event: 52.256 loading class java/util/LinkedList$ListItr
Event: 52.256 loading class java/util/LinkedList$ListItr done
Event: 52.256 loading class com/sun/prism/ResourceFactoryListener
Event: 52.256 loading class com/sun/prism/ResourceFactoryListener done
Event: 52.256 Thread 0x0000000017c5b000 Thread exited: 0x0000000017c5b000
Event: 52.256 Executing VM operation: Exit


Dynamic libraries:
0x00007ff73e660000 - 0x00007ff73e697000 	C:\Program Files\Java\jdk1.8.0_231\bin\java.exe
0x00007ffb10b80000 - 0x00007ffb10d70000 	C:\Windows\SYSTEM32\ntdll.dll
0x00007ffb0f1a0000 - 0x00007ffb0f252000 	C:\Windows\System32\KERNEL32.DLL
0x00007ffb0e100000 - 0x00007ffb0e3a3000 	C:\Windows\System32\KERNELBASE.dll
0x00007ffb0f660000 - 0x00007ffb0f703000 	C:\Windows\System32\ADVAPI32.dll
0x00007ffb0f3d0000 - 0x00007ffb0f46e000 	C:\Windows\System32\msvcrt.dll
0x00007ffb0f0a0000 - 0x00007ffb0f137000 	C:\Windows\System32\sechost.dll
0x00007ffb0f540000 - 0x00007ffb0f660000 	C:\Windows\System32\RPCRT4.dll
0x00007ffb10630000 - 0x00007ffb107c4000 	C:\Windows\System32\USER32.dll
0x00007ffb0eb50000 - 0x00007ffb0eb71000 	C:\Windows\System32\win32u.dll
0x00007ffb107d0000 - 0x00007ffb107f6000 	C:\Windows\System32\GDI32.dll
0x00007ffb0dc10000 - 0x00007ffb0dda4000 	C:\Windows\System32\gdi32full.dll
0x00007ffb0db10000 - 0x00007ffb0dbae000 	C:\Windows\System32\msvcp_win.dll
0x00007ffb0df00000 - 0x00007ffb0dffa000 	C:\Windows\System32\ucrtbase.dll
0x00007ffafc350000 - 0x00007ffafc5d5000 	C:\Windows\WinSxS\amd64_microsoft.windows.common-controls_6595b64144ccf1df_6.0.18362.535_none_e6c3b34713100821\COMCTL32.dll
0x00007ffb102f0000 - 0x00007ffb10626000 	C:\Windows\System32\combase.dll
0x00007ffb0eb80000 - 0x00007ffb0ec00000 	C:\Windows\System32\bcryptPrimitives.dll
0x00007ffb0f260000 - 0x00007ffb0f28e000 	C:\Windows\System32\IMM32.DLL
0x00000000522a0000 - 0x0000000052372000 	C:\Program Files\Java\jdk1.8.0_231\jre\bin\msvcr100.dll
0x00000000519f0000 - 0x0000000052296000 	C:\Program Files\Java\jdk1.8.0_231\jre\bin\server\jvm.dll
0x00007ffb10820000 - 0x00007ffb10828000 	C:\Windows\System32\PSAPI.DLL
0x00007ffaf9d80000 - 0x00007ffaf9d89000 	C:\Windows\SYSTEM32\WSOCK32.dll
0x00007ffb0b1d0000 - 0x00007ffb0b1f4000 	C:\Windows\SYSTEM32\WINMM.dll
0x00007ffb0f4d0000 - 0x00007ffb0f53f000 	C:\Windows\System32\WS2_32.dll
0x00007ffb06940000 - 0x00007ffb0694a000 	C:\Windows\SYSTEM32\VERSION.dll
0x00007ffb0b0a0000 - 0x00007ffb0b0cd000 	C:\Windows\SYSTEM32\WINMMBASE.dll
0x00007ffb0e000000 - 0x00007ffb0e04a000 	C:\Windows\System32\cfgmgr32.dll
0x00007ffaf0370000 - 0x00007ffaf037f000 	C:\Program Files\Java\jdk1.8.0_231\jre\bin\verify.dll
0x00007ffaeb920000 - 0x00007ffaeb949000 	C:\Program Files\Java\jdk1.8.0_231\jre\bin\java.dll
0x00007ffafbdb0000 - 0x00007ffafbdd3000 	C:\Program Files\Java\jdk1.8.0_231\jre\bin\instrument.dll
0x00007ffaeb840000 - 0x00007ffaeb856000 	C:\Program Files\Java\jdk1.8.0_231\jre\bin\zip.dll
0x00007ffb0f710000 - 0x00007ffb0fdf5000 	C:\Windows\System32\SHELL32.dll
0x00007ffb0fe10000 - 0x00007ffb0feb9000 	C:\Windows\System32\shcore.dll
0x00007ffb0e3b0000 - 0x00007ffb0eb2f000 	C:\Windows\System32\windows.storage.dll
0x00007ffb0daf0000 - 0x00007ffb0db0f000 	C:\Windows\System32\profapi.dll
0x00007ffb0daa0000 - 0x00007ffb0daea000 	C:\Windows\System32\powrprof.dll
0x00007ffb0da50000 - 0x00007ffb0da60000 	C:\Windows\System32\UMPDC.dll
0x00007ffb0ff40000 - 0x00007ffb0ff92000 	C:\Windows\System32\shlwapi.dll
0x00007ffb0da60000 - 0x00007ffb0da71000 	C:\Windows\System32\kernel.appcore.dll
0x00007ffb0eb30000 - 0x00007ffb0eb47000 	C:\Windows\System32\cryptsp.dll
0x00007ffb06050000 - 0x00007ffb0606a000 	C:\Program Files\JetBrains\IntelliJ IDEA 2019.2.3\bin\breakgen64.dll
0x00007ffae27e0000 - 0x00007ffae27fa000 	C:\Program Files\Java\jdk1.8.0_231\jre\bin\net.dll
0x00007ffb0d2c0000 - 0x00007ffb0d327000 	C:\Windows\system32\mswsock.dll
0x0000000001890000 - 0x0000000001893000 	C:\Program Files\Java\jdk1.8.0_231\jre\bin\api-ms-win-core-console-l1-1-0.dll
0x0000000003050000 - 0x0000000003053000 	C:\Program Files\Java\jdk1.8.0_231\jre\bin\api-ms-win-core-datetime-l1-1-0.dll
0x0000000003060000 - 0x0000000003063000 	C:\Program Files\Java\jdk1.8.0_231\jre\bin\api-ms-win-core-debug-l1-1-0.dll
0x0000000003070000 - 0x0000000003073000 	C:\Program Files\Java\jdk1.8.0_231\jre\bin\api-ms-win-core-errorhandling-l1-1-0.dll
0x0000000003080000 - 0x0000000003084000 	C:\Program Files\Java\jdk1.8.0_231\jre\bin\api-ms-win-core-file-l1-1-0.dll
0x0000000003090000 - 0x0000000003093000 	C:\Program Files\Java\jdk1.8.0_231\jre\bin\api-ms-win-core-file-l1-2-0.dll
0x00000000030a0000 - 0x00000000030a3000 	C:\Program Files\Java\jdk1.8.0_231\jre\bin\api-ms-win-core-file-l2-1-0.dll
0x00000000030b0000 - 0x00000000030b3000 	C:\Program Files\Java\jdk1.8.0_231\jre\bin\api-ms-win-core-handle-l1-1-0.dll
0x00000000031d0000 - 0x00000000031d3000 	C:\Program Files\Java\jdk1.8.0_231\jre\bin\api-ms-win-core-heap-l1-1-0.dll
0x00000000032f0000 - 0x00000000032f3000 	C:\Program Files\Java\jdk1.8.0_231\jre\bin\api-ms-win-core-interlocked-l1-1-0.dll
0x0000000003300000 - 0x0000000003303000 	C:\Program Files\Java\jdk1.8.0_231\jre\bin\api-ms-win-core-libraryloader-l1-1-0.dll
0x0000000003310000 - 0x0000000003313000 	C:\Program Files\Java\jdk1.8.0_231\jre\bin\api-ms-win-core-localization-l1-2-0.dll
0x0000000003320000 - 0x0000000003323000 	C:\Program Files\Java\jdk1.8.0_231\jre\bin\api-ms-win-core-memory-l1-1-0.dll
0x0000000003330000 - 0x0000000003333000 	C:\Program Files\Java\jdk1.8.0_231\jre\bin\api-ms-win-core-namedpipe-l1-1-0.dll
0x0000000003340000 - 0x0000000003343000 	C:\Program Files\Java\jdk1.8.0_231\jre\bin\api-ms-win-core-processenvironment-l1-1-0.dll
0x0000000003350000 - 0x0000000003353000 	C:\Program Files\Java\jdk1.8.0_231\jre\bin\api-ms-win-core-processthreads-l1-1-0.dll
0x0000000003360000 - 0x0000000003363000 	C:\Program Files\Java\jdk1.8.0_231\jre\bin\api-ms-win-core-processthreads-l1-1-1.dll
0x0000000003370000 - 0x0000000003373000 	C:\Program Files\Java\jdk1.8.0_231\jre\bin\api-ms-win-core-profile-l1-1-0.dll
0x0000000003380000 - 0x0000000003383000 	C:\Program Files\Java\jdk1.8.0_231\jre\bin\api-ms-win-core-rtlsupport-l1-1-0.dll
0x0000000003390000 - 0x0000000003393000 	C:\Program Files\Java\jdk1.8.0_231\jre\bin\api-ms-win-core-string-l1-1-0.dll
0x0000000017a00000 - 0x0000000017a03000 	C:\Program Files\Java\jdk1.8.0_231\jre\bin\api-ms-win-core-synch-l1-1-0.dll
0x0000000017a10000 - 0x0000000017a13000 	C:\Program Files\Java\jdk1.8.0_231\jre\bin\api-ms-win-core-synch-l1-2-0.dll
0x0000000017a20000 - 0x0000000017a23000 	C:\Program Files\Java\jdk1.8.0_231\jre\bin\api-ms-win-core-sysinfo-l1-1-0.dll
0x0000000017a30000 - 0x0000000017a33000 	C:\Program Files\Java\jdk1.8.0_231\jre\bin\api-ms-win-core-timezone-l1-1-0.dll
0x0000000017a40000 - 0x0000000017a43000 	C:\Program Files\Java\jdk1.8.0_231\jre\bin\api-ms-win-core-util-l1-1-0.dll
0x0000000017a50000 - 0x0000000017a53000 	C:\Program Files\Java\jdk1.8.0_231\jre\bin\api-ms-win-crt-conio-l1-1-0.dll
0x0000000017a60000 - 0x0000000017a64000 	C:\Program Files\Java\jdk1.8.0_231\jre\bin\api-ms-win-crt-convert-l1-1-0.dll
0x0000000017a70000 - 0x0000000017a73000 	C:\Program Files\Java\jdk1.8.0_231\jre\bin\api-ms-win-crt-environment-l1-1-0.dll
0x0000000017a80000 - 0x0000000017a83000 	C:\Program Files\Java\jdk1.8.0_231\jre\bin\api-ms-win-crt-filesystem-l1-1-0.dll
0x0000000017a90000 - 0x0000000017a93000 	C:\Program Files\Java\jdk1.8.0_231\jre\bin\api-ms-win-crt-heap-l1-1-0.dll
0x0000000017aa0000 - 0x0000000017aa3000 	C:\Program Files\Java\jdk1.8.0_231\jre\bin\api-ms-win-crt-locale-l1-1-0.dll
0x0000000017ab0000 - 0x0000000017ab5000 	C:\Program Files\Java\jdk1.8.0_231\jre\bin\api-ms-win-crt-math-l1-1-0.dll
0x0000000017ac0000 - 0x0000000017ac5000 	C:\Program Files\Java\jdk1.8.0_231\jre\bin\api-ms-win-crt-multibyte-l1-1-0.dll
0x0000000017ad0000 - 0x0000000017ae0000 	C:\Program Files\Java\jdk1.8.0_231\jre\bin\api-ms-win-crt-private-l1-1-0.dll
0x0000000017ae0000 - 0x0000000017ae3000 	C:\Program Files\Java\jdk1.8.0_231\jre\bin\api-ms-win-crt-process-l1-1-0.dll
0x0000000017af0000 - 0x0000000017af4000 	C:\Program Files\Java\jdk1.8.0_231\jre\bin\api-ms-win-crt-runtime-l1-1-0.dll
0x0000000017b00000 - 0x0000000017b04000 	C:\Program Files\Java\jdk1.8.0_231\jre\bin\api-ms-win-crt-stdio-l1-1-0.dll
0x0000000017b10000 - 0x0000000017b14000 	C:\Program Files\Java\jdk1.8.0_231\jre\bin\api-ms-win-crt-string-l1-1-0.dll
0x0000000017b20000 - 0x0000000017b23000 	C:\Program Files\Java\jdk1.8.0_231\jre\bin\api-ms-win-crt-time-l1-1-0.dll
0x0000000017b30000 - 0x0000000017b33000 	C:\Program Files\Java\jdk1.8.0_231\jre\bin\api-ms-win-crt-utility-l1-1-0.dll
0x00007ffae2290000 - 0x00007ffae238c000 	C:\Program Files\Java\jdk1.8.0_231\jre\bin\ucrtbase.dll
0x00007ffb02d70000 - 0x00007ffb02d85000 	C:\Program Files\Java\jdk1.8.0_231\jre\bin\vcruntime140.dll
0x00007ffaeb9c0000 - 0x00007ffaeba5b000 	C:\Program Files\Java\jdk1.8.0_231\jre\bin\msvcp140.dll
0x00007ffafbd50000 - 0x00007ffafbda1000 	C:\Program Files\Java\jdk1.8.0_231\jre\bin\concrt140.dll
0x00007ffaf2ee0000 - 0x00007ffaf2f03000 	C:\Program Files\Java\jdk1.8.0_231\jre\bin\prism_d3d.dll
0x00007ffae9da0000 - 0x00007ffae9f67000 	C:\Windows\system32\d3d9.dll
0x00007ffb0be40000 - 0x00007ffb0be6d000 	C:\Windows\SYSTEM32\dwmapi.dll
0x00007ffb0c6c0000 - 0x00007ffb0c6e0000 	C:\Windows\SYSTEM32\dxcore.dll
0x00007ffb0b980000 - 0x00007ffb0ba19000 	C:\Windows\system32\uxtheme.dll
0x00007ffad92c0000 - 0x00007ffad9480000 	C:\Windows\System32\DriverStore\FileRepository\iigd_dch.inf_amd64_38bfcb542ef4272e\igdumdim64.dll
0x00007ffb03120000 - 0x00007ffb03272000 	C:\Windows\System32\DriverStore\FileRepository\iigd_dch.inf_amd64_38bfcb542ef4272e\igdgmm64.dll
0x00007ffaf2e90000 - 0x00007ffaf2ed5000 	C:\Program Files\Java\jdk1.8.0_231\jre\bin\glass.dll
0x00007ffb100e0000 - 0x00007ffb101b0000 	C:\Windows\System32\COMDLG32.dll
0x00007ffb109e0000 - 0x00007ffb10b36000 	C:\Windows\System32\ole32.dll
0x00007ffb101b0000 - 0x00007ffb10274000 	C:\Windows\System32\OLEAUT32.dll
0x00007ffb0ffa0000 - 0x00007ffb100d5000 	C:\Windows\System32\MSCTF.dll
0x00007ffab27b0000 - 0x00007ffab638b000 	C:\Windows\System32\DriverStore\FileRepository\iigd_dch.inf_amd64_38bfcb542ef4272e\igd9dxva64.dll
0x00007ffaebd90000 - 0x00007ffaebdb2000 	C:\Windows\System32\DriverStore\FileRepository\iigd_dch.inf_amd64_38bfcb542ef4272e\igdinfo64.dll
0x00007ffb00740000 - 0x00007ffb02a96000 	C:\Windows\System32\DriverStore\FileRepository\iigd_dch.inf_amd64_38bfcb542ef4272e\igc64.dll
0x00007ffaebcf0000 - 0x00007ffaebd1c000 	C:\Program Files\Java\jdk1.8.0_231\jre\bin\javafx_iio.dll
0x00007ffafd4e0000 - 0x00007ffafd4f4000 	C:\Program Files\Java\jdk1.8.0_231\jre\bin\javafx_font.dll
0x00007ffb061d0000 - 0x00007ffb064ce000 	C:\Windows\SYSTEM32\dwrite.dll
0x00007ffb0f290000 - 0x00007ffb0f332000 	C:\Windows\System32\clbcatq.dll
0x00007ffb05bb0000 - 0x00007ffb05d5f000 	C:\Windows\SYSTEM32\WindowsCodecs.dll
0x00007ffafdda0000 - 0x00007ffafddda000 	C:\Windows\system32\dataexchange.dll
0x00007ffb09ac0000 - 0x00007ffb09d1b000 	C:\Windows\system32\d3d11.dll
0x00007ffb0aa70000 - 0x00007ffb0ac4b000 	C:\Windows\system32\dcomp.dll
0x00007ffb0c750000 - 0x00007ffb0c83b000 	C:\Windows\system32\dxgi.dll
0x00007ffb0baf0000 - 0x00007ffb0bd4a000 	C:\Windows\system32\twinapi.appcore.dll
0x00007ffb0bf50000 - 0x00007ffb0bf79000 	C:\Windows\system32\RMCLIENT.dll
0x00007ffae9d60000 - 0x00007ffae9d93000 	C:\Program Files\Common Files\Microsoft Shared\Ink\rtscom.dll
0x00007ffb096b0000 - 0x00007ffb0974e000 	C:\Windows\System32\TextInputFramework.dll
0x00007ffb065d0000 - 0x00007ffb068fa000 	C:\Windows\System32\CoreUIComponents.dll
0x00007ffb0ac50000 - 0x00007ffb0ad24000 	C:\Windows\System32\CoreMessaging.dll
0x00007ffb0cab0000 - 0x00007ffb0cae1000 	C:\Windows\SYSTEM32\ntmarta.dll
0x00007ffb08c60000 - 0x00007ffb08db3000 	C:\Windows\SYSTEM32\wintypes.dll
0x00007ffafea40000 - 0x00007ffafece6000 	C:\Windows\System32\iertutil.dll
0x00007ffafce60000 - 0x00007ffafce71000 	C:\Program Files\Java\jdk1.8.0_231\jre\bin\prism_common.dll
0x00007ffb0c370000 - 0x00007ffb0c564000 	C:\Windows\SYSTEM32\dbghelp.dll

VM Arguments:
jvm_args: -javaagent:C:\Program Files\JetBrains\IntelliJ IDEA 2019.2.3\lib\idea_rt.jar=61974:C:\Program Files\JetBrains\IntelliJ IDEA 2019.2.3\bin -Dfile.encoding=UTF-8 
java_command: sample.Main
java_class_path (initial): C:\Program Files\Java\jdk1.8.0_231\jre\lib\charsets.jar;C:\Program Files\Java\jdk1.8.0_231\jre\lib\deploy.jar;C:\Program Files\Java\jdk1.8.0_231\jre\lib\ext\access-bridge-64.jar;C:\Program Files\Java\jdk1.8.0_231\jre\lib\ext\cldrdata.jar;C:\Program Files\Java\jdk1.8.0_231\jre\lib\ext\dnsns.jar;C:\Program Files\Java\jdk1.8.0_231\jre\lib\ext\jaccess.jar;C:\Program Files\Java\jdk1.8.0_231\jre\lib\ext\jfxrt.jar;C:\Program Files\Java\jdk1.8.0_231\jre\lib\ext\localedata.jar;C:\Program Files\Java\jdk1.8.0_231\jre\lib\ext\nashorn.jar;C:\Program Files\Java\jdk1.8.0_231\jre\lib\ext\sunec.jar;C:\Program Files\Java\jdk1.8.0_231\jre\lib\ext\sunjce_provider.jar;C:\Program Files\Java\jdk1.8.0_231\jre\lib\ext\sunmscapi.jar;C:\Program Files\Java\jdk1.8.0_231\jre\lib\ext\sunpkcs11.jar;C:\Program Files\Java\jdk1.8.0_231\jre\lib\ext\zipfs.jar;C:\Program Files\Java\jdk1.8.0_231\jre\lib\javaws.jar;C:\Program Files\Java\jdk1.8.0_231\jre\lib\jce.jar;C:\Program Files\Java\jdk1.8.0_231\jre\lib\jfr.jar;C:\Program Files\Java\jdk1.8.0_231\jre\lib\jfxswt.jar;C:\Program Files\Java\jdk1.8.0_231\jre\lib\jsse.jar;C:\Program Files\Java\jdk1.8.0_231\jre\lib\management-agent.jar;C:\Program Files\Java\jdk1.8.0_231\jre\lib\plugin.jar;C:\Program Files\Java\jdk1.8.0_231\jre\lib\resources.jar;C:\Program Files\Java\jdk1.8.0_231\jre\lib\rt.jar;C:\Users\DELL\IdeaProjects\Crime_game\out\production\Crime_game;C:\Program Files\JetBrains\IntelliJ IDEA 2019.2.3\lib\idea_rt.jar
Launcher Type: SUN_STANDARD

Environment Variables:
JAVA_HOME=C:\Program Files\Java\jdk1.8.0_231
PATH=C:\Program Files\Java\jdk1.8.0_231\bin;C:\Program Files (x86)\Common Files\Oracle\Java\javapath;C:\Windows\system32;C:\Windows;C:\Windows\System32\Wbem;C:\Windows\System32\WindowsPowerShell\v1.0\;C:\Windows\System32\OpenSSH\;C:\Program Files\Git\cmd;C:\Program Files\Git\mingw64\bin;C:\Program Files\Git\usr\bin;C:\gradle-5.6.4\bin;;C:\Users\DELL\AppData\Local\Programs\Microsoft VS Code\bin
USERNAME=DELL
OS=Windows_NT
PROCESSOR_IDENTIFIER=Intel64 Family 6 Model 142 Stepping 9, GenuineIntel



---------------  S Y S T E M  ---------------

OS: Windows 10.0 , 64 bit Build 18362 (10.0.18362.329)

CPU:total 4 (initial active 4) (2 cores per cpu, 2 threads per core) family 6 model 142 stepping 9, cmov, cx8, fxsr, mmx, sse, sse2, sse3, ssse3, sse4.1, sse4.2, popcnt, avx, avx2, aes, clmul, erms, 3dnowpref, lzcnt, ht, tsc, tscinvbit, bmi1, bmi2, adx

Memory: 4k page, physical 4089796k(760276k free), swap 13002692k(5139784k free)

vm_info: Java HotSpot(TM) 64-Bit Server VM (25.231-b11) for windows-amd64 JRE (1.8.0_231-b11), built on Oct  5 2019 03:11:30 by "java_re" with MS VC++ 10.0 (VS2010)

time: Thu Jan 09 16:49:07 2020
timezone: Œrodkowoeuropejski czas stand.
elapsed time: 52 seconds (0d 0h 0m 52s)

