#
# A fatal error has been detected by the Java Runtime Environment:
#
#  EXCEPTION_ACCESS_VIOLATION (0xc0000005) at pc=0x00007ffaf7a665c0, pid=4224, tid=0x0000000000003294
#
# JRE version: Java(TM) SE Runtime Environment (8.0_231-b11) (build 1.8.0_231-b11)
# Java VM: Java HotSpot(TM) 64-Bit Server VM (25.231-b11 mixed mode windows-amd64 compressed oops)
# Problematic frame:
# C  [glass.dll+0x265c0]
#
# Failed to write core dump. Minidumps are not enabled by default on client versions of Windows
#
# If you would like to submit a bug report, please visit:
#   http://bugreport.java.com/bugreport/crash.jsp
#

---------------  T H R E A D  ---------------

Current thread (0x0000000014d88000):  VMThread [stack: 0x0000000015e10000,0x0000000015f10000] [id=12948]

siginfo: ExceptionCode=0xc0000005, reading address 0x0000000000000000

Registers:
RAX=0x0000000000000000, RBX=0x0000000014ce4d28, RCX=0x0000000014d88000, RDX=0x0000000052023578
RSP=0x0000000015f0eee0, RBP=0x00000000008ef7f8, RSI=0x00000000008ef7d0, RDI=0x000061dac266255a
R8 =0x0000000000010002, R9 =0x000061dac266255a, R10=0x0000000000008000, R11=0x0000000015f0ee80
R12=0x00007ffaf7a639e4, R13=0x0000000000c11658, R14=0x0000000015f0efe8, R15=0x00000000008ef7d0
RIP=0x00007ffaf7a665c0, EFLAGS=0x0000000000010206

Top of Stack: (sp=0x0000000015f0eee0)
0x0000000015f0eee0:   0000000000000000 00007ffb0df114cb
0x0000000015f0eef0:   00000000008ef7e0 00000000008ef7d0
0x0000000015f0ef00:   fffffffffffffffe 00007ffaf7a7a1b0
0x0000000015f0ef10:   00000000008ef7d8 00007ffb0df19d06
0x0000000015f0ef20:   00000000008ef7e0 0000000000000000
0x0000000015f0ef30:   0000000000000000 00007ffb0df19f46
0x0000000015f0ef40:   fffffffffffffffe 0000000000000000
0x0000000015f0ef50:   0000000000000001 00007ffaf7a40000
0x0000000015f0ef60:   0000000015f0efd8 00007ffb0df19c2b
0x0000000015f0ef70:   0000000000000000 0000000015f0efe8
0x0000000015f0ef80:   0000000014c95500 00007ffb0dfebc20
0x0000000015f0ef90:   0000000000000000 00007ffb0df19be4
0x0000000015f0efa0:   0000000000000000 0000000000000001
0x0000000015f0efb0:   0000000000000001 0000000015f0efd8
0x0000000015f0efc0:   0000000000000000 00007ffaf7a63872
0x0000000015f0efd0:   00007ffaf7a7d128 00007ffb00000002 

Instructions: (pc=0x00007ffaf7a665c0)
0x00007ffaf7a665a0:   40 53 48 83 ec 30 48 c7 44 24 20 fe ff ff ff 48
0x00007ffaf7a665b0:   8b 1d 6a 65 01 00 48 85 db 74 16 e8 b0 85 ff ff
0x00007ffaf7a665c0:   4c 8b 00 48 8b d3 48 8b c8 41 ff 90 b0 00 00 00
0x00007ffaf7a665d0:   90 48 83 c4 30 5b c3 cc cc cc cc cc cc cc cc cc 


Register to memory mapping:

RAX=0x0000000000000000 is an unknown value
RBX=0x0000000014ce4d28 is a global jni handle
RCX=0x0000000014d88000 is an unknown value
RDX=0x0000000052023578 is an unknown value
RSP=0x0000000015f0eee0 is an unknown value
RBP=0x00000000008ef7f8 is an unknown value
RSI=0x00000000008ef7d0 is an unknown value
RDI=0x000061dac266255a is an unknown value
R8 =0x0000000000010002 is an unknown value
R9 =0x000061dac266255a is an unknown value
R10=0x0000000000008000 is an unknown value
R11=0x0000000015f0ee80 is an unknown value
R12=0x00007ffaf7a639e4 is an unknown value
R13=0x0000000000c11658 is an unknown value
R14=0x0000000015f0efe8 is an unknown value
R15=0x00000000008ef7d0 is an unknown value


Stack: [0x0000000015e10000,0x0000000015f10000],  sp=0x0000000015f0eee0,  free space=1019k
Native frames: (J=compiled Java code, j=interpreted, Vv=VM code, C=native code)
C  [glass.dll+0x265c0]
C  [ucrtbase.dll+0x19d06]
C  [ucrtbase.dll+0x19c2b]
C  [ucrtbase.dll+0x19be4]
C  [glass.dll+0x23872]
C  [glass.dll+0x23998]
C  [ntdll.dll+0x250a1]
C  [ntdll.dll+0x6ab02]
C  [ntdll.dll+0x6a9ad]
C  [KERNEL32.DLL+0x1cd8a]
C  [msvcr100.dll+0x20ccd]
V  [jvm.dll+0x2142d5]
V  [jvm.dll+0x24d677]
V  [jvm.dll+0x24c916]
V  [jvm.dll+0x24cdb1]
V  [jvm.dll+0x24cfce]
V  [jvm.dll+0x29fd8a]
C  [msvcr100.dll+0x21d9f]
C  [msvcr100.dll+0x21e3b]
C  [KERNEL32.DLL+0x17bd4]
C  [ntdll.dll+0x6ced1]

VM_Operation (0x0000000017d39c20): Exit, mode: safepoint, requested by thread 0x0000000017072800


---------------  P R O C E S S  ---------------

Java Threads: ( => current thread )
  0x0000000022cc8800 JavaThread "Prism Font Disposer" daemon [_thread_blocked, id=11476, stack(0x0000000020d10000,0x0000000020e10000)]
  0x00000000170b8000 JavaThread "JavaFX-Launcher" [_thread_blocked, id=7576, stack(0x000000001e950000,0x000000001ea50000)]
  0x0000000017098000 JavaThread "Thread-2" daemon [_thread_in_native, id=1800, stack(0x000000001e850000,0x000000001e950000)]
  0x0000000017072800 JavaThread "JavaFX Application Thread" [_thread_blocked, id=12788, stack(0x0000000017c40000,0x0000000017d40000)]
  0x0000000017061000 JavaThread "Thread-1" daemon [_thread_blocked, id=11956, stack(0x0000000017b40000,0x0000000017c40000)]
  0x000000001681e800 JavaThread "QuantumRenderer-0" daemon [_thread_blocked, id=6360, stack(0x00000000177f0000,0x00000000178f0000)]
  0x00000000164e8800 JavaThread "Service Thread" daemon [_thread_blocked, id=14108, stack(0x0000000016c20000,0x0000000016d20000)]
  0x0000000014e0f000 JavaThread "C1 CompilerThread2" daemon [_thread_blocked, id=5180, stack(0x0000000016b20000,0x0000000016c20000)]
  0x0000000014e09000 JavaThread "C2 CompilerThread1" daemon [_thread_blocked, id=7524, stack(0x0000000016a20000,0x0000000016b20000)]
  0x0000000014e14000 JavaThread "C2 CompilerThread0" daemon [_thread_blocked, id=2956, stack(0x0000000016920000,0x0000000016a20000)]
  0x0000000016463000 JavaThread "Monitor Ctrl-Break" daemon [_thread_in_native, id=2312, stack(0x0000000016820000,0x0000000016920000)]
  0x0000000014dc6000 JavaThread "Attach Listener" daemon [_thread_blocked, id=1948, stack(0x0000000016320000,0x0000000016420000)]
  0x00000000027ce800 JavaThread "Signal Dispatcher" daemon [_thread_blocked, id=6900, stack(0x0000000016220000,0x0000000016320000)]
  0x00000000027c6000 JavaThread "Finalizer" daemon [_thread_blocked, id=13464, stack(0x0000000016010000,0x0000000016110000)]
  0x0000000014daa000 JavaThread "Reference Handler" daemon [_thread_blocked, id=2884, stack(0x0000000015f10000,0x0000000016010000)]
  0x00000000026d3000 JavaThread "main" [_thread_blocked, id=10924, stack(0x0000000002460000,0x0000000002560000)]

Other Threads:
=>0x0000000014d88000 VMThread [stack: 0x0000000015e10000,0x0000000015f10000] [id=12948]

VM state:at safepoint (shutting down)

VM Mutex/Monitor currently owned by a thread:  ([mutex/lock_event])
[0x0000000000c1e190] Threads_lock - owner thread: 0x0000000014d88000

heap address: 0x00000000c1800000, size: 1000 MB, Compressed Oops mode: 32-bit
Narrow klass base: 0x0000000000000000, Narrow klass shift: 3
Compressed class space size: 1073741824 Address: 0x0000000100000000

Heap:
 PSYoungGen      total 35328K, used 5191K [0x00000000eb300000, 0x00000000ed800000, 0x0000000100000000)
  eden space 32768K, 8% used [0x00000000eb300000,0x00000000eb599fd0,0x00000000ed300000)
  from space 2560K, 98% used [0x00000000ed580000,0x00000000ed7f8018,0x00000000ed800000)
  to   space 2560K, 0% used [0x00000000ed300000,0x00000000ed300000,0x00000000ed580000)
 ParOldGen       total 44032K, used 19027K [0x00000000c1800000, 0x00000000c4300000, 0x00000000eb300000)
  object space 44032K, 43% used [0x00000000c1800000,0x00000000c2a94f90,0x00000000c4300000)
 Metaspace       used 15508K, capacity 16190K, committed 16384K, reserved 1062912K
  class space    used 2065K, capacity 2277K, committed 2304K, reserved 1048576K

Card table byte_map: [0x0000000011b90000,0x0000000011d90000] byte_map_base: 0x0000000011584000

Marking Bits: (ParMarkBitMap*) 0x0000000052216d90
 Begin Bits: [0x00000000122e0000, 0x0000000013280000)
 End Bits:   [0x0000000013280000, 0x0000000014220000)

Polling page: 0x0000000000bb0000

CodeCache: size=245760Kb used=8521Kb max_used=8521Kb free=237238Kb
 bounds [0x00000000027d0000, 0x0000000003030000, 0x00000000117d0000]
 total_blobs=3275 nmethods=2624 adapters=563
 compilation: enabled

Compilation events (10 events):
Event: 29.853 Thread 0x0000000014e0f000 2624       3       com.sun.javafx.geom.BoxBounds::deriveWithNewBounds (61 bytes)
Event: 29.853 Thread 0x0000000014e0f000 nmethod 2624 0x000000000301a790 code [0x000000000301a900, 0x000000000301ac30]
Event: 29.853 Thread 0x0000000014e0f000 2625       3       com.sun.javafx.geom.Point2D::<init> (5 bytes)
Event: 29.853 Thread 0x0000000014e0f000 nmethod 2625 0x000000000301a3d0 code [0x000000000301a520, 0x000000000301a6d0]
Event: 29.942 Thread 0x0000000014e0f000 2626       3       javafx.scene.Node$14::invalidated (59 bytes)
Event: 29.944 Thread 0x0000000014e0f000 nmethod 2626 0x0000000003028650 code [0x0000000003028900, 0x0000000003029ba8]
Event: 29.944 Thread 0x0000000014e0f000 2627       3       javafx.scene.Node::access$4300 (4 bytes)
Event: 29.944 Thread 0x0000000014e0f000 nmethod 2627 0x000000000301a0d0 code [0x000000000301a220, 0x000000000301a350]
Event: 29.944 Thread 0x0000000014e0f000 2628       1       com.sun.javafx.tk.quantum.ViewScene::getPlatformView (5 bytes)
Event: 29.945 Thread 0x0000000014e0f000 nmethod 2628 0x0000000003019dd0 code [0x0000000003019f20, 0x000000000301a030]

GC Heap History (8 events):
Event: 0.895 GC heap before
{Heap before GC invocations=1 (full 0):
 PSYoungGen      total 18944K, used 12985K [0x00000000eb300000, 0x00000000ec800000, 0x0000000100000000)
  eden space 16384K, 79% used [0x00000000eb300000,0x00000000ebfae740,0x00000000ec300000)
  from space 2560K, 0% used [0x00000000ec580000,0x00000000ec580000,0x00000000ec800000)
  to   space 2560K, 0% used [0x00000000ec300000,0x00000000ec300000,0x00000000ec580000)
 ParOldGen       total 44032K, used 0K [0x00000000c1800000, 0x00000000c4300000, 0x00000000eb300000)
  object space 44032K, 0% used [0x00000000c1800000,0x00000000c1800000,0x00000000c4300000)
 Metaspace       used 7075K, capacity 7372K, committed 7680K, reserved 1056768K
  class space    used 813K, capacity 904K, committed 1024K, reserved 1048576K
Event: 0.899 GC heap after
Heap after GC invocations=1 (full 0):
 PSYoungGen      total 18944K, used 1584K [0x00000000eb300000, 0x00000000ec800000, 0x0000000100000000)
  eden space 16384K, 0% used [0x00000000eb300000,0x00000000eb300000,0x00000000ec300000)
  from space 2560K, 61% used [0x00000000ec300000,0x00000000ec48c030,0x00000000ec580000)
  to   space 2560K, 0% used [0x00000000ec580000,0x00000000ec580000,0x00000000ec800000)
 ParOldGen       total 44032K, used 8K [0x00000000c1800000, 0x00000000c4300000, 0x00000000eb300000)
  object space 44032K, 0% used [0x00000000c1800000,0x00000000c1802000,0x00000000c4300000)
 Metaspace       used 7075K, capacity 7372K, committed 7680K, reserved 1056768K
  class space    used 813K, capacity 904K, committed 1024K, reserved 1048576K
}
Event: 1.433 GC heap before
{Heap before GC invocations=2 (full 0):
 PSYoungGen      total 18944K, used 17550K [0x00000000eb300000, 0x00000000ec800000, 0x0000000100000000)
  eden space 16384K, 97% used [0x00000000eb300000,0x00000000ec2979c8,0x00000000ec300000)
  from space 2560K, 61% used [0x00000000ec300000,0x00000000ec48c030,0x00000000ec580000)
  to   space 2560K, 0% used [0x00000000ec580000,0x00000000ec580000,0x00000000ec800000)
 ParOldGen       total 44032K, used 8K [0x00000000c1800000, 0x00000000c4300000, 0x00000000eb300000)
  object space 44032K, 0% used [0x00000000c1800000,0x00000000c1802000,0x00000000c4300000)
 Metaspace       used 9939K, capacity 10326K, committed 10496K, reserved 1058816K
  class space    used 1288K, capacity 1410K, committed 1536K, reserved 1048576K
Event: 1.440 GC heap after
Heap after GC invocations=2 (full 0):
 PSYoungGen      total 18944K, used 2543K [0x00000000eb300000, 0x00000000ec800000, 0x0000000100000000)
  eden space 16384K, 0% used [0x00000000eb300000,0x00000000eb300000,0x00000000ec300000)
  from space 2560K, 99% used [0x00000000ec580000,0x00000000ec7fbdf0,0x00000000ec800000)
  to   space 2560K, 0% used [0x00000000ec300000,0x00000000ec300000,0x00000000ec580000)
 ParOldGen       total 44032K, used 7012K [0x00000000c1800000, 0x00000000c4300000, 0x00000000eb300000)
  object space 44032K, 15% used [0x00000000c1800000,0x00000000c1ed91f8,0x00000000c4300000)
 Metaspace       used 9939K, capacity 10326K, committed 10496K, reserved 1058816K
  class space    used 1288K, capacity 1410K, committed 1536K, reserved 1048576K
}
Event: 2.293 GC heap before
{Heap before GC invocations=3 (full 0):
 PSYoungGen      total 18944K, used 18927K [0x00000000eb300000, 0x00000000ec800000, 0x0000000100000000)
  eden space 16384K, 100% used [0x00000000eb300000,0x00000000ec300000,0x00000000ec300000)
  from space 2560K, 99% used [0x00000000ec580000,0x00000000ec7fbdf0,0x00000000ec800000)
  to   space 2560K, 0% used [0x00000000ec300000,0x00000000ec300000,0x00000000ec580000)
 ParOldGen       total 44032K, used 7012K [0x00000000c1800000, 0x00000000c4300000, 0x00000000eb300000)
  object space 44032K, 15% used [0x00000000c1800000,0x00000000c1ed91f8,0x00000000c4300000)
 Metaspace       used 13104K, capacity 13624K, committed 13824K, reserved 1060864K
  class space    used 1814K, capacity 1949K, committed 2048K, reserved 1048576K
Event: 2.315 GC heap after
Heap after GC invocations=3 (full 0):
 PSYoungGen      total 18944K, used 2541K [0x00000000eb300000, 0x00000000ed800000, 0x0000000100000000)
  eden space 16384K, 0% used [0x00000000eb300000,0x00000000eb300000,0x00000000ec300000)
  from space 2560K, 99% used [0x00000000ec300000,0x00000000ec57b6a0,0x00000000ec580000)
  to   space 2560K, 0% used [0x00000000ed580000,0x00000000ed580000,0x00000000ed800000)
 ParOldGen       total 44032K, used 14539K [0x00000000c1800000, 0x00000000c4300000, 0x00000000eb300000)
  object space 44032K, 33% used [0x00000000c1800000,0x00000000c2632c10,0x00000000c4300000)
 Metaspace       used 13104K, capacity 13624K, committed 13824K, reserved 1060864K
  class space    used 1814K, capacity 1949K, committed 2048K, reserved 1048576K
}
Event: 24.123 GC heap before
{Heap before GC invocations=4 (full 0):
 PSYoungGen      total 18944K, used 18925K [0x00000000eb300000, 0x00000000ed800000, 0x0000000100000000)
  eden space 16384K, 100% used [0x00000000eb300000,0x00000000ec300000,0x00000000ec300000)
  from space 2560K, 99% used [0x00000000ec300000,0x00000000ec57b6a0,0x00000000ec580000)
  to   space 2560K, 0% used [0x00000000ed580000,0x00000000ed580000,0x00000000ed800000)
 ParOldGen       total 44032K, used 14539K [0x00000000c1800000, 0x00000000c4300000, 0x00000000eb300000)
  object space 44032K, 33% used [0x00000000c1800000,0x00000000c2632c10,0x00000000c4300000)
 Metaspace       used 15377K, capacity 16028K, committed 16128K, reserved 1062912K
  class space    used 2059K, capacity 2274K, committed 2304K, reserved 1048576K
Event: 24.133 GC heap after
Heap after GC invocations=4 (full 0):
 PSYoungGen      total 35328K, used 2528K [0x00000000eb300000, 0x00000000ed800000, 0x0000000100000000)
  eden space 32768K, 0% used [0x00000000eb300000,0x00000000eb300000,0x00000000ed300000)
  from space 2560K, 98% used [0x00000000ed580000,0x00000000ed7f8018,0x00000000ed800000)
  to   space 2560K, 0% used [0x00000000ed300000,0x00000000ed300000,0x00000000ed580000)
 ParOldGen       total 44032K, used 19027K [0x00000000c1800000, 0x00000000c4300000, 0x00000000eb300000)
  object space 44032K, 43% used [0x00000000c1800000,0x00000000c2a94f90,0x00000000c4300000)
 Metaspace       used 15377K, capacity 16028K, committed 16128K, reserved 1062912K
  class space    used 2059K, capacity 2274K, committed 2304K, reserved 1048576K
}

Deoptimization events (10 events):
Event: 9.276 Thread 0x0000000017072800 Uncommon trap: reason=unstable_if action=reinterpret pc=0x0000000002a54184 method=java.lang.AbstractStringBuilder.append(Ljava/lang/String;)Ljava/lang/AbstractStringBuilder; @ 1
Event: 12.069 Thread 0x0000000017072800 Uncommon trap: reason=unstable_if action=reinterpret pc=0x0000000002db1718 method=javafx.scene.Node.getProperties()Ljavafx/collections/ObservableMap; @ 4
Event: 21.039 Thread 0x0000000017072800 Uncommon trap: reason=array_check action=maybe_recompile pc=0x0000000002f9278c method=com.sun.javafx.css.SimpleSelector.applies(Ljavafx/css/Styleable;[Ljava/util/Set;I)Z @ 37
Event: 21.039 Thread 0x0000000017072800 Uncommon trap: reason=array_check action=maybe_recompile pc=0x0000000002f9278c method=com.sun.javafx.css.SimpleSelector.applies(Ljavafx/css/Styleable;[Ljava/util/Set;I)Z @ 37
Event: 21.039 Thread 0x0000000017072800 Uncommon trap: reason=array_check action=maybe_recompile pc=0x0000000002f9278c method=com.sun.javafx.css.SimpleSelector.applies(Ljavafx/css/Styleable;[Ljava/util/Set;I)Z @ 37
Event: 21.039 Thread 0x0000000017072800 Uncommon trap: reason=array_check action=maybe_recompile pc=0x0000000002f9278c method=com.sun.javafx.css.SimpleSelector.applies(Ljavafx/css/Styleable;[Ljava/util/Set;I)Z @ 37
Event: 21.058 Thread 0x0000000017072800 Uncommon trap: reason=class_check action=maybe_recompile pc=0x0000000002d71e1c method=javafx.scene.Node.updateLocalToParentTransform()V @ 11
Event: 21.058 Thread 0x0000000017072800 Uncommon trap: reason=class_check action=maybe_recompile pc=0x0000000002d71e1c method=javafx.scene.Node.updateLocalToParentTransform()V @ 11
Event: 21.058 Thread 0x0000000017072800 Uncommon trap: reason=class_check action=maybe_recompile pc=0x0000000002d71e1c method=javafx.scene.Node.updateLocalToParentTransform()V @ 11
Event: 21.058 Thread 0x0000000017072800 Uncommon trap: reason=class_check action=maybe_recompile pc=0x0000000002d71e1c method=javafx.scene.Node.updateLocalToParentTransform()V @ 11

Classes redefined (0 events):
No events

Internal exceptions (10 events):
Event: 0.357 Thread 0x00000000026d3000 Exception <a 'java/security/PrivilegedActionException'> (0x00000000eb6f14b8) thrown at [C:\re\workspace\8-2-build-windows-amd64-cygwin\jdk8u231\13620\hotspot\src\share\vm\prims\jvm.cpp, line 1502]
Event: 0.357 Thread 0x00000000026d3000 Exception <a 'java/security/PrivilegedActionException'> (0x00000000eb6f16c8) thrown at [C:\re\workspace\8-2-build-windows-amd64-cygwin\jdk8u231\13620\hotspot\src\share\vm\prims\jvm.cpp, line 1502]
Event: 0.357 Thread 0x00000000026d3000 Exception <a 'java/lang/NullPointerException'> (0x00000000eb6f20d0) thrown at [C:\re\workspace\8-2-build-windows-amd64-cygwin\jdk8u231\13620\hotspot\src\share\vm\interpreter\linkResolver.cpp, line 1185]
Event: 0.406 Thread 0x00000000026d3000 Implicit null exception at 0x00000000028f2d55 to 0x00000000028f2f19
Event: 1.180 Thread 0x0000000017072800 Exception <a 'java/lang/NullPointerException'> (0x00000000eba447c8) thrown at [C:\re\workspace\8-2-build-windows-amd64-cygwin\jdk8u231\13620\hotspot\src\share\vm\interpreter\linkResolver.cpp, line 1185]
Event: 1.180 Thread 0x0000000017072800 Exception <a 'java/lang/NullPointerException'> (0x00000000eba447c8) thrown at [C:\re\workspace\8-2-build-windows-amd64-cygwin\jdk8u231\13620\hotspot\src\share\vm\prims\jvm.cpp, line 1506]
Event: 1.691 Thread 0x0000000017072800 Implicit null exception at 0x0000000002aa3835 to 0x0000000002aa3a0d
Event: 2.029 Thread 0x0000000017072800 Exception <a 'java/io/FileNotFoundException'> (0x00000000ebf501b0) thrown at [C:\re\workspace\8-2-build-windows-amd64-cygwin\jdk8u231\13620\hotspot\src\share\vm\prims\jni.cpp, line 710]
Event: 9.276 Thread 0x0000000017072800 Implicit null exception at 0x0000000002a53dd6 to 0x0000000002a5416d
Event: 29.949 Thread 0x000000001723a800 Exception <a 'java/lang/IllegalStateException'> (0x00000000eb577a08) thrown at [C:\re\workspace\8-2-build-windows-amd64-cygwin\jdk8u231\13620\hotspot\src\share\vm\prims\jvm.cpp, line 1506]

Events (10 events):
Event: 29.948 loading class com/sun/javafx/tk/quantum/QuantumRenderer
Event: 29.948 loading class com/sun/javafx/tk/quantum/QuantumRenderer done
Event: 29.949 loading class com/sun/javafx/tk/quantum/QuantumToolkit
Event: 29.949 loading class com/sun/javafx/tk/quantum/QuantumToolkit done
Event: 29.949 loading class java/util/LinkedList$ListItr
Event: 29.949 loading class java/util/LinkedList$ListItr done
Event: 29.949 loading class com/sun/prism/ResourceFactoryListener
Event: 29.949 loading class com/sun/prism/ResourceFactoryListener done
Event: 29.949 Thread 0x000000001723a800 Thread exited: 0x000000001723a800
Event: 29.949 Executing VM operation: Exit


Dynamic libraries:
0x00007ff73e660000 - 0x00007ff73e697000 	C:\Program Files\Java\jdk1.8.0_231\bin\java.exe
0x00007ffb10b80000 - 0x00007ffb10d70000 	C:\Windows\SYSTEM32\ntdll.dll
0x00007ffb0f1a0000 - 0x00007ffb0f252000 	C:\Windows\System32\KERNEL32.DLL
0x00007ffb0e100000 - 0x00007ffb0e3a3000 	C:\Windows\System32\KERNELBASE.dll
0x00007ffb0f660000 - 0x00007ffb0f703000 	C:\Windows\System32\ADVAPI32.dll
0x00007ffb0f3d0000 - 0x00007ffb0f46e000 	C:\Windows\System32\msvcrt.dll
0x00007ffb0f0a0000 - 0x00007ffb0f137000 	C:\Windows\System32\sechost.dll
0x00007ffb0f540000 - 0x00007ffb0f660000 	C:\Windows\System32\RPCRT4.dll
0x00007ffb10630000 - 0x00007ffb107c4000 	C:\Windows\System32\USER32.dll
0x00007ffb0eb50000 - 0x00007ffb0eb71000 	C:\Windows\System32\win32u.dll
0x00007ffb107d0000 - 0x00007ffb107f6000 	C:\Windows\System32\GDI32.dll
0x00007ffb0dc10000 - 0x00007ffb0dda4000 	C:\Windows\System32\gdi32full.dll
0x00007ffb0db10000 - 0x00007ffb0dbae000 	C:\Windows\System32\msvcp_win.dll
0x00007ffb0df00000 - 0x00007ffb0dffa000 	C:\Windows\System32\ucrtbase.dll
0x00007ffafc350000 - 0x00007ffafc5d5000 	C:\Windows\WinSxS\amd64_microsoft.windows.common-controls_6595b64144ccf1df_6.0.18362.535_none_e6c3b34713100821\COMCTL32.dll
0x00007ffb102f0000 - 0x00007ffb10626000 	C:\Windows\System32\combase.dll
0x00007ffb0eb80000 - 0x00007ffb0ec00000 	C:\Windows\System32\bcryptPrimitives.dll
0x00007ffb0f260000 - 0x00007ffb0f28e000 	C:\Windows\System32\IMM32.DLL
0x00000000522a0000 - 0x0000000052372000 	C:\Program Files\Java\jdk1.8.0_231\jre\bin\msvcr100.dll
0x00000000519f0000 - 0x0000000052296000 	C:\Program Files\Java\jdk1.8.0_231\jre\bin\server\jvm.dll
0x00007ffb10820000 - 0x00007ffb10828000 	C:\Windows\System32\PSAPI.DLL
0x00007ffaf9d80000 - 0x00007ffaf9d89000 	C:\Windows\SYSTEM32\WSOCK32.dll
0x00007ffb0f4d0000 - 0x00007ffb0f53f000 	C:\Windows\System32\WS2_32.dll
0x00007ffb0b1d0000 - 0x00007ffb0b1f4000 	C:\Windows\SYSTEM32\WINMM.dll
0x00007ffb06940000 - 0x00007ffb0694a000 	C:\Windows\SYSTEM32\VERSION.dll
0x00007ffb0b0a0000 - 0x00007ffb0b0cd000 	C:\Windows\SYSTEM32\WINMMBASE.dll
0x00007ffb0e000000 - 0x00007ffb0e04a000 	C:\Windows\System32\cfgmgr32.dll
0x00007ffaf0370000 - 0x00007ffaf037f000 	C:\Program Files\Java\jdk1.8.0_231\jre\bin\verify.dll
0x00007ffaeb920000 - 0x00007ffaeb949000 	C:\Program Files\Java\jdk1.8.0_231\jre\bin\java.dll
0x00007ffafd5b0000 - 0x00007ffafd5d3000 	C:\Program Files\Java\jdk1.8.0_231\jre\bin\instrument.dll
0x00007ffaeb840000 - 0x00007ffaeb856000 	C:\Program Files\Java\jdk1.8.0_231\jre\bin\zip.dll
0x00007ffb0f710000 - 0x00007ffb0fdf5000 	C:\Windows\System32\SHELL32.dll
0x00007ffb0fe10000 - 0x00007ffb0feb9000 	C:\Windows\System32\shcore.dll
0x00007ffb0e3b0000 - 0x00007ffb0eb2f000 	C:\Windows\System32\windows.storage.dll
0x00007ffb0daf0000 - 0x00007ffb0db0f000 	C:\Windows\System32\profapi.dll
0x00007ffb0daa0000 - 0x00007ffb0daea000 	C:\Windows\System32\powrprof.dll
0x00007ffb0da50000 - 0x00007ffb0da60000 	C:\Windows\System32\UMPDC.dll
0x00007ffb0ff40000 - 0x00007ffb0ff92000 	C:\Windows\System32\shlwapi.dll
0x00007ffb0da60000 - 0x00007ffb0da71000 	C:\Windows\System32\kernel.appcore.dll
0x00007ffb0eb30000 - 0x00007ffb0eb47000 	C:\Windows\System32\cryptsp.dll
0x00007ffb06050000 - 0x00007ffb0606a000 	C:\Program Files\JetBrains\IntelliJ IDEA 2019.2.3\bin\breakgen64.dll
0x00007ffae27e0000 - 0x00007ffae27fa000 	C:\Program Files\Java\jdk1.8.0_231\jre\bin\net.dll
0x00007ffb0d2c0000 - 0x00007ffb0d327000 	C:\Windows\system32\mswsock.dll
0x0000000000c50000 - 0x0000000000c53000 	C:\Program Files\Java\jdk1.8.0_231\jre\bin\api-ms-win-core-console-l1-1-0.dll
0x0000000000c60000 - 0x0000000000c63000 	C:\Program Files\Java\jdk1.8.0_231\jre\bin\api-ms-win-core-datetime-l1-1-0.dll
0x0000000000c70000 - 0x0000000000c73000 	C:\Program Files\Java\jdk1.8.0_231\jre\bin\api-ms-win-core-debug-l1-1-0.dll
0x0000000000c80000 - 0x0000000000c83000 	C:\Program Files\Java\jdk1.8.0_231\jre\bin\api-ms-win-core-errorhandling-l1-1-0.dll
0x0000000000ca0000 - 0x0000000000ca4000 	C:\Program Files\Java\jdk1.8.0_231\jre\bin\api-ms-win-core-file-l1-1-0.dll
0x0000000002660000 - 0x0000000002663000 	C:\Program Files\Java\jdk1.8.0_231\jre\bin\api-ms-win-core-file-l1-2-0.dll
0x0000000002670000 - 0x0000000002673000 	C:\Program Files\Java\jdk1.8.0_231\jre\bin\api-ms-win-core-file-l2-1-0.dll
0x0000000002680000 - 0x0000000002683000 	C:\Program Files\Java\jdk1.8.0_231\jre\bin\api-ms-win-core-handle-l1-1-0.dll
0x0000000002690000 - 0x0000000002693000 	C:\Program Files\Java\jdk1.8.0_231\jre\bin\api-ms-win-core-heap-l1-1-0.dll
0x00000000026a0000 - 0x00000000026a3000 	C:\Program Files\Java\jdk1.8.0_231\jre\bin\api-ms-win-core-interlocked-l1-1-0.dll
0x00000000026b0000 - 0x00000000026b3000 	C:\Program Files\Java\jdk1.8.0_231\jre\bin\api-ms-win-core-libraryloader-l1-1-0.dll
0x0000000016e20000 - 0x0000000016e23000 	C:\Program Files\Java\jdk1.8.0_231\jre\bin\api-ms-win-core-localization-l1-2-0.dll
0x0000000016e30000 - 0x0000000016e33000 	C:\Program Files\Java\jdk1.8.0_231\jre\bin\api-ms-win-core-memory-l1-1-0.dll
0x0000000016e40000 - 0x0000000016e43000 	C:\Program Files\Java\jdk1.8.0_231\jre\bin\api-ms-win-core-namedpipe-l1-1-0.dll
0x0000000016e50000 - 0x0000000016e53000 	C:\Program Files\Java\jdk1.8.0_231\jre\bin\api-ms-win-core-processenvironment-l1-1-0.dll
0x0000000016e60000 - 0x0000000016e63000 	C:\Program Files\Java\jdk1.8.0_231\jre\bin\api-ms-win-core-processthreads-l1-1-0.dll
0x0000000016e70000 - 0x0000000016e73000 	C:\Program Files\Java\jdk1.8.0_231\jre\bin\api-ms-win-core-processthreads-l1-1-1.dll
0x0000000016e80000 - 0x0000000016e83000 	C:\Program Files\Java\jdk1.8.0_231\jre\bin\api-ms-win-core-profile-l1-1-0.dll
0x0000000016e90000 - 0x0000000016e93000 	C:\Program Files\Java\jdk1.8.0_231\jre\bin\api-ms-win-core-rtlsupport-l1-1-0.dll
0x0000000016ea0000 - 0x0000000016ea3000 	C:\Program Files\Java\jdk1.8.0_231\jre\bin\api-ms-win-core-string-l1-1-0.dll
0x0000000016eb0000 - 0x0000000016eb3000 	C:\Program Files\Java\jdk1.8.0_231\jre\bin\api-ms-win-core-synch-l1-1-0.dll
0x0000000016ec0000 - 0x0000000016ec3000 	C:\Program Files\Java\jdk1.8.0_231\jre\bin\api-ms-win-core-synch-l1-2-0.dll
0x0000000016ed0000 - 0x0000000016ed3000 	C:\Program Files\Java\jdk1.8.0_231\jre\bin\api-ms-win-core-sysinfo-l1-1-0.dll
0x0000000016ee0000 - 0x0000000016ee3000 	C:\Program Files\Java\jdk1.8.0_231\jre\bin\api-ms-win-core-timezone-l1-1-0.dll
0x0000000016ef0000 - 0x0000000016ef3000 	C:\Program Files\Java\jdk1.8.0_231\jre\bin\api-ms-win-core-util-l1-1-0.dll
0x0000000016f00000 - 0x0000000016f03000 	C:\Program Files\Java\jdk1.8.0_231\jre\bin\api-ms-win-crt-conio-l1-1-0.dll
0x0000000016f10000 - 0x0000000016f14000 	C:\Program Files\Java\jdk1.8.0_231\jre\bin\api-ms-win-crt-convert-l1-1-0.dll
0x0000000016f20000 - 0x0000000016f23000 	C:\Program Files\Java\jdk1.8.0_231\jre\bin\api-ms-win-crt-environment-l1-1-0.dll
0x0000000016f30000 - 0x0000000016f33000 	C:\Program Files\Java\jdk1.8.0_231\jre\bin\api-ms-win-crt-filesystem-l1-1-0.dll
0x0000000016f40000 - 0x0000000016f43000 	C:\Program Files\Java\jdk1.8.0_231\jre\bin\api-ms-win-crt-heap-l1-1-0.dll
0x0000000016f50000 - 0x0000000016f53000 	C:\Program Files\Java\jdk1.8.0_231\jre\bin\api-ms-win-crt-locale-l1-1-0.dll
0x0000000016f60000 - 0x0000000016f65000 	C:\Program Files\Java\jdk1.8.0_231\jre\bin\api-ms-win-crt-math-l1-1-0.dll
0x0000000016f70000 - 0x0000000016f75000 	C:\Program Files\Java\jdk1.8.0_231\jre\bin\api-ms-win-crt-multibyte-l1-1-0.dll
0x0000000016f80000 - 0x0000000016f90000 	C:\Program Files\Java\jdk1.8.0_231\jre\bin\api-ms-win-crt-private-l1-1-0.dll
0x0000000016f90000 - 0x0000000016f93000 	C:\Program Files\Java\jdk1.8.0_231\jre\bin\api-ms-win-crt-process-l1-1-0.dll
0x0000000016fa0000 - 0x0000000016fa4000 	C:\Program Files\Java\jdk1.8.0_231\jre\bin\api-ms-win-crt-runtime-l1-1-0.dll
0x0000000016fb0000 - 0x0000000016fb4000 	C:\Program Files\Java\jdk1.8.0_231\jre\bin\api-ms-win-crt-stdio-l1-1-0.dll
0x0000000016fc0000 - 0x0000000016fc4000 	C:\Program Files\Java\jdk1.8.0_231\jre\bin\api-ms-win-crt-string-l1-1-0.dll
0x0000000016fd0000 - 0x0000000016fd3000 	C:\Program Files\Java\jdk1.8.0_231\jre\bin\api-ms-win-crt-time-l1-1-0.dll
0x0000000016fe0000 - 0x0000000016fe3000 	C:\Program Files\Java\jdk1.8.0_231\jre\bin\api-ms-win-crt-utility-l1-1-0.dll
0x00007ffafbd90000 - 0x00007ffafbe8c000 	C:\Program Files\Java\jdk1.8.0_231\jre\bin\ucrtbase.dll
0x00007ffb02d70000 - 0x00007ffb02d85000 	C:\Program Files\Java\jdk1.8.0_231\jre\bin\vcruntime140.dll
0x00007ffaf29a0000 - 0x00007ffaf2a3b000 	C:\Program Files\Java\jdk1.8.0_231\jre\bin\msvcp140.dll
0x00007ffafd500000 - 0x00007ffafd551000 	C:\Program Files\Java\jdk1.8.0_231\jre\bin\concrt140.dll
0x00007ffafce20000 - 0x00007ffafce43000 	C:\Program Files\Java\jdk1.8.0_231\jre\bin\prism_d3d.dll
0x00007ffae9da0000 - 0x00007ffae9f67000 	C:\Windows\system32\d3d9.dll
0x00007ffb0be40000 - 0x00007ffb0be6d000 	C:\Windows\SYSTEM32\dwmapi.dll
0x00007ffb0c6c0000 - 0x00007ffb0c6e0000 	C:\Windows\SYSTEM32\dxcore.dll
0x00007ffb0b980000 - 0x00007ffb0ba19000 	C:\Windows\system32\uxtheme.dll
0x00007ffaeb970000 - 0x00007ffaebb30000 	C:\Windows\System32\DriverStore\FileRepository\iigd_dch.inf_amd64_38bfcb542ef4272e\igdumdim64.dll
0x00007ffb03120000 - 0x00007ffb03272000 	C:\Windows\System32\DriverStore\FileRepository\iigd_dch.inf_amd64_38bfcb542ef4272e\igdgmm64.dll
0x00007ffaf7a40000 - 0x00007ffaf7a85000 	C:\Program Files\Java\jdk1.8.0_231\jre\bin\glass.dll
0x00007ffb100e0000 - 0x00007ffb101b0000 	C:\Windows\System32\COMDLG32.dll
0x00007ffb109e0000 - 0x00007ffb10b36000 	C:\Windows\System32\ole32.dll
0x00007ffb101b0000 - 0x00007ffb10274000 	C:\Windows\System32\OLEAUT32.dll
0x00007ffb0ffa0000 - 0x00007ffb100d5000 	C:\Windows\System32\MSCTF.dll
0x00007ffab27b0000 - 0x00007ffab638b000 	C:\Windows\System32\DriverStore\FileRepository\iigd_dch.inf_amd64_38bfcb542ef4272e\igd9dxva64.dll
0x00007ffafbd60000 - 0x00007ffafbd82000 	C:\Windows\System32\DriverStore\FileRepository\iigd_dch.inf_amd64_38bfcb542ef4272e\igdinfo64.dll
0x00007ffb00740000 - 0x00007ffb02a96000 	C:\Windows\System32\DriverStore\FileRepository\iigd_dch.inf_amd64_38bfcb542ef4272e\igc64.dll
0x00007ffaf7820000 - 0x00007ffaf784c000 	C:\Program Files\Java\jdk1.8.0_231\jre\bin\javafx_iio.dll
0x00007ffaff350000 - 0x00007ffaff364000 	C:\Program Files\Java\jdk1.8.0_231\jre\bin\javafx_font.dll
0x00007ffb061d0000 - 0x00007ffb064ce000 	C:\Windows\SYSTEM32\dwrite.dll
0x00007ffb0f290000 - 0x00007ffb0f332000 	C:\Windows\System32\clbcatq.dll
0x00007ffb05bb0000 - 0x00007ffb05d5f000 	C:\Windows\SYSTEM32\WindowsCodecs.dll
0x00007ffafdda0000 - 0x00007ffafddda000 	C:\Windows\system32\dataexchange.dll
0x00007ffb09ac0000 - 0x00007ffb09d1b000 	C:\Windows\system32\d3d11.dll
0x00007ffb0aa70000 - 0x00007ffb0ac4b000 	C:\Windows\system32\dcomp.dll
0x00007ffb0c750000 - 0x00007ffb0c83b000 	C:\Windows\system32\dxgi.dll
0x00007ffb0baf0000 - 0x00007ffb0bd4a000 	C:\Windows\system32\twinapi.appcore.dll
0x00007ffb0bf50000 - 0x00007ffb0bf79000 	C:\Windows\system32\RMCLIENT.dll
0x00007ffaf77e0000 - 0x00007ffaf7813000 	C:\Program Files\Common Files\Microsoft Shared\Ink\rtscom.dll
0x00007ffb096b0000 - 0x00007ffb0974e000 	C:\Windows\System32\TextInputFramework.dll
0x00007ffb065d0000 - 0x00007ffb068fa000 	C:\Windows\System32\CoreUIComponents.dll
0x00007ffb0ac50000 - 0x00007ffb0ad24000 	C:\Windows\System32\CoreMessaging.dll
0x00007ffb08c60000 - 0x00007ffb08db3000 	C:\Windows\SYSTEM32\wintypes.dll
0x00007ffb0cab0000 - 0x00007ffb0cae1000 	C:\Windows\SYSTEM32\ntmarta.dll
0x00007ffafea40000 - 0x00007ffafece6000 	C:\Windows\System32\iertutil.dll
0x00007ffafd4e0000 - 0x00007ffafd4f1000 	C:\Program Files\Java\jdk1.8.0_231\jre\bin\prism_common.dll
0x00007ffb0c370000 - 0x00007ffb0c564000 	C:\Windows\SYSTEM32\dbghelp.dll

VM Arguments:
jvm_args: -javaagent:C:\Program Files\JetBrains\IntelliJ IDEA 2019.2.3\lib\idea_rt.jar=62104:C:\Program Files\JetBrains\IntelliJ IDEA 2019.2.3\bin -Dfile.encoding=UTF-8 
java_command: sample.Main
java_class_path (initial): C:\Program Files\Java\jdk1.8.0_231\jre\lib\charsets.jar;C:\Program Files\Java\jdk1.8.0_231\jre\lib\deploy.jar;C:\Program Files\Java\jdk1.8.0_231\jre\lib\ext\access-bridge-64.jar;C:\Program Files\Java\jdk1.8.0_231\jre\lib\ext\cldrdata.jar;C:\Program Files\Java\jdk1.8.0_231\jre\lib\ext\dnsns.jar;C:\Program Files\Java\jdk1.8.0_231\jre\lib\ext\jaccess.jar;C:\Program Files\Java\jdk1.8.0_231\jre\lib\ext\jfxrt.jar;C:\Program Files\Java\jdk1.8.0_231\jre\lib\ext\localedata.jar;C:\Program Files\Java\jdk1.8.0_231\jre\lib\ext\nashorn.jar;C:\Program Files\Java\jdk1.8.0_231\jre\lib\ext\sunec.jar;C:\Program Files\Java\jdk1.8.0_231\jre\lib\ext\sunjce_provider.jar;C:\Program Files\Java\jdk1.8.0_231\jre\lib\ext\sunmscapi.jar;C:\Program Files\Java\jdk1.8.0_231\jre\lib\ext\sunpkcs11.jar;C:\Program Files\Java\jdk1.8.0_231\jre\lib\ext\zipfs.jar;C:\Program Files\Java\jdk1.8.0_231\jre\lib\javaws.jar;C:\Program Files\Java\jdk1.8.0_231\jre\lib\jce.jar;C:\Program Files\Java\jdk1.8.0_231\jre\lib\jfr.jar;C:\Program Files\Java\jdk1.8.0_231\jre\lib\jfxswt.jar;C:\Program Files\Java\jdk1.8.0_231\jre\lib\jsse.jar;C:\Program Files\Java\jdk1.8.0_231\jre\lib\management-agent.jar;C:\Program Files\Java\jdk1.8.0_231\jre\lib\plugin.jar;C:\Program Files\Java\jdk1.8.0_231\jre\lib\resources.jar;C:\Program Files\Java\jdk1.8.0_231\jre\lib\rt.jar;C:\Users\DELL\IdeaProjects\Crime_game\out\production\Crime_game;C:\Program Files\JetBrains\IntelliJ IDEA 2019.2.3\lib\idea_rt.jar
Launcher Type: SUN_STANDARD

Environment Variables:
JAVA_HOME=C:\Program Files\Java\jdk1.8.0_231
PATH=C:\Program Files\Java\jdk1.8.0_231\bin;C:\Program Files (x86)\Common Files\Oracle\Java\javapath;C:\Windows\system32;C:\Windows;C:\Windows\System32\Wbem;C:\Windows\System32\WindowsPowerShell\v1.0\;C:\Windows\System32\OpenSSH\;C:\Program Files\Git\cmd;C:\Program Files\Git\mingw64\bin;C:\Program Files\Git\usr\bin;C:\gradle-5.6.4\bin;;C:\Users\DELL\AppData\Local\Programs\Microsoft VS Code\bin
USERNAME=DELL
OS=Windows_NT
PROCESSOR_IDENTIFIER=Intel64 Family 6 Model 142 Stepping 9, GenuineIntel



---------------  S Y S T E M  ---------------

OS: Windows 10.0 , 64 bit Build 18362 (10.0.18362.329)

CPU:total 4 (initial active 4) (2 cores per cpu, 2 threads per core) family 6 model 142 stepping 9, cmov, cx8, fxsr, mmx, sse, sse2, sse3, ssse3, sse4.1, sse4.2, popcnt, avx, avx2, aes, clmul, erms, 3dnowpref, lzcnt, ht, tsc, tscinvbit, bmi1, bmi2, adx

Memory: 4k page, physical 4089796k(863076k free), swap 13002692k(5891140k free)

vm_info: Java HotSpot(TM) 64-Bit Server VM (25.231-b11) for windows-amd64 JRE (1.8.0_231-b11), built on Oct  5 2019 03:11:30 by "java_re" with MS VC++ 10.0 (VS2010)

time: Thu Jan 09 14:45:09 2020
timezone: Œrodkowoeuropejski czas stand.
elapsed time: 30 seconds (0d 0h 0m 30s)

