#
# A fatal error has been detected by the Java Runtime Environment:
#
#  EXCEPTION_ACCESS_VIOLATION (0xc0000005) at pc=0x00007ffaef2f65c0, pid=7140, tid=0x0000000000002a34
#
# JRE version: Java(TM) SE Runtime Environment (8.0_231-b11) (build 1.8.0_231-b11)
# Java VM: Java HotSpot(TM) 64-Bit Server VM (25.231-b11 mixed mode windows-amd64 compressed oops)
# Problematic frame:
# C  [glass.dll+0x265c0]
#
# Failed to write core dump. Minidumps are not enabled by default on client versions of Windows
#
# If you would like to submit a bug report, please visit:
#   http://bugreport.java.com/bugreport/crash.jsp
#

---------------  T H R E A D  ---------------

Current thread (0x00000000157c8000):  VMThread [stack: 0x0000000016880000,0x0000000016980000] [id=10804]

siginfo: ExceptionCode=0xc0000005, reading address 0x0000000000000000

Registers:
RAX=0x0000000000000000, RBX=0x0000000015724718, RCX=0x00000000157c8000, RDX=0x0000000052023578
RSP=0x000000001697f5d0, RBP=0x00000000012b0e38, RSI=0x00000000012b0e10, RDI=0x000070e44b84be40
R8 =0x0000000000010002, R9 =0x000070e44b84be40, R10=0x0000000000008000, R11=0x000000001697f570
R12=0x00007ffaef2f39e4, R13=0x0000000002e21658, R14=0x000000001697f6d8, R15=0x00000000012b0e10
RIP=0x00007ffaef2f65c0, EFLAGS=0x0000000000010202

Top of Stack: (sp=0x000000001697f5d0)
0x000000001697f5d0:   0000000000000000 00007ffb0df114cb
0x000000001697f5e0:   00000000012b0e20 00000000012b0e10
0x000000001697f5f0:   fffffffffffffffe 00007ffaef30a1b0
0x000000001697f600:   00000000012b0e18 00007ffb0df19d06
0x000000001697f610:   00000000012b0e20 0000000000000000
0x000000001697f620:   0000000000000000 00007ffb0df19f46
0x000000001697f630:   fffffffffffffffe 0000000000000000
0x000000001697f640:   0000000000000001 00007ffaef2d0000
0x000000001697f650:   000000001697f6c8 00007ffb0df19c2b
0x000000001697f660:   0000000000000000 000000001697f6d8
0x000000001697f670:   00000000156d5400 00007ffb0dfebc20
0x000000001697f680:   0000000000000000 00007ffb0df19be4
0x000000001697f690:   0000000000000000 0000000000000001
0x000000001697f6a0:   0000000000000001 000000001697f6c8
0x000000001697f6b0:   0000000000000000 00007ffaef2f3872
0x000000001697f6c0:   00007ffaef30d128 00007ffb00000002 

Instructions: (pc=0x00007ffaef2f65c0)
0x00007ffaef2f65a0:   40 53 48 83 ec 30 48 c7 44 24 20 fe ff ff ff 48
0x00007ffaef2f65b0:   8b 1d 6a 65 01 00 48 85 db 74 16 e8 b0 85 ff ff
0x00007ffaef2f65c0:   4c 8b 00 48 8b d3 48 8b c8 41 ff 90 b0 00 00 00
0x00007ffaef2f65d0:   90 48 83 c4 30 5b c3 cc cc cc cc cc cc cc cc cc 


Register to memory mapping:

RAX=0x0000000000000000 is an unknown value
RBX=0x0000000015724718 is a global jni handle
RCX=0x00000000157c8000 is an unknown value
RDX=0x0000000052023578 is an unknown value
RSP=0x000000001697f5d0 is an unknown value
RBP=0x00000000012b0e38 is an unknown value
RSI=0x00000000012b0e10 is an unknown value
RDI=0x000070e44b84be40 is an unknown value
R8 =0x0000000000010002 is an unknown value
R9 =0x000070e44b84be40 is an unknown value
R10=0x0000000000008000 is an unknown value
R11=0x000000001697f570 is an unknown value
R12=0x00007ffaef2f39e4 is an unknown value
R13=0x0000000002e21658 is an unknown value
R14=0x000000001697f6d8 is an unknown value
R15=0x00000000012b0e10 is an unknown value


Stack: [0x0000000016880000,0x0000000016980000],  sp=0x000000001697f5d0,  free space=1021k
Native frames: (J=compiled Java code, j=interpreted, Vv=VM code, C=native code)
C  [glass.dll+0x265c0]
C  [ucrtbase.dll+0x19d06]
C  [ucrtbase.dll+0x19c2b]
C  [ucrtbase.dll+0x19be4]
C  [glass.dll+0x23872]
C  [glass.dll+0x23998]
C  [ntdll.dll+0x250a1]
C  [ntdll.dll+0x6ab02]
C  [ntdll.dll+0x6a9ad]
C  [KERNEL32.DLL+0x1cd8a]
C  [msvcr100.dll+0x20ccd]
V  [jvm.dll+0x2142d5]
V  [jvm.dll+0x24d677]
V  [jvm.dll+0x24c916]
V  [jvm.dll+0x24cdb1]
V  [jvm.dll+0x24cfce]
V  [jvm.dll+0x29fd8a]
C  [msvcr100.dll+0x21d9f]
C  [msvcr100.dll+0x21e3b]
C  [KERNEL32.DLL+0x17bd4]
C  [ntdll.dll+0x6ced1]

VM_Operation (0x0000000018749670): Exit, mode: safepoint, requested by thread 0x0000000017bf0800


---------------  P R O C E S S  ---------------

Java Threads: ( => current thread )
  0x0000000022ba9800 JavaThread "Prism Font Disposer" daemon [_thread_blocked, id=14108, stack(0x0000000025a70000,0x0000000025b70000)]
  0x0000000017c8e800 JavaThread "JavaFX-Launcher" [_thread_blocked, id=5868, stack(0x000000001f350000,0x000000001f450000)]
  0x0000000017c81000 JavaThread "Thread-2" daemon [_thread_in_native, id=3036, stack(0x000000001f250000,0x000000001f350000)]
  0x0000000017bf0800 JavaThread "JavaFX Application Thread" [_thread_blocked, id=6784, stack(0x0000000018650000,0x0000000018750000)]
  0x0000000017bed800 JavaThread "Thread-1" daemon [_thread_blocked, id=6328, stack(0x0000000018550000,0x0000000018650000)]
  0x0000000017275000 JavaThread "QuantumRenderer-0" daemon [_thread_blocked, id=9804, stack(0x00000000182f0000,0x00000000183f0000)]
  0x0000000016f61000 JavaThread "Service Thread" daemon [_thread_blocked, id=2480, stack(0x0000000017690000,0x0000000017790000)]
  0x000000001584a000 JavaThread "C1 CompilerThread2" daemon [_thread_blocked, id=2204, stack(0x0000000017590000,0x0000000017690000)]
  0x0000000015849000 JavaThread "C2 CompilerThread1" daemon [_thread_blocked, id=6788, stack(0x0000000017490000,0x0000000017590000)]
  0x000000001582b000 JavaThread "C2 CompilerThread0" daemon [_thread_blocked, id=14484, stack(0x0000000017390000,0x0000000017490000)]
  0x000000001582a000 JavaThread "Monitor Ctrl-Break" daemon [_thread_in_native, id=12084, stack(0x0000000017290000,0x0000000017390000)]
  0x0000000015807000 JavaThread "Attach Listener" daemon [_thread_blocked, id=14676, stack(0x0000000016d90000,0x0000000016e90000)]
  0x0000000015805800 JavaThread "Signal Dispatcher" daemon [_thread_blocked, id=10132, stack(0x0000000016c90000,0x0000000016d90000)]
  0x000000000320c800 JavaThread "Finalizer" daemon [_thread_blocked, id=4884, stack(0x0000000016a80000,0x0000000016b80000)]
  0x00000000157ea000 JavaThread "Reference Handler" daemon [_thread_blocked, id=1432, stack(0x0000000016980000,0x0000000016a80000)]
  0x0000000003113000 JavaThread "main" [_thread_blocked, id=5872, stack(0x0000000002f10000,0x0000000003010000)]

Other Threads:
=>0x00000000157c8000 VMThread [stack: 0x0000000016880000,0x0000000016980000] [id=10804]

VM state:at safepoint (shutting down)

VM Mutex/Monitor currently owned by a thread:  ([mutex/lock_event])
[0x0000000002e2d710] Threads_lock - owner thread: 0x00000000157c8000

heap address: 0x00000000c1800000, size: 1000 MB, Compressed Oops mode: 32-bit
Narrow klass base: 0x0000000000000000, Narrow klass shift: 3
Compressed class space size: 1073741824 Address: 0x0000000100000000

Heap:
 PSYoungGen      total 18944K, used 13989K [0x00000000eb300000, 0x00000000ec800000, 0x0000000100000000)
  eden space 16384K, 69% used [0x00000000eb300000,0x00000000ebe2eff8,0x00000000ec300000)
  from space 2560K, 99% used [0x00000000ec300000,0x00000000ec57a5e8,0x00000000ec580000)
  to   space 2560K, 0% used [0x00000000ec580000,0x00000000ec580000,0x00000000ec800000)
 ParOldGen       total 44032K, used 14336K [0x00000000c1800000, 0x00000000c4300000, 0x00000000eb300000)
  object space 44032K, 32% used [0x00000000c1800000,0x00000000c2600110,0x00000000c4300000)
 Metaspace       used 15192K, capacity 15832K, committed 15872K, reserved 1062912K
  class space    used 2055K, capacity 2266K, committed 2304K, reserved 1048576K

Card table byte_map: [0x00000000125d0000,0x00000000127d0000] byte_map_base: 0x0000000011fc4000

Marking Bits: (ParMarkBitMap*) 0x0000000052216d90
 Begin Bits: [0x0000000012d20000, 0x0000000013cc0000)
 End Bits:   [0x0000000013cc0000, 0x0000000014c60000)

Polling page: 0x0000000002e10000

CodeCache: size=245760Kb used=7538Kb max_used=7538Kb free=238222Kb
 bounds [0x0000000003210000, 0x0000000003970000, 0x0000000012210000]
 total_blobs=2898 nmethods=2250 adapters=559
 compilation: enabled

Compilation events (10 events):
Event: 24.971 Thread 0x000000001584a000 2249       3       java.util.concurrent.LinkedBlockingDeque$Node::<init> (10 bytes)
Event: 24.971 Thread 0x000000001584a000 nmethod 2249 0x000000000396c6d0 code [0x000000000396c820, 0x000000000396c9f0]
Event: 24.971 Thread 0x000000001584a000 2250       3       java.util.concurrent.LinkedBlockingDeque::linkLast (69 bytes)
Event: 24.972 Thread 0x000000001584a000 nmethod 2250 0x000000000396ca90 code [0x000000000396cc40, 0x000000000396d188]
Event: 24.972 Thread 0x000000001584a000 2251       3       com.sun.glass.ui.InvokeLaterDispatcher$Future::<init> (20 bytes)
Event: 24.972 Thread 0x000000001584a000 nmethod 2251 0x000000000396d3d0 code [0x000000000396d520, 0x000000000396d6f0]
Event: 24.972 Thread 0x000000001584a000 2252   !   3       com.sun.glass.ui.InvokeLaterDispatcher$Future::run (91 bytes)
Event: 24.973 Thread 0x000000001584a000 nmethod 2252 0x000000000396d790 code [0x000000000396d940, 0x000000000396e0e8]
Event: 25.094 Thread 0x000000001584a000 2253       3       java.lang.AbstractStringBuilder::append (50 bytes)
Event: 25.095 Thread 0x000000001584a000 nmethod 2253 0x000000000396e4d0 code [0x000000000396e6a0, 0x000000000396edf8]

GC Heap History (6 events):
Event: 1.716 GC heap before
{Heap before GC invocations=1 (full 0):
 PSYoungGen      total 18944K, used 13992K [0x00000000eb300000, 0x00000000ec800000, 0x0000000100000000)
  eden space 16384K, 85% used [0x00000000eb300000,0x00000000ec0aa3d0,0x00000000ec300000)
  from space 2560K, 0% used [0x00000000ec580000,0x00000000ec580000,0x00000000ec800000)
  to   space 2560K, 0% used [0x00000000ec300000,0x00000000ec300000,0x00000000ec580000)
 ParOldGen       total 44032K, used 0K [0x00000000c1800000, 0x00000000c4300000, 0x00000000eb300000)
  object space 44032K, 0% used [0x00000000c1800000,0x00000000c1800000,0x00000000c4300000)
 Metaspace       used 7539K, capacity 7788K, committed 7936K, reserved 1056768K
  class space    used 865K, capacity 936K, committed 1024K, reserved 1048576K
Event: 1.721 GC heap after
Heap after GC invocations=1 (full 0):
 PSYoungGen      total 18944K, used 1936K [0x00000000eb300000, 0x00000000ec800000, 0x0000000100000000)
  eden space 16384K, 0% used [0x00000000eb300000,0x00000000eb300000,0x00000000ec300000)
  from space 2560K, 75% used [0x00000000ec300000,0x00000000ec4e4030,0x00000000ec580000)
  to   space 2560K, 0% used [0x00000000ec580000,0x00000000ec580000,0x00000000ec800000)
 ParOldGen       total 44032K, used 8K [0x00000000c1800000, 0x00000000c4300000, 0x00000000eb300000)
  object space 44032K, 0% used [0x00000000c1800000,0x00000000c1802000,0x00000000c4300000)
 Metaspace       used 7539K, capacity 7788K, committed 7936K, reserved 1056768K
  class space    used 865K, capacity 936K, committed 1024K, reserved 1048576K
}
Event: 2.459 GC heap before
{Heap before GC invocations=2 (full 0):
 PSYoungGen      total 18944K, used 16959K [0x00000000eb300000, 0x00000000ec800000, 0x0000000100000000)
  eden space 16384K, 91% used [0x00000000eb300000,0x00000000ec1abc88,0x00000000ec300000)
  from space 2560K, 75% used [0x00000000ec300000,0x00000000ec4e4030,0x00000000ec580000)
  to   space 2560K, 0% used [0x00000000ec580000,0x00000000ec580000,0x00000000ec800000)
 ParOldGen       total 44032K, used 8K [0x00000000c1800000, 0x00000000c4300000, 0x00000000eb300000)
  object space 44032K, 0% used [0x00000000c1800000,0x00000000c1802000,0x00000000c4300000)
 Metaspace       used 9941K, capacity 10326K, committed 10496K, reserved 1058816K
  class space    used 1288K, capacity 1410K, committed 1536K, reserved 1048576K
Event: 2.468 GC heap after
Heap after GC invocations=2 (full 0):
 PSYoungGen      total 18944K, used 2553K [0x00000000eb300000, 0x00000000ec800000, 0x0000000100000000)
  eden space 16384K, 0% used [0x00000000eb300000,0x00000000eb300000,0x00000000ec300000)
  from space 2560K, 99% used [0x00000000ec580000,0x00000000ec7fe5d8,0x00000000ec800000)
  to   space 2560K, 0% used [0x00000000ec300000,0x00000000ec300000,0x00000000ec580000)
 ParOldGen       total 44032K, used 6926K [0x00000000c1800000, 0x00000000c4300000, 0x00000000eb300000)
  object space 44032K, 15% used [0x00000000c1800000,0x00000000c1ec3a78,0x00000000c4300000)
 Metaspace       used 9941K, capacity 10326K, committed 10496K, reserved 1058816K
  class space    used 1288K, capacity 1410K, committed 1536K, reserved 1048576K
}
Event: 5.748 GC heap before
{Heap before GC invocations=3 (full 0):
 PSYoungGen      total 18944K, used 18937K [0x00000000eb300000, 0x00000000ec800000, 0x0000000100000000)
  eden space 16384K, 100% used [0x00000000eb300000,0x00000000ec300000,0x00000000ec300000)
  from space 2560K, 99% used [0x00000000ec580000,0x00000000ec7fe5d8,0x00000000ec800000)
  to   space 2560K, 0% used [0x00000000ec300000,0x00000000ec300000,0x00000000ec580000)
 ParOldGen       total 44032K, used 6926K [0x00000000c1800000, 0x00000000c4300000, 0x00000000eb300000)
  object space 44032K, 15% used [0x00000000c1800000,0x00000000c1ec3a78,0x00000000c4300000)
 Metaspace       used 13096K, capacity 13552K, committed 13824K, reserved 1060864K
  class space    used 1813K, capacity 1947K, committed 2048K, reserved 1048576K
Event: 5.754 GC heap after
Heap after GC invocations=3 (full 0):
 PSYoungGen      total 18944K, used 2537K [0x00000000eb300000, 0x00000000ec800000, 0x0000000100000000)
  eden space 16384K, 0% used [0x00000000eb300000,0x00000000eb300000,0x00000000ec300000)
  from space 2560K, 99% used [0x00000000ec300000,0x00000000ec57a5e8,0x00000000ec580000)
  to   space 2560K, 0% used [0x00000000ec580000,0x00000000ec580000,0x00000000ec800000)
 ParOldGen       total 44032K, used 14336K [0x00000000c1800000, 0x00000000c4300000, 0x00000000eb300000)
  object space 44032K, 32% used [0x00000000c1800000,0x00000000c2600110,0x00000000c4300000)
 Metaspace       used 13096K, capacity 13552K, committed 13824K, reserved 1060864K
  class space    used 1813K, capacity 1947K, committed 2048K, reserved 1048576K
}

Deoptimization events (10 events):
Event: 4.792 Thread 0x0000000017bf0800 Uncommon trap: reason=bimorphic action=maybe_recompile pc=0x00000000035e9db8 method=java.util.Collections$UnmodifiableList.get(I)Ljava/lang/Object; @ 5
Event: 4.792 Thread 0x0000000017bf0800 Uncommon trap: reason=bimorphic action=maybe_recompile pc=0x00000000035e9db8 method=java.util.Collections$UnmodifiableList.get(I)Ljava/lang/Object; @ 5
Event: 4.792 Thread 0x0000000017bf0800 Uncommon trap: reason=bimorphic action=maybe_recompile pc=0x00000000035e9db8 method=java.util.Collections$UnmodifiableList.get(I)Ljava/lang/Object; @ 5
Event: 4.795 Thread 0x0000000017bf0800 Uncommon trap: reason=class_check action=maybe_recompile pc=0x0000000003399d68 method=java.lang.String.equals(Ljava/lang/Object;)Z @ 8
Event: 4.904 Thread 0x0000000017bf0800 Uncommon trap: reason=unstable_if action=reinterpret pc=0x00000000035c809c method=java.lang.String.regionMatches(ZILjava/lang/String;II)Z @ 123
Event: 5.275 Thread 0x0000000017bf0800 Uncommon trap: reason=unstable_if action=reinterpret pc=0x0000000003577284 method=sun.net.www.ParseUtil.encodePath(Ljava/lang/String;Z)Ljava/lang/String; @ 109
Event: 8.626 Thread 0x0000000017bf0800 Uncommon trap: reason=unstable_if action=reinterpret pc=0x00000000035abdd4 method=jdk.internal.org.objectweb.asm.Type.getArgumentsAndReturnSizes(Ljava/lang/String;)I @ 47
Event: 17.113 Thread 0x0000000017bf0800 Uncommon trap: reason=null_assert action=make_not_entrant pc=0x0000000003784b84 method=javafx.scene.Node.isDisable()Z @ 4
Event: 18.303 Thread 0x0000000017bf0800 Uncommon trap: reason=unstable_if action=reinterpret pc=0x000000000346f684 method=java.lang.AbstractStringBuilder.append(Ljava/lang/String;)Ljava/lang/AbstractStringBuilder; @ 1
Event: 22.934 Thread 0x0000000017bf0800 Uncommon trap: reason=unstable_if action=reinterpret pc=0x0000000003744e58 method=javafx.scene.Node.getProperties()Ljavafx/collections/ObservableMap; @ 4

Classes redefined (0 events):
No events

Internal exceptions (10 events):
Event: 0.398 Thread 0x0000000003113000 Exception <a 'java/security/PrivilegedActionException'> (0x00000000eb6f15a8) thrown at [C:\re\workspace\8-2-build-windows-amd64-cygwin\jdk8u231\13620\hotspot\src\share\vm\prims\jvm.cpp, line 1502]
Event: 0.398 Thread 0x0000000003113000 Exception <a 'java/security/PrivilegedActionException'> (0x00000000eb6f17b8) thrown at [C:\re\workspace\8-2-build-windows-amd64-cygwin\jdk8u231\13620\hotspot\src\share\vm\prims\jvm.cpp, line 1502]
Event: 0.399 Thread 0x0000000003113000 Exception <a 'java/lang/NullPointerException'> (0x00000000eb6f21c0) thrown at [C:\re\workspace\8-2-build-windows-amd64-cygwin\jdk8u231\13620\hotspot\src\share\vm\interpreter\linkResolver.cpp, line 1185]
Event: 0.454 Thread 0x0000000003113000 Implicit null exception at 0x00000000033327d5 to 0x0000000003332999
Event: 2.120 Thread 0x0000000017bf0800 Exception <a 'java/lang/NullPointerException'> (0x00000000eba47a50) thrown at [C:\re\workspace\8-2-build-windows-amd64-cygwin\jdk8u231\13620\hotspot\src\share\vm\interpreter\linkResolver.cpp, line 1185]
Event: 2.120 Thread 0x0000000017bf0800 Exception <a 'java/lang/NullPointerException'> (0x00000000eba47a50) thrown at [C:\re\workspace\8-2-build-windows-amd64-cygwin\jdk8u231\13620\hotspot\src\share\vm\prims\jvm.cpp, line 1506]
Event: 3.605 Thread 0x0000000017bf0800 Implicit null exception at 0x0000000003500275 to 0x000000000350044d
Event: 4.479 Thread 0x0000000017bf0800 Exception <a 'java/io/FileNotFoundException'> (0x00000000ebf56160) thrown at [C:\re\workspace\8-2-build-windows-amd64-cygwin\jdk8u231\13620\hotspot\src\share\vm\prims\jni.cpp, line 710]
Event: 18.303 Thread 0x0000000017bf0800 Implicit null exception at 0x000000000346f2d6 to 0x000000000346f66d
Event: 25.095 Thread 0x000000001fb45000 Exception <a 'java/lang/IllegalStateException'> (0x00000000ebe1a4a0) thrown at [C:\re\workspace\8-2-build-windows-amd64-cygwin\jdk8u231\13620\hotspot\src\share\vm\prims\jvm.cpp, line 1506]

Events (10 events):
Event: 25.093 loading class java/util/IdentityHashMap$IdentityHashMapIterator done
Event: 25.093 loading class java/util/IdentityHashMap$KeyIterator done
Event: 25.093 Thread 0x000000001fb45000 Thread added: 0x000000001fb45000
Event: 25.094 loading class com/sun/javafx/tk/quantum/QuantumRenderer
Event: 25.094 loading class com/sun/javafx/tk/quantum/QuantumRenderer done
Event: 25.095 loading class com/sun/javafx/tk/quantum/QuantumToolkit
Event: 25.095 loading class com/sun/javafx/tk/quantum/QuantumToolkit done
Event: 25.095 loading class java/util/LinkedList$ListItr
Event: 25.116 Thread 0x000000001fb45000 Thread exited: 0x000000001fb45000
Event: 25.116 Executing VM operation: Exit


Dynamic libraries:
0x00007ff64cf20000 - 0x00007ff64cf57000 	C:\Program Files\Java\jdk1.8.0_231\bin\java.exe
0x00007ffb10b80000 - 0x00007ffb10d70000 	C:\Windows\SYSTEM32\ntdll.dll
0x00007ffb0f1a0000 - 0x00007ffb0f252000 	C:\Windows\System32\KERNEL32.DLL
0x00007ffb0e100000 - 0x00007ffb0e3a3000 	C:\Windows\System32\KERNELBASE.dll
0x00007ffb0f660000 - 0x00007ffb0f703000 	C:\Windows\System32\ADVAPI32.dll
0x00007ffb0f3d0000 - 0x00007ffb0f46e000 	C:\Windows\System32\msvcrt.dll
0x00007ffb0f0a0000 - 0x00007ffb0f137000 	C:\Windows\System32\sechost.dll
0x00007ffb0f540000 - 0x00007ffb0f660000 	C:\Windows\System32\RPCRT4.dll
0x00007ffb10630000 - 0x00007ffb107c4000 	C:\Windows\System32\USER32.dll
0x00007ffb0eb50000 - 0x00007ffb0eb71000 	C:\Windows\System32\win32u.dll
0x00007ffb107d0000 - 0x00007ffb107f6000 	C:\Windows\System32\GDI32.dll
0x00007ffb0dc10000 - 0x00007ffb0dda4000 	C:\Windows\System32\gdi32full.dll
0x00007ffb0db10000 - 0x00007ffb0dbae000 	C:\Windows\System32\msvcp_win.dll
0x00007ffb0df00000 - 0x00007ffb0dffa000 	C:\Windows\System32\ucrtbase.dll
0x00007ffafc350000 - 0x00007ffafc5d5000 	C:\Windows\WinSxS\amd64_microsoft.windows.common-controls_6595b64144ccf1df_6.0.18362.535_none_e6c3b34713100821\COMCTL32.dll
0x00007ffb102f0000 - 0x00007ffb10626000 	C:\Windows\System32\combase.dll
0x00007ffb0eb80000 - 0x00007ffb0ec00000 	C:\Windows\System32\bcryptPrimitives.dll
0x00007ffb0f260000 - 0x00007ffb0f28e000 	C:\Windows\System32\IMM32.DLL
0x00000000522a0000 - 0x0000000052372000 	C:\Program Files\Java\jdk1.8.0_231\jre\bin\msvcr100.dll
0x00000000519f0000 - 0x0000000052296000 	C:\Program Files\Java\jdk1.8.0_231\jre\bin\server\jvm.dll
0x00007ffb10820000 - 0x00007ffb10828000 	C:\Windows\System32\PSAPI.DLL
0x00007ffb0b1d0000 - 0x00007ffb0b1f4000 	C:\Windows\SYSTEM32\WINMM.dll
0x00007ffb06940000 - 0x00007ffb0694a000 	C:\Windows\SYSTEM32\VERSION.dll
0x00007ffaf9d80000 - 0x00007ffaf9d89000 	C:\Windows\SYSTEM32\WSOCK32.dll
0x00007ffb0f4d0000 - 0x00007ffb0f53f000 	C:\Windows\System32\WS2_32.dll
0x00007ffb0b0a0000 - 0x00007ffb0b0cd000 	C:\Windows\SYSTEM32\winmmbase.dll
0x00007ffb0e000000 - 0x00007ffb0e04a000 	C:\Windows\System32\cfgmgr32.dll
0x00007ffb0b2b0000 - 0x00007ffb0b2bf000 	C:\Program Files\Java\jdk1.8.0_231\jre\bin\verify.dll
0x00007ffafaab0000 - 0x00007ffafaad9000 	C:\Program Files\Java\jdk1.8.0_231\jre\bin\java.dll
0x00007ffaf7340000 - 0x00007ffaf7363000 	C:\Program Files\Java\jdk1.8.0_231\jre\bin\instrument.dll
0x00007ffaff230000 - 0x00007ffaff246000 	C:\Program Files\Java\jdk1.8.0_231\jre\bin\zip.dll
0x00007ffb0f710000 - 0x00007ffb0fdf5000 	C:\Windows\System32\SHELL32.dll
0x00007ffb0fe10000 - 0x00007ffb0feb9000 	C:\Windows\System32\shcore.dll
0x00007ffb0e3b0000 - 0x00007ffb0eb2f000 	C:\Windows\System32\windows.storage.dll
0x00007ffb0daf0000 - 0x00007ffb0db0f000 	C:\Windows\System32\profapi.dll
0x00007ffb0daa0000 - 0x00007ffb0daea000 	C:\Windows\System32\powrprof.dll
0x00007ffb0da50000 - 0x00007ffb0da60000 	C:\Windows\System32\UMPDC.dll
0x00007ffb0ff40000 - 0x00007ffb0ff92000 	C:\Windows\System32\shlwapi.dll
0x00007ffb0da60000 - 0x00007ffb0da71000 	C:\Windows\System32\kernel.appcore.dll
0x00007ffb0eb30000 - 0x00007ffb0eb47000 	C:\Windows\System32\cryptsp.dll
0x00007ffaffa80000 - 0x00007ffaffa9a000 	C:\Program Files\JetBrains\IntelliJ IDEA 2019.2.3\bin\breakgen64.dll
0x00007ffafdce0000 - 0x00007ffafdcfa000 	C:\Program Files\Java\jdk1.8.0_231\jre\bin\net.dll
0x00007ffb0d2c0000 - 0x00007ffb0d327000 	C:\Windows\system32\mswsock.dll
0x0000000002ee0000 - 0x0000000002ee3000 	C:\Program Files\Java\jdk1.8.0_231\jre\bin\api-ms-win-core-console-l1-1-0.dll
0x0000000002ef0000 - 0x0000000002ef3000 	C:\Program Files\Java\jdk1.8.0_231\jre\bin\api-ms-win-core-datetime-l1-1-0.dll
0x0000000017890000 - 0x0000000017893000 	C:\Program Files\Java\jdk1.8.0_231\jre\bin\api-ms-win-core-debug-l1-1-0.dll
0x00000000178a0000 - 0x00000000178a3000 	C:\Program Files\Java\jdk1.8.0_231\jre\bin\api-ms-win-core-errorhandling-l1-1-0.dll
0x00000000178b0000 - 0x00000000178b4000 	C:\Program Files\Java\jdk1.8.0_231\jre\bin\api-ms-win-core-file-l1-1-0.dll
0x00000000178c0000 - 0x00000000178c3000 	C:\Program Files\Java\jdk1.8.0_231\jre\bin\api-ms-win-core-file-l1-2-0.dll
0x00000000178d0000 - 0x00000000178d3000 	C:\Program Files\Java\jdk1.8.0_231\jre\bin\api-ms-win-core-file-l2-1-0.dll
0x00000000178e0000 - 0x00000000178e3000 	C:\Program Files\Java\jdk1.8.0_231\jre\bin\api-ms-win-core-handle-l1-1-0.dll
0x00000000178f0000 - 0x00000000178f3000 	C:\Program Files\Java\jdk1.8.0_231\jre\bin\api-ms-win-core-heap-l1-1-0.dll
0x0000000017900000 - 0x0000000017903000 	C:\Program Files\Java\jdk1.8.0_231\jre\bin\api-ms-win-core-interlocked-l1-1-0.dll
0x0000000017910000 - 0x0000000017913000 	C:\Program Files\Java\jdk1.8.0_231\jre\bin\api-ms-win-core-libraryloader-l1-1-0.dll
0x0000000017920000 - 0x0000000017923000 	C:\Program Files\Java\jdk1.8.0_231\jre\bin\api-ms-win-core-localization-l1-2-0.dll
0x0000000017930000 - 0x0000000017933000 	C:\Program Files\Java\jdk1.8.0_231\jre\bin\api-ms-win-core-memory-l1-1-0.dll
0x0000000017940000 - 0x0000000017943000 	C:\Program Files\Java\jdk1.8.0_231\jre\bin\api-ms-win-core-namedpipe-l1-1-0.dll
0x0000000017950000 - 0x0000000017953000 	C:\Program Files\Java\jdk1.8.0_231\jre\bin\api-ms-win-core-processenvironment-l1-1-0.dll
0x0000000017960000 - 0x0000000017963000 	C:\Program Files\Java\jdk1.8.0_231\jre\bin\api-ms-win-core-processthreads-l1-1-0.dll
0x0000000017970000 - 0x0000000017973000 	C:\Program Files\Java\jdk1.8.0_231\jre\bin\api-ms-win-core-processthreads-l1-1-1.dll
0x0000000017980000 - 0x0000000017983000 	C:\Program Files\Java\jdk1.8.0_231\jre\bin\api-ms-win-core-profile-l1-1-0.dll
0x0000000017990000 - 0x0000000017993000 	C:\Program Files\Java\jdk1.8.0_231\jre\bin\api-ms-win-core-rtlsupport-l1-1-0.dll
0x00000000179a0000 - 0x00000000179a3000 	C:\Program Files\Java\jdk1.8.0_231\jre\bin\api-ms-win-core-string-l1-1-0.dll
0x00000000179b0000 - 0x00000000179b3000 	C:\Program Files\Java\jdk1.8.0_231\jre\bin\api-ms-win-core-synch-l1-1-0.dll
0x00000000179c0000 - 0x00000000179c3000 	C:\Program Files\Java\jdk1.8.0_231\jre\bin\api-ms-win-core-synch-l1-2-0.dll
0x00000000179d0000 - 0x00000000179d3000 	C:\Program Files\Java\jdk1.8.0_231\jre\bin\api-ms-win-core-sysinfo-l1-1-0.dll
0x00000000179e0000 - 0x00000000179e3000 	C:\Program Files\Java\jdk1.8.0_231\jre\bin\api-ms-win-core-timezone-l1-1-0.dll
0x00000000179f0000 - 0x00000000179f3000 	C:\Program Files\Java\jdk1.8.0_231\jre\bin\api-ms-win-core-util-l1-1-0.dll
0x0000000017a00000 - 0x0000000017a03000 	C:\Program Files\Java\jdk1.8.0_231\jre\bin\api-ms-win-crt-conio-l1-1-0.dll
0x0000000017a10000 - 0x0000000017a14000 	C:\Program Files\Java\jdk1.8.0_231\jre\bin\api-ms-win-crt-convert-l1-1-0.dll
0x0000000017a20000 - 0x0000000017a23000 	C:\Program Files\Java\jdk1.8.0_231\jre\bin\api-ms-win-crt-environment-l1-1-0.dll
0x0000000017a30000 - 0x0000000017a33000 	C:\Program Files\Java\jdk1.8.0_231\jre\bin\api-ms-win-crt-filesystem-l1-1-0.dll
0x0000000017a40000 - 0x0000000017a43000 	C:\Program Files\Java\jdk1.8.0_231\jre\bin\api-ms-win-crt-heap-l1-1-0.dll
0x0000000017a50000 - 0x0000000017a53000 	C:\Program Files\Java\jdk1.8.0_231\jre\bin\api-ms-win-crt-locale-l1-1-0.dll
0x0000000017a60000 - 0x0000000017a65000 	C:\Program Files\Java\jdk1.8.0_231\jre\bin\api-ms-win-crt-math-l1-1-0.dll
0x0000000017a70000 - 0x0000000017a75000 	C:\Program Files\Java\jdk1.8.0_231\jre\bin\api-ms-win-crt-multibyte-l1-1-0.dll
0x0000000017a80000 - 0x0000000017a90000 	C:\Program Files\Java\jdk1.8.0_231\jre\bin\api-ms-win-crt-private-l1-1-0.dll
0x0000000017a90000 - 0x0000000017a93000 	C:\Program Files\Java\jdk1.8.0_231\jre\bin\api-ms-win-crt-process-l1-1-0.dll
0x0000000017aa0000 - 0x0000000017aa4000 	C:\Program Files\Java\jdk1.8.0_231\jre\bin\api-ms-win-crt-runtime-l1-1-0.dll
0x0000000017ab0000 - 0x0000000017ab4000 	C:\Program Files\Java\jdk1.8.0_231\jre\bin\api-ms-win-crt-stdio-l1-1-0.dll
0x0000000017ac0000 - 0x0000000017ac4000 	C:\Program Files\Java\jdk1.8.0_231\jre\bin\api-ms-win-crt-string-l1-1-0.dll
0x0000000017ad0000 - 0x0000000017ad3000 	C:\Program Files\Java\jdk1.8.0_231\jre\bin\api-ms-win-crt-time-l1-1-0.dll
0x0000000017ae0000 - 0x0000000017ae3000 	C:\Program Files\Java\jdk1.8.0_231\jre\bin\api-ms-win-crt-utility-l1-1-0.dll
0x00007ffaee690000 - 0x00007ffaee78c000 	C:\Program Files\Java\jdk1.8.0_231\jre\bin\ucrtbase.dll
0x00007ffaff9a0000 - 0x00007ffaff9b5000 	C:\Program Files\Java\jdk1.8.0_231\jre\bin\vcruntime140.dll
0x00007ffaf2ac0000 - 0x00007ffaf2b5b000 	C:\Program Files\Java\jdk1.8.0_231\jre\bin\msvcp140.dll
0x00007ffaf0ac0000 - 0x00007ffaf0b11000 	C:\Program Files\Java\jdk1.8.0_231\jre\bin\concrt140.dll
0x00007ffaf7310000 - 0x00007ffaf7333000 	C:\Program Files\Java\jdk1.8.0_231\jre\bin\prism_d3d.dll
0x00007ffad7d20000 - 0x00007ffad7ee7000 	C:\Windows\system32\d3d9.dll
0x00007ffb0be40000 - 0x00007ffb0be6d000 	C:\Windows\SYSTEM32\dwmapi.dll
0x00007ffb0c6c0000 - 0x00007ffb0c6e0000 	C:\Windows\SYSTEM32\dxcore.dll
0x00007ffb0b980000 - 0x00007ffb0ba19000 	C:\Windows\system32\uxtheme.dll
0x00007ffae7110000 - 0x00007ffae72d0000 	C:\Windows\System32\DriverStore\FileRepository\iigd_dch.inf_amd64_38bfcb542ef4272e\igdumdim64.dll
0x00007ffb03120000 - 0x00007ffb03272000 	C:\Windows\System32\DriverStore\FileRepository\iigd_dch.inf_amd64_38bfcb542ef4272e\igdgmm64.dll
0x00007ffaef2d0000 - 0x00007ffaef315000 	C:\Program Files\Java\jdk1.8.0_231\jre\bin\glass.dll
0x00007ffb100e0000 - 0x00007ffb101b0000 	C:\Windows\System32\COMDLG32.dll
0x00007ffb109e0000 - 0x00007ffb10b36000 	C:\Windows\System32\ole32.dll
0x00007ffb101b0000 - 0x00007ffb10274000 	C:\Windows\System32\OLEAUT32.dll
0x00007ffb0ffa0000 - 0x00007ffb100d5000 	C:\Windows\System32\MSCTF.dll
0x00007ffaa5780000 - 0x00007ffaa935b000 	C:\Windows\System32\DriverStore\FileRepository\iigd_dch.inf_amd64_38bfcb542ef4272e\igd9dxva64.dll
0x00007ffaffad0000 - 0x00007ffaffaf2000 	C:\Windows\System32\DriverStore\FileRepository\iigd_dch.inf_amd64_38bfcb542ef4272e\igdinfo64.dll
0x00007ffb00740000 - 0x00007ffb02a96000 	C:\Windows\System32\DriverStore\FileRepository\iigd_dch.inf_amd64_38bfcb542ef4272e\igc64.dll
0x00007ffaf2f90000 - 0x00007ffaf2fbc000 	C:\Program Files\Java\jdk1.8.0_231\jre\bin\javafx_iio.dll
0x00007ffaf72f0000 - 0x00007ffaf7304000 	C:\Program Files\Java\jdk1.8.0_231\jre\bin\javafx_font.dll
0x00007ffb061d0000 - 0x00007ffb064ce000 	C:\Windows\SYSTEM32\dwrite.dll
0x00007ffb0f290000 - 0x00007ffb0f332000 	C:\Windows\System32\clbcatq.dll
0x00007ffb05bb0000 - 0x00007ffb05d5f000 	C:\Windows\SYSTEM32\WindowsCodecs.dll
0x00007ffafdd80000 - 0x00007ffafddba000 	C:\Windows\system32\dataexchange.dll
0x00007ffb09ac0000 - 0x00007ffb09d1b000 	C:\Windows\system32\d3d11.dll
0x00007ffb0c750000 - 0x00007ffb0c83b000 	C:\Windows\system32\dxgi.dll
0x00007ffb0aa70000 - 0x00007ffb0ac4b000 	C:\Windows\system32\dcomp.dll
0x00007ffb0baf0000 - 0x00007ffb0bd4a000 	C:\Windows\system32\twinapi.appcore.dll
0x00007ffb0bf50000 - 0x00007ffb0bf79000 	C:\Windows\system32\RMCLIENT.dll
0x00007ffaef9c0000 - 0x00007ffaef9f3000 	C:\Program Files\Common Files\Microsoft Shared\Ink\rtscom.dll
0x00007ffb096b0000 - 0x00007ffb0974e000 	C:\Windows\System32\TextInputFramework.dll
0x00007ffb0ac50000 - 0x00007ffb0ad24000 	C:\Windows\System32\CoreMessaging.dll
0x00007ffb065d0000 - 0x00007ffb068fa000 	C:\Windows\System32\CoreUIComponents.dll
0x00007ffb0cab0000 - 0x00007ffb0cae1000 	C:\Windows\SYSTEM32\ntmarta.dll
0x00007ffb08c60000 - 0x00007ffb08db3000 	C:\Windows\SYSTEM32\wintypes.dll
0x00007ffafea40000 - 0x00007ffafece6000 	C:\Windows\System32\iertutil.dll
0x00007ffaf07e0000 - 0x00007ffaf07f1000 	C:\Program Files\Java\jdk1.8.0_231\jre\bin\prism_common.dll
0x00007ffb0c370000 - 0x00007ffb0c564000 	C:\Windows\SYSTEM32\dbghelp.dll

VM Arguments:
jvm_args: -javaagent:C:\Program Files\JetBrains\IntelliJ IDEA 2019.2.3\lib\idea_rt.jar=65513:C:\Program Files\JetBrains\IntelliJ IDEA 2019.2.3\bin -Dfile.encoding=UTF-8 
java_command: sample.Main
java_class_path (initial): C:\Program Files\Java\jdk1.8.0_231\jre\lib\charsets.jar;C:\Program Files\Java\jdk1.8.0_231\jre\lib\deploy.jar;C:\Program Files\Java\jdk1.8.0_231\jre\lib\ext\access-bridge-64.jar;C:\Program Files\Java\jdk1.8.0_231\jre\lib\ext\cldrdata.jar;C:\Program Files\Java\jdk1.8.0_231\jre\lib\ext\dnsns.jar;C:\Program Files\Java\jdk1.8.0_231\jre\lib\ext\jaccess.jar;C:\Program Files\Java\jdk1.8.0_231\jre\lib\ext\jfxrt.jar;C:\Program Files\Java\jdk1.8.0_231\jre\lib\ext\localedata.jar;C:\Program Files\Java\jdk1.8.0_231\jre\lib\ext\nashorn.jar;C:\Program Files\Java\jdk1.8.0_231\jre\lib\ext\sunec.jar;C:\Program Files\Java\jdk1.8.0_231\jre\lib\ext\sunjce_provider.jar;C:\Program Files\Java\jdk1.8.0_231\jre\lib\ext\sunmscapi.jar;C:\Program Files\Java\jdk1.8.0_231\jre\lib\ext\sunpkcs11.jar;C:\Program Files\Java\jdk1.8.0_231\jre\lib\ext\zipfs.jar;C:\Program Files\Java\jdk1.8.0_231\jre\lib\javaws.jar;C:\Program Files\Java\jdk1.8.0_231\jre\lib\jce.jar;C:\Program Files\Java\jdk1.8.0_231\jre\lib\jfr.jar;C:\Program Files\Java\jdk1.8.0_231\jre\lib\jfxswt.jar;C:\Program Files\Java\jdk1.8.0_231\jre\lib\jsse.jar;C:\Program Files\Java\jdk1.8.0_231\jre\lib\management-agent.jar;C:\Program Files\Java\jdk1.8.0_231\jre\lib\plugin.jar;C:\Program Files\Java\jdk1.8.0_231\jre\lib\resources.jar;C:\Program Files\Java\jdk1.8.0_231\jre\lib\rt.jar;C:\Users\DELL\IdeaProjects\Crime_game\out\production\Crime_game;C:\Program Files\JetBrains\IntelliJ IDEA 2019.2.3\lib\idea_rt.jar
Launcher Type: SUN_STANDARD

Environment Variables:
JAVA_HOME=C:\Program Files\Java\jdk1.8.0_231
PATH=C:\Program Files\Java\jdk1.8.0_231\bin;C:\Program Files (x86)\Common Files\Oracle\Java\javapath;C:\Windows\system32;C:\Windows;C:\Windows\System32\Wbem;C:\Windows\System32\WindowsPowerShell\v1.0\;C:\Windows\System32\OpenSSH\;C:\Program Files\Git\cmd;C:\Program Files\Git\mingw64\bin;C:\Program Files\Git\usr\bin;C:\gradle-5.6.4\bin;;C:\Users\DELL\AppData\Local\Programs\Microsoft VS Code\bin
USERNAME=DELL
OS=Windows_NT
PROCESSOR_IDENTIFIER=Intel64 Family 6 Model 142 Stepping 9, GenuineIntel



---------------  S Y S T E M  ---------------

OS: Windows 10.0 , 64 bit Build 18362 (10.0.18362.329)

CPU:total 4 (initial active 4) (2 cores per cpu, 2 threads per core) family 6 model 142 stepping 9, cmov, cx8, fxsr, mmx, sse, sse2, sse3, ssse3, sse4.1, sse4.2, popcnt, avx, avx2, aes, clmul, erms, 3dnowpref, lzcnt, ht, tsc, tscinvbit, bmi1, bmi2, adx

Memory: 4k page, physical 4089796k(485756k free), swap 13002692k(4912116k free)

vm_info: Java HotSpot(TM) 64-Bit Server VM (25.231-b11) for windows-amd64 JRE (1.8.0_231-b11), built on Oct  5 2019 03:11:30 by "java_re" with MS VC++ 10.0 (VS2010)

time: Fri Jan 10 21:23:32 2020
timezone: Œrodkowoeuropejski czas stand.
elapsed time: 25 seconds (0d 0h 0m 25s)

