#
# A fatal error has been detected by the Java Runtime Environment:
#
#  EXCEPTION_ACCESS_VIOLATION (0xc0000005) at pc=0x00007ffaf78265c0, pid=5936, tid=0x00000000000021cc
#
# JRE version: Java(TM) SE Runtime Environment (8.0_231-b11) (build 1.8.0_231-b11)
# Java VM: Java HotSpot(TM) 64-Bit Server VM (25.231-b11 mixed mode windows-amd64 compressed oops)
# Problematic frame:
# C  [glass.dll+0x265c0]
#
# Failed to write core dump. Minidumps are not enabled by default on client versions of Windows
#
# If you would like to submit a bug report, please visit:
#   http://bugreport.java.com/bugreport/crash.jsp
#

---------------  T H R E A D  ---------------

Current thread (0x0000000015038000):  VMThread [stack: 0x00000000160e0000,0x00000000161e0000] [id=8652]

siginfo: ExceptionCode=0xc0000005, reading address 0x0000000000000000

Registers:
RAX=0x0000000000000000, RBX=0x000000001729a650, RCX=0x0000000015038000, RDX=0x0000000052023578
RSP=0x00000000161def50, RBP=0x0000000000b8cc58, RSI=0x0000000000b8cc30, RDI=0x000032648696482e
R8 =0x0000000000010002, R9 =0x000032648696482e, R10=0x0000000000008000, R11=0x00000000161deef0
R12=0x00007ffaf78239e4, R13=0x00000000027c1658, R14=0x00000000161df058, R15=0x0000000000b8cc30
RIP=0x00007ffaf78265c0, EFLAGS=0x0000000000010206

Top of Stack: (sp=0x00000000161def50)
0x00000000161def50:   0000000000000000 00007ffb0df114cb
0x00000000161def60:   0000000000b8cc40 0000000000b8cc30
0x00000000161def70:   fffffffffffffffe 00007ffaf783a1b0
0x00000000161def80:   0000000000b8cc38 00007ffb0df19d06
0x00000000161def90:   0000000000b8cc40 0000000000000000
0x00000000161defa0:   0000000000000000 00007ffb0df19f46
0x00000000161defb0:   fffffffffffffffe 0000000000000000
0x00000000161defc0:   0000000000000001 00007ffaf7800000
0x00000000161defd0:   00000000161df048 00007ffb0df19c2b
0x00000000161defe0:   0000000000000000 00000000161df058
0x00000000161deff0:   0000000014f45400 00007ffb0dfebc20
0x00000000161df000:   0000000000000000 00007ffb0df19be4
0x00000000161df010:   0000000000000000 0000000000000001
0x00000000161df020:   0000000000000001 00000000161df048
0x00000000161df030:   0000000000000000 00007ffaf7823872
0x00000000161df040:   00007ffaf783d128 00007ffb00000002 

Instructions: (pc=0x00007ffaf78265c0)
0x00007ffaf78265a0:   40 53 48 83 ec 30 48 c7 44 24 20 fe ff ff ff 48
0x00007ffaf78265b0:   8b 1d 6a 65 01 00 48 85 db 74 16 e8 b0 85 ff ff
0x00007ffaf78265c0:   4c 8b 00 48 8b d3 48 8b c8 41 ff 90 b0 00 00 00
0x00007ffaf78265d0:   90 48 83 c4 30 5b c3 cc cc cc cc cc cc cc cc cc 


Register to memory mapping:

RAX=0x0000000000000000 is an unknown value
RBX=0x000000001729a650 is a global jni handle
RCX=0x0000000015038000 is an unknown value
RDX=0x0000000052023578 is an unknown value
RSP=0x00000000161def50 is an unknown value
RBP=0x0000000000b8cc58 is an unknown value
RSI=0x0000000000b8cc30 is an unknown value
RDI=0x000032648696482e is an unknown value
R8 =0x0000000000010002 is an unknown value
R9 =0x000032648696482e is an unknown value
R10=0x0000000000008000 is an unknown value
R11=0x00000000161deef0 is an unknown value
R12=0x00007ffaf78239e4 is an unknown value
R13=0x00000000027c1658 is an unknown value
R14=0x00000000161df058 is an unknown value
R15=0x0000000000b8cc30 is an unknown value


Stack: [0x00000000160e0000,0x00000000161e0000],  sp=0x00000000161def50,  free space=1019k
Native frames: (J=compiled Java code, j=interpreted, Vv=VM code, C=native code)
C  [glass.dll+0x265c0]
C  [ucrtbase.dll+0x19d06]
C  [ucrtbase.dll+0x19c2b]
C  [ucrtbase.dll+0x19be4]
C  [glass.dll+0x23872]
C  [glass.dll+0x23998]
C  [ntdll.dll+0x250a1]
C  [ntdll.dll+0x6ab02]
C  [ntdll.dll+0x6a9ad]
C  [KERNEL32.DLL+0x1cd8a]
C  [msvcr100.dll+0x20ccd]
V  [jvm.dll+0x2142d5]
V  [jvm.dll+0x24d677]
V  [jvm.dll+0x24c916]
V  [jvm.dll+0x24cdb1]
V  [jvm.dll+0x24cfce]
V  [jvm.dll+0x29fd8a]
C  [msvcr100.dll+0x21d9f]
C  [msvcr100.dll+0x21e3b]
C  [KERNEL32.DLL+0x17bd4]
C  [ntdll.dll+0x6ced1]

VM_Operation (0x0000000017fb99a0): Exit, mode: safepoint, requested by thread 0x0000000017298800


---------------  P R O C E S S  ---------------

Java Threads: ( => current thread )
  0x000000001ee29000 JavaThread "Prism Font Disposer" daemon [_thread_blocked, id=5212, stack(0x0000000025d50000,0x0000000025e50000)]
  0x00000000172d6800 JavaThread "JavaFX-Launcher" [_thread_blocked, id=7132, stack(0x000000001eb90000,0x000000001ec90000)]
  0x00000000172bb800 JavaThread "Thread-2" daemon [_thread_in_native, id=3796, stack(0x000000001ea90000,0x000000001eb90000)]
  0x0000000017298800 JavaThread "JavaFX Application Thread" [_thread_blocked, id=5824, stack(0x0000000017ec0000,0x0000000017fc0000)]
  0x000000001723d000 JavaThread "Thread-1" daemon [_thread_blocked, id=4008, stack(0x0000000017dc0000,0x0000000017ec0000)]
  0x0000000016aea800 JavaThread "QuantumRenderer-0" daemon [_thread_blocked, id=6652, stack(0x0000000017a20000,0x0000000017b20000)]
  0x00000000167bd000 JavaThread "Service Thread" daemon [_thread_blocked, id=11364, stack(0x0000000016ef0000,0x0000000016ff0000)]
  0x00000000150ba800 JavaThread "C1 CompilerThread2" daemon [_thread_blocked, id=11848, stack(0x0000000016df0000,0x0000000016ef0000)]
  0x00000000150b9000 JavaThread "C2 CompilerThread1" daemon [_thread_blocked, id=4544, stack(0x0000000016cf0000,0x0000000016df0000)]
  0x000000001509b000 JavaThread "C2 CompilerThread0" daemon [_thread_blocked, id=2324, stack(0x0000000016bf0000,0x0000000016cf0000)]
  0x000000001509a800 JavaThread "Monitor Ctrl-Break" daemon [_thread_in_native, id=12504, stack(0x0000000016af0000,0x0000000016bf0000)]
  0x0000000015077000 JavaThread "Attach Listener" daemon [_thread_blocked, id=7356, stack(0x00000000165f0000,0x00000000166f0000)]
  0x0000000015075800 JavaThread "Signal Dispatcher" daemon [_thread_blocked, id=8072, stack(0x00000000164f0000,0x00000000165f0000)]
  0x0000000002a7c800 JavaThread "Finalizer" daemon [_thread_blocked, id=9168, stack(0x00000000162e0000,0x00000000163e0000)]
  0x000000001505a000 JavaThread "Reference Handler" daemon [_thread_blocked, id=12896, stack(0x00000000161e0000,0x00000000162e0000)]
  0x0000000002983000 JavaThread "main" [_thread_blocked, id=13564, stack(0x00000000024e0000,0x00000000025e0000)]

Other Threads:
=>0x0000000015038000 VMThread [stack: 0x00000000160e0000,0x00000000161e0000] [id=8652]

VM state:at safepoint (shutting down)

VM Mutex/Monitor currently owned by a thread:  ([mutex/lock_event])
[0x00000000027cde90] Threads_lock - owner thread: 0x0000000015038000

heap address: 0x00000000c1800000, size: 1000 MB, Compressed Oops mode: 32-bit
Narrow klass base: 0x0000000000000000, Narrow klass shift: 3
Compressed class space size: 1073741824 Address: 0x0000000100000000

Heap:
 PSYoungGen      total 18944K, used 16001K [0x00000000eb300000, 0x00000000ed800000, 0x0000000100000000)
  eden space 16384K, 82% used [0x00000000eb300000,0x00000000ec022290,0x00000000ec300000)
  from space 2560K, 99% used [0x00000000ec300000,0x00000000ec57e4b0,0x00000000ec580000)
  to   space 2560K, 0% used [0x00000000ed580000,0x00000000ed580000,0x00000000ed800000)
 ParOldGen       total 44032K, used 14527K [0x00000000c1800000, 0x00000000c4300000, 0x00000000eb300000)
  object space 44032K, 32% used [0x00000000c1800000,0x00000000c262fcb0,0x00000000c4300000)
 Metaspace       used 15231K, capacity 15918K, committed 16128K, reserved 1062912K
  class space    used 2064K, capacity 2277K, committed 2304K, reserved 1048576K

Card table byte_map: [0x0000000011e40000,0x0000000012040000] byte_map_base: 0x0000000011834000

Marking Bits: (ParMarkBitMap*) 0x0000000052216d90
 Begin Bits: [0x0000000012590000, 0x0000000013530000)
 End Bits:   [0x0000000013530000, 0x00000000144d0000)

Polling page: 0x0000000000cc0000

CodeCache: size=245760Kb used=7292Kb max_used=7301Kb free=238467Kb
 bounds [0x0000000002a80000, 0x00000000031b0000, 0x0000000011a80000]
 total_blobs=2870 nmethods=2218 adapters=563
 compilation: enabled

Compilation events (10 events):
Event: 13.223 Thread 0x00000000150ba800 nmethod 2216 0x000000000319f5d0 code [0x000000000319f760, 0x000000000319f9b0]
Event: 13.223 Thread 0x00000000150ba800 2218       1       com.sun.javafx.font.LogicalFont::getFamilyName (5 bytes)
Event: 13.223 Thread 0x00000000150ba800 nmethod 2218 0x000000000319fa50 code [0x000000000319fba0, 0x000000000319fcb0]
Event: 13.238 Thread 0x00000000150b9000 nmethod 2217 0x00000000031a3490 code [0x00000000031a36a0, 0x00000000031a41e0]
Event: 13.307 Thread 0x00000000150ba800 2221       3       javafx.stage.Window::buildEventDispatchChain (32 bytes)
Event: 13.307 Thread 0x00000000150ba800 nmethod 2221 0x00000000031a2d90 code [0x00000000031a2f20, 0x00000000031a3338]
Event: 13.310 Thread 0x00000000150ba800 2223       3       java.util.HashMap$KeySet::iterator (12 bytes)
Event: 13.311 Thread 0x00000000150ba800 nmethod 2223 0x00000000031a2510 code [0x00000000031a2680, 0x00000000031a28e8]
Event: 13.311 Thread 0x00000000150ba800 2224       3       java.util.HashMap$KeyIterator::<init> (11 bytes)
Event: 13.311 Thread 0x00000000150ba800 nmethod 2224 0x00000000031a2150 code [0x00000000031a22c0, 0x00000000031a2468]

GC Heap History (6 events):
Event: 0.748 GC heap before
{Heap before GC invocations=1 (full 0):
 PSYoungGen      total 18944K, used 12985K [0x00000000eb300000, 0x00000000ec800000, 0x0000000100000000)
  eden space 16384K, 79% used [0x00000000eb300000,0x00000000ebfae6a0,0x00000000ec300000)
  from space 2560K, 0% used [0x00000000ec580000,0x00000000ec580000,0x00000000ec800000)
  to   space 2560K, 0% used [0x00000000ec300000,0x00000000ec300000,0x00000000ec580000)
 ParOldGen       total 44032K, used 0K [0x00000000c1800000, 0x00000000c4300000, 0x00000000eb300000)
  object space 44032K, 0% used [0x00000000c1800000,0x00000000c1800000,0x00000000c4300000)
 Metaspace       used 7072K, capacity 7372K, committed 7680K, reserved 1056768K
  class space    used 813K, capacity 904K, committed 1024K, reserved 1048576K
Event: 0.750 GC heap after
Heap after GC invocations=1 (full 0):
 PSYoungGen      total 18944K, used 1632K [0x00000000eb300000, 0x00000000ec800000, 0x0000000100000000)
  eden space 16384K, 0% used [0x00000000eb300000,0x00000000eb300000,0x00000000ec300000)
  from space 2560K, 63% used [0x00000000ec300000,0x00000000ec498020,0x00000000ec580000)
  to   space 2560K, 0% used [0x00000000ec580000,0x00000000ec580000,0x00000000ec800000)
 ParOldGen       total 44032K, used 8K [0x00000000c1800000, 0x00000000c4300000, 0x00000000eb300000)
  object space 44032K, 0% used [0x00000000c1800000,0x00000000c1802000,0x00000000c4300000)
 Metaspace       used 7072K, capacity 7372K, committed 7680K, reserved 1056768K
  class space    used 813K, capacity 904K, committed 1024K, reserved 1048576K
}
Event: 1.200 GC heap before
{Heap before GC invocations=2 (full 0):
 PSYoungGen      total 18944K, used 17595K [0x00000000eb300000, 0x00000000ec800000, 0x0000000100000000)
  eden space 16384K, 97% used [0x00000000eb300000,0x00000000ec296e68,0x00000000ec300000)
  from space 2560K, 63% used [0x00000000ec300000,0x00000000ec498020,0x00000000ec580000)
  to   space 2560K, 0% used [0x00000000ec580000,0x00000000ec580000,0x00000000ec800000)
 ParOldGen       total 44032K, used 8K [0x00000000c1800000, 0x00000000c4300000, 0x00000000eb300000)
  object space 44032K, 0% used [0x00000000c1800000,0x00000000c1802000,0x00000000c4300000)
 Metaspace       used 9961K, capacity 10326K, committed 10496K, reserved 1058816K
  class space    used 1290K, capacity 1410K, committed 1536K, reserved 1048576K
Event: 1.205 GC heap after
Heap after GC invocations=2 (full 0):
 PSYoungGen      total 18944K, used 2537K [0x00000000eb300000, 0x00000000ec800000, 0x0000000100000000)
  eden space 16384K, 0% used [0x00000000eb300000,0x00000000eb300000,0x00000000ec300000)
  from space 2560K, 99% used [0x00000000ec580000,0x00000000ec7fa4c0,0x00000000ec800000)
  to   space 2560K, 0% used [0x00000000ec300000,0x00000000ec300000,0x00000000ec580000)
 ParOldGen       total 44032K, used 7019K [0x00000000c1800000, 0x00000000c4300000, 0x00000000eb300000)
  object space 44032K, 15% used [0x00000000c1800000,0x00000000c1edaf20,0x00000000c4300000)
 Metaspace       used 9961K, capacity 10326K, committed 10496K, reserved 1058816K
  class space    used 1290K, capacity 1410K, committed 1536K, reserved 1048576K
}
Event: 1.911 GC heap before
{Heap before GC invocations=3 (full 0):
 PSYoungGen      total 18944K, used 18921K [0x00000000eb300000, 0x00000000ec800000, 0x0000000100000000)
  eden space 16384K, 100% used [0x00000000eb300000,0x00000000ec300000,0x00000000ec300000)
  from space 2560K, 99% used [0x00000000ec580000,0x00000000ec7fa4c0,0x00000000ec800000)
  to   space 2560K, 0% used [0x00000000ec300000,0x00000000ec300000,0x00000000ec580000)
 ParOldGen       total 44032K, used 7019K [0x00000000c1800000, 0x00000000c4300000, 0x00000000eb300000)
  object space 44032K, 15% used [0x00000000c1800000,0x00000000c1edaf20,0x00000000c4300000)
 Metaspace       used 13109K, capacity 13614K, committed 13824K, reserved 1060864K
  class space    used 1815K, capacity 1948K, committed 2048K, reserved 1048576K
Event: 1.925 GC heap after
Heap after GC invocations=3 (full 0):
 PSYoungGen      total 18944K, used 2553K [0x00000000eb300000, 0x00000000ed800000, 0x0000000100000000)
  eden space 16384K, 0% used [0x00000000eb300000,0x00000000eb300000,0x00000000ec300000)
  from space 2560K, 99% used [0x00000000ec300000,0x00000000ec57e4b0,0x00000000ec580000)
  to   space 2560K, 0% used [0x00000000ed580000,0x00000000ed580000,0x00000000ed800000)
 ParOldGen       total 44032K, used 14527K [0x00000000c1800000, 0x00000000c4300000, 0x00000000eb300000)
  object space 44032K, 32% used [0x00000000c1800000,0x00000000c262fcb0,0x00000000c4300000)
 Metaspace       used 13109K, capacity 13614K, committed 13824K, reserved 1060864K
  class space    used 1815K, capacity 1948K, committed 2048K, reserved 1048576K
}

Deoptimization events (10 events):
Event: 1.769 Thread 0x0000000017298800 Uncommon trap: reason=class_check action=maybe_recompile pc=0x0000000002c0f3a8 method=java.lang.String.equals(Ljava/lang/Object;)Z @ 8
Event: 1.769 Thread 0x0000000017298800 Uncommon trap: reason=class_check action=maybe_recompile pc=0x0000000002c0f3a8 method=java.lang.String.equals(Ljava/lang/Object;)Z @ 8
Event: 1.769 Thread 0x0000000017298800 Uncommon trap: reason=class_check action=maybe_recompile pc=0x0000000002c0f3a8 method=java.lang.String.equals(Ljava/lang/Object;)Z @ 8
Event: 1.771 Thread 0x0000000017298800 Uncommon trap: reason=class_check action=maybe_recompile pc=0x0000000002c0f3a8 method=java.lang.String.equals(Ljava/lang/Object;)Z @ 8
Event: 2.111 Thread 0x0000000016aea800 Uncommon trap: reason=class_check action=maybe_recompile pc=0x0000000002e3a664 method=java.io.BufferedInputStream.read1([BII)I @ 39
Event: 2.112 Thread 0x0000000016aea800 Uncommon trap: reason=unstable_if action=reinterpret pc=0x0000000002e3a13c method=java.io.BufferedInputStream.read1([BII)I @ 60
Event: 3.033 Thread 0x0000000017298800 Uncommon trap: reason=unstable_if action=reinterpret pc=0x0000000002ee93e4 method=jdk.internal.org.objectweb.asm.Type.getArgumentsAndReturnSizes(Ljava/lang/String;)I @ 47
Event: 8.229 Thread 0x0000000017298800 Uncommon trap: reason=unstable_if action=reinterpret pc=0x0000000002e7bd48 method=java.lang.AbstractStringBuilder.append(Ljava/lang/String;)Ljava/lang/AbstractStringBuilder; @ 1
Event: 8.229 Thread 0x0000000017298800 Uncommon trap: reason=unstable_if action=reinterpret pc=0x0000000002d0b204 method=java.lang.AbstractStringBuilder.append(Ljava/lang/String;)Ljava/lang/AbstractStringBuilder; @ 1
Event: 8.317 Thread 0x0000000017298800 Uncommon trap: reason=unstable_if action=reinterpret pc=0x0000000003095d98 method=javafx.scene.Node.isDisable()Z @ 4

Classes redefined (0 events):
No events

Internal exceptions (10 events):
Event: 0.309 Thread 0x0000000002983000 Exception <a 'java/security/PrivilegedActionException'> (0x00000000eb6f1708) thrown at [C:\re\workspace\8-2-build-windows-amd64-cygwin\jdk8u231\13620\hotspot\src\share\vm\prims\jvm.cpp, line 1502]
Event: 0.309 Thread 0x0000000002983000 Exception <a 'java/lang/NullPointerException'> (0x00000000eb6f2110) thrown at [C:\re\workspace\8-2-build-windows-amd64-cygwin\jdk8u231\13620\hotspot\src\share\vm\interpreter\linkResolver.cpp, line 1185]
Event: 0.352 Thread 0x0000000002983000 Implicit null exception at 0x0000000002ba32d5 to 0x0000000002ba3499
Event: 0.975 Thread 0x0000000017298800 Exception <a 'java/lang/NullPointerException'> (0x00000000eba96420) thrown at [C:\re\workspace\8-2-build-windows-amd64-cygwin\jdk8u231\13620\hotspot\src\share\vm\interpreter\linkResolver.cpp, line 1185]
Event: 0.975 Thread 0x0000000017298800 Exception <a 'java/lang/NullPointerException'> (0x00000000eba96420) thrown at [C:\re\workspace\8-2-build-windows-amd64-cygwin\jdk8u231\13620\hotspot\src\share\vm\prims\jvm.cpp, line 1506]
Event: 1.409 Thread 0x0000000017298800 Implicit null exception at 0x0000000002d464f5 to 0x0000000002d46705
Event: 1.685 Thread 0x0000000017298800 Exception <a 'java/io/FileNotFoundException'> (0x00000000ebf51718) thrown at [C:\re\workspace\8-2-build-windows-amd64-cygwin\jdk8u231\13620\hotspot\src\share\vm\prims\jni.cpp, line 710]
Event: 8.229 Thread 0x0000000017298800 Implicit null exception at 0x0000000002e7b996 to 0x0000000002e7bd31
Event: 8.229 Thread 0x0000000017298800 Implicit null exception at 0x0000000002d0ae56 to 0x0000000002d0b1ed
Event: 13.311 Thread 0x0000000021477000 Exception <a 'java/lang/IllegalStateException'> (0x00000000ec014478) thrown at [C:\re\workspace\8-2-build-windows-amd64-cygwin\jdk8u231\13620\hotspot\src\share\vm\prims\jvm.cpp, line 1506]

Events (10 events):
Event: 13.310 loading class com/sun/javafx/tk/quantum/QuantumRenderer
Event: 13.310 loading class com/sun/javafx/tk/quantum/QuantumRenderer done
Event: 13.311 loading class com/sun/javafx/tk/quantum/QuantumToolkit
Event: 13.311 loading class com/sun/javafx/tk/quantum/QuantumToolkit done
Event: 13.311 loading class java/util/LinkedList$ListItr
Event: 13.311 loading class java/util/LinkedList$ListItr done
Event: 13.311 loading class com/sun/prism/ResourceFactoryListener
Event: 13.311 loading class com/sun/prism/ResourceFactoryListener done
Event: 13.311 Thread 0x0000000021477000 Thread exited: 0x0000000021477000
Event: 13.311 Executing VM operation: Exit


Dynamic libraries:
0x00007ff73e660000 - 0x00007ff73e697000 	C:\Program Files\Java\jdk1.8.0_231\bin\java.exe
0x00007ffb10b80000 - 0x00007ffb10d70000 	C:\Windows\SYSTEM32\ntdll.dll
0x00007ffb0f1a0000 - 0x00007ffb0f252000 	C:\Windows\System32\KERNEL32.DLL
0x00007ffb0e100000 - 0x00007ffb0e3a3000 	C:\Windows\System32\KERNELBASE.dll
0x00007ffb0f660000 - 0x00007ffb0f703000 	C:\Windows\System32\ADVAPI32.dll
0x00007ffb0f3d0000 - 0x00007ffb0f46e000 	C:\Windows\System32\msvcrt.dll
0x00007ffb0f0a0000 - 0x00007ffb0f137000 	C:\Windows\System32\sechost.dll
0x00007ffb0f540000 - 0x00007ffb0f660000 	C:\Windows\System32\RPCRT4.dll
0x00007ffb10630000 - 0x00007ffb107c4000 	C:\Windows\System32\USER32.dll
0x00007ffb0eb50000 - 0x00007ffb0eb71000 	C:\Windows\System32\win32u.dll
0x00007ffb107d0000 - 0x00007ffb107f6000 	C:\Windows\System32\GDI32.dll
0x00007ffb0dc10000 - 0x00007ffb0dda4000 	C:\Windows\System32\gdi32full.dll
0x00007ffb0db10000 - 0x00007ffb0dbae000 	C:\Windows\System32\msvcp_win.dll
0x00007ffb0df00000 - 0x00007ffb0dffa000 	C:\Windows\System32\ucrtbase.dll
0x00007ffafc350000 - 0x00007ffafc5d5000 	C:\Windows\WinSxS\amd64_microsoft.windows.common-controls_6595b64144ccf1df_6.0.18362.535_none_e6c3b34713100821\COMCTL32.dll
0x00007ffb102f0000 - 0x00007ffb10626000 	C:\Windows\System32\combase.dll
0x00007ffb0eb80000 - 0x00007ffb0ec00000 	C:\Windows\System32\bcryptPrimitives.dll
0x00007ffb0f260000 - 0x00007ffb0f28e000 	C:\Windows\System32\IMM32.DLL
0x00000000522a0000 - 0x0000000052372000 	C:\Program Files\Java\jdk1.8.0_231\jre\bin\msvcr100.dll
0x00000000519f0000 - 0x0000000052296000 	C:\Program Files\Java\jdk1.8.0_231\jre\bin\server\jvm.dll
0x00007ffb10820000 - 0x00007ffb10828000 	C:\Windows\System32\PSAPI.DLL
0x00007ffaf9d80000 - 0x00007ffaf9d89000 	C:\Windows\SYSTEM32\WSOCK32.dll
0x00007ffb0f4d0000 - 0x00007ffb0f53f000 	C:\Windows\System32\WS2_32.dll
0x00007ffb0b1d0000 - 0x00007ffb0b1f4000 	C:\Windows\SYSTEM32\WINMM.dll
0x00007ffb06940000 - 0x00007ffb0694a000 	C:\Windows\SYSTEM32\VERSION.dll
0x00007ffb0b0a0000 - 0x00007ffb0b0cd000 	C:\Windows\SYSTEM32\WINMMBASE.dll
0x00007ffb0e000000 - 0x00007ffb0e04a000 	C:\Windows\System32\cfgmgr32.dll
0x00007ffaf0370000 - 0x00007ffaf037f000 	C:\Program Files\Java\jdk1.8.0_231\jre\bin\verify.dll
0x00007ffaeb920000 - 0x00007ffaeb949000 	C:\Program Files\Java\jdk1.8.0_231\jre\bin\java.dll
0x00007ffafd4e0000 - 0x00007ffafd503000 	C:\Program Files\Java\jdk1.8.0_231\jre\bin\instrument.dll
0x00007ffaeb840000 - 0x00007ffaeb856000 	C:\Program Files\Java\jdk1.8.0_231\jre\bin\zip.dll
0x00007ffb0f710000 - 0x00007ffb0fdf5000 	C:\Windows\System32\SHELL32.dll
0x00007ffb0fe10000 - 0x00007ffb0feb9000 	C:\Windows\System32\shcore.dll
0x00007ffb0e3b0000 - 0x00007ffb0eb2f000 	C:\Windows\System32\windows.storage.dll
0x00007ffb0daf0000 - 0x00007ffb0db0f000 	C:\Windows\System32\profapi.dll
0x00007ffb0daa0000 - 0x00007ffb0daea000 	C:\Windows\System32\powrprof.dll
0x00007ffb0da50000 - 0x00007ffb0da60000 	C:\Windows\System32\UMPDC.dll
0x00007ffb0ff40000 - 0x00007ffb0ff92000 	C:\Windows\System32\shlwapi.dll
0x00007ffb0da60000 - 0x00007ffb0da71000 	C:\Windows\System32\kernel.appcore.dll
0x00007ffb0eb30000 - 0x00007ffb0eb47000 	C:\Windows\System32\cryptsp.dll
0x00007ffb06050000 - 0x00007ffb0606a000 	C:\Program Files\JetBrains\IntelliJ IDEA 2019.2.3\bin\breakgen64.dll
0x00007ffae27e0000 - 0x00007ffae27fa000 	C:\Program Files\Java\jdk1.8.0_231\jre\bin\net.dll
0x00007ffb0d2c0000 - 0x00007ffb0d327000 	C:\Windows\system32\mswsock.dll
0x0000000002710000 - 0x0000000002713000 	C:\Program Files\Java\jdk1.8.0_231\jre\bin\api-ms-win-core-console-l1-1-0.dll
0x0000000002720000 - 0x0000000002723000 	C:\Program Files\Java\jdk1.8.0_231\jre\bin\api-ms-win-core-datetime-l1-1-0.dll
0x0000000002730000 - 0x0000000002733000 	C:\Program Files\Java\jdk1.8.0_231\jre\bin\api-ms-win-core-debug-l1-1-0.dll
0x0000000002740000 - 0x0000000002743000 	C:\Program Files\Java\jdk1.8.0_231\jre\bin\api-ms-win-core-errorhandling-l1-1-0.dll
0x0000000002750000 - 0x0000000002754000 	C:\Program Files\Java\jdk1.8.0_231\jre\bin\api-ms-win-core-file-l1-1-0.dll
0x0000000002760000 - 0x0000000002763000 	C:\Program Files\Java\jdk1.8.0_231\jre\bin\api-ms-win-core-file-l1-2-0.dll
0x0000000002770000 - 0x0000000002773000 	C:\Program Files\Java\jdk1.8.0_231\jre\bin\api-ms-win-core-file-l2-1-0.dll
0x0000000002780000 - 0x0000000002783000 	C:\Program Files\Java\jdk1.8.0_231\jre\bin\api-ms-win-core-handle-l1-1-0.dll
0x0000000002790000 - 0x0000000002793000 	C:\Program Files\Java\jdk1.8.0_231\jre\bin\api-ms-win-core-heap-l1-1-0.dll
0x00000000027a0000 - 0x00000000027a3000 	C:\Program Files\Java\jdk1.8.0_231\jre\bin\api-ms-win-core-interlocked-l1-1-0.dll
0x00000000027b0000 - 0x00000000027b3000 	C:\Program Files\Java\jdk1.8.0_231\jre\bin\api-ms-win-core-libraryloader-l1-1-0.dll
0x00000000028d0000 - 0x00000000028d3000 	C:\Program Files\Java\jdk1.8.0_231\jre\bin\api-ms-win-core-localization-l1-2-0.dll
0x00000000028e0000 - 0x00000000028e3000 	C:\Program Files\Java\jdk1.8.0_231\jre\bin\api-ms-win-core-memory-l1-1-0.dll
0x00000000028f0000 - 0x00000000028f3000 	C:\Program Files\Java\jdk1.8.0_231\jre\bin\api-ms-win-core-namedpipe-l1-1-0.dll
0x0000000002900000 - 0x0000000002903000 	C:\Program Files\Java\jdk1.8.0_231\jre\bin\api-ms-win-core-processenvironment-l1-1-0.dll
0x0000000002910000 - 0x0000000002913000 	C:\Program Files\Java\jdk1.8.0_231\jre\bin\api-ms-win-core-processthreads-l1-1-0.dll
0x0000000002920000 - 0x0000000002923000 	C:\Program Files\Java\jdk1.8.0_231\jre\bin\api-ms-win-core-processthreads-l1-1-1.dll
0x0000000002930000 - 0x0000000002933000 	C:\Program Files\Java\jdk1.8.0_231\jre\bin\api-ms-win-core-profile-l1-1-0.dll
0x0000000002940000 - 0x0000000002943000 	C:\Program Files\Java\jdk1.8.0_231\jre\bin\api-ms-win-core-rtlsupport-l1-1-0.dll
0x0000000002950000 - 0x0000000002953000 	C:\Program Files\Java\jdk1.8.0_231\jre\bin\api-ms-win-core-string-l1-1-0.dll
0x0000000002960000 - 0x0000000002963000 	C:\Program Files\Java\jdk1.8.0_231\jre\bin\api-ms-win-core-synch-l1-1-0.dll
0x00000000170f0000 - 0x00000000170f3000 	C:\Program Files\Java\jdk1.8.0_231\jre\bin\api-ms-win-core-synch-l1-2-0.dll
0x0000000017100000 - 0x0000000017103000 	C:\Program Files\Java\jdk1.8.0_231\jre\bin\api-ms-win-core-sysinfo-l1-1-0.dll
0x0000000017110000 - 0x0000000017113000 	C:\Program Files\Java\jdk1.8.0_231\jre\bin\api-ms-win-core-timezone-l1-1-0.dll
0x0000000017120000 - 0x0000000017123000 	C:\Program Files\Java\jdk1.8.0_231\jre\bin\api-ms-win-core-util-l1-1-0.dll
0x0000000017130000 - 0x0000000017133000 	C:\Program Files\Java\jdk1.8.0_231\jre\bin\api-ms-win-crt-conio-l1-1-0.dll
0x0000000017140000 - 0x0000000017144000 	C:\Program Files\Java\jdk1.8.0_231\jre\bin\api-ms-win-crt-convert-l1-1-0.dll
0x0000000017150000 - 0x0000000017153000 	C:\Program Files\Java\jdk1.8.0_231\jre\bin\api-ms-win-crt-environment-l1-1-0.dll
0x0000000017160000 - 0x0000000017163000 	C:\Program Files\Java\jdk1.8.0_231\jre\bin\api-ms-win-crt-filesystem-l1-1-0.dll
0x0000000017170000 - 0x0000000017173000 	C:\Program Files\Java\jdk1.8.0_231\jre\bin\api-ms-win-crt-heap-l1-1-0.dll
0x0000000017180000 - 0x0000000017183000 	C:\Program Files\Java\jdk1.8.0_231\jre\bin\api-ms-win-crt-locale-l1-1-0.dll
0x0000000017190000 - 0x0000000017195000 	C:\Program Files\Java\jdk1.8.0_231\jre\bin\api-ms-win-crt-math-l1-1-0.dll
0x00000000171a0000 - 0x00000000171a5000 	C:\Program Files\Java\jdk1.8.0_231\jre\bin\api-ms-win-crt-multibyte-l1-1-0.dll
0x00000000171b0000 - 0x00000000171c0000 	C:\Program Files\Java\jdk1.8.0_231\jre\bin\api-ms-win-crt-private-l1-1-0.dll
0x00000000171c0000 - 0x00000000171c3000 	C:\Program Files\Java\jdk1.8.0_231\jre\bin\api-ms-win-crt-process-l1-1-0.dll
0x00000000171d0000 - 0x00000000171d4000 	C:\Program Files\Java\jdk1.8.0_231\jre\bin\api-ms-win-crt-runtime-l1-1-0.dll
0x00000000171e0000 - 0x00000000171e4000 	C:\Program Files\Java\jdk1.8.0_231\jre\bin\api-ms-win-crt-stdio-l1-1-0.dll
0x00000000171f0000 - 0x00000000171f4000 	C:\Program Files\Java\jdk1.8.0_231\jre\bin\api-ms-win-crt-string-l1-1-0.dll
0x0000000017200000 - 0x0000000017203000 	C:\Program Files\Java\jdk1.8.0_231\jre\bin\api-ms-win-crt-time-l1-1-0.dll
0x0000000017210000 - 0x0000000017213000 	C:\Program Files\Java\jdk1.8.0_231\jre\bin\api-ms-win-crt-utility-l1-1-0.dll
0x00007ffafbd90000 - 0x00007ffafbe8c000 	C:\Program Files\Java\jdk1.8.0_231\jre\bin\ucrtbase.dll
0x00007ffb02d70000 - 0x00007ffb02d85000 	C:\Program Files\Java\jdk1.8.0_231\jre\bin\vcruntime140.dll
0x00007ffaf29a0000 - 0x00007ffaf2a3b000 	C:\Program Files\Java\jdk1.8.0_231\jre\bin\msvcp140.dll
0x00007ffaf7a30000 - 0x00007ffaf7a81000 	C:\Program Files\Java\jdk1.8.0_231\jre\bin\concrt140.dll
0x00007ffafce20000 - 0x00007ffafce43000 	C:\Program Files\Java\jdk1.8.0_231\jre\bin\prism_d3d.dll
0x00007ffae9da0000 - 0x00007ffae9f67000 	C:\Windows\system32\d3d9.dll
0x00007ffb0be40000 - 0x00007ffb0be6d000 	C:\Windows\SYSTEM32\dwmapi.dll
0x00007ffb0c6c0000 - 0x00007ffb0c6e0000 	C:\Windows\SYSTEM32\dxcore.dll
0x00007ffb0b980000 - 0x00007ffb0ba19000 	C:\Windows\system32\uxtheme.dll
0x00007ffaeb970000 - 0x00007ffaebb30000 	C:\Windows\System32\DriverStore\FileRepository\iigd_dch.inf_amd64_38bfcb542ef4272e\igdumdim64.dll
0x00007ffb03120000 - 0x00007ffb03272000 	C:\Windows\System32\DriverStore\FileRepository\iigd_dch.inf_amd64_38bfcb542ef4272e\igdgmm64.dll
0x00007ffaf7800000 - 0x00007ffaf7845000 	C:\Program Files\Java\jdk1.8.0_231\jre\bin\glass.dll
0x00007ffb100e0000 - 0x00007ffb101b0000 	C:\Windows\System32\COMDLG32.dll
0x00007ffb109e0000 - 0x00007ffb10b36000 	C:\Windows\System32\ole32.dll
0x00007ffb101b0000 - 0x00007ffb10274000 	C:\Windows\System32\OLEAUT32.dll
0x00007ffb0ffa0000 - 0x00007ffb100d5000 	C:\Windows\System32\MSCTF.dll
0x00007ffab27b0000 - 0x00007ffab638b000 	C:\Windows\System32\DriverStore\FileRepository\iigd_dch.inf_amd64_38bfcb542ef4272e\igd9dxva64.dll
0x00007ffaf77d0000 - 0x00007ffaf77f2000 	C:\Windows\System32\DriverStore\FileRepository\iigd_dch.inf_amd64_38bfcb542ef4272e\igdinfo64.dll
0x00007ffb00740000 - 0x00007ffb02a96000 	C:\Windows\System32\DriverStore\FileRepository\iigd_dch.inf_amd64_38bfcb542ef4272e\igc64.dll
0x00007ffaf3220000 - 0x00007ffaf324c000 	C:\Program Files\Java\jdk1.8.0_231\jre\bin\javafx_iio.dll
0x00007ffaff350000 - 0x00007ffaff364000 	C:\Program Files\Java\jdk1.8.0_231\jre\bin\javafx_font.dll
0x00007ffb061d0000 - 0x00007ffb064ce000 	C:\Windows\SYSTEM32\dwrite.dll
0x00007ffb0f290000 - 0x00007ffb0f332000 	C:\Windows\System32\clbcatq.dll
0x00007ffb05bb0000 - 0x00007ffb05d5f000 	C:\Windows\SYSTEM32\WindowsCodecs.dll
0x00007ffafdda0000 - 0x00007ffafddda000 	C:\Windows\system32\dataexchange.dll
0x00007ffb09ac0000 - 0x00007ffb09d1b000 	C:\Windows\system32\d3d11.dll
0x00007ffb0aa70000 - 0x00007ffb0ac4b000 	C:\Windows\system32\dcomp.dll
0x00007ffb0c750000 - 0x00007ffb0c83b000 	C:\Windows\system32\dxgi.dll
0x00007ffb0baf0000 - 0x00007ffb0bd4a000 	C:\Windows\system32\twinapi.appcore.dll
0x00007ffb0bf50000 - 0x00007ffb0bf79000 	C:\Windows\system32\RMCLIENT.dll
0x00007ffaf2ed0000 - 0x00007ffaf2f03000 	C:\Program Files\Common Files\Microsoft Shared\Ink\rtscom.dll
0x00007ffb096b0000 - 0x00007ffb0974e000 	C:\Windows\System32\TextInputFramework.dll
0x00007ffb0ac50000 - 0x00007ffb0ad24000 	C:\Windows\System32\CoreMessaging.dll
0x00007ffb065d0000 - 0x00007ffb068fa000 	C:\Windows\System32\CoreUIComponents.dll
0x00007ffb08c60000 - 0x00007ffb08db3000 	C:\Windows\SYSTEM32\wintypes.dll
0x00007ffb0cab0000 - 0x00007ffb0cae1000 	C:\Windows\SYSTEM32\ntmarta.dll
0x00007ffafea40000 - 0x00007ffafece6000 	C:\Windows\System32\iertutil.dll
0x00007ffafce60000 - 0x00007ffafce71000 	C:\Program Files\Java\jdk1.8.0_231\jre\bin\prism_common.dll
0x00007ffb0c370000 - 0x00007ffb0c564000 	C:\Windows\SYSTEM32\dbghelp.dll

VM Arguments:
jvm_args: -javaagent:C:\Program Files\JetBrains\IntelliJ IDEA 2019.2.3\lib\idea_rt.jar=61960:C:\Program Files\JetBrains\IntelliJ IDEA 2019.2.3\bin -Dfile.encoding=UTF-8 
java_command: sample.Main
java_class_path (initial): C:\Program Files\Java\jdk1.8.0_231\jre\lib\charsets.jar;C:\Program Files\Java\jdk1.8.0_231\jre\lib\deploy.jar;C:\Program Files\Java\jdk1.8.0_231\jre\lib\ext\access-bridge-64.jar;C:\Program Files\Java\jdk1.8.0_231\jre\lib\ext\cldrdata.jar;C:\Program Files\Java\jdk1.8.0_231\jre\lib\ext\dnsns.jar;C:\Program Files\Java\jdk1.8.0_231\jre\lib\ext\jaccess.jar;C:\Program Files\Java\jdk1.8.0_231\jre\lib\ext\jfxrt.jar;C:\Program Files\Java\jdk1.8.0_231\jre\lib\ext\localedata.jar;C:\Program Files\Java\jdk1.8.0_231\jre\lib\ext\nashorn.jar;C:\Program Files\Java\jdk1.8.0_231\jre\lib\ext\sunec.jar;C:\Program Files\Java\jdk1.8.0_231\jre\lib\ext\sunjce_provider.jar;C:\Program Files\Java\jdk1.8.0_231\jre\lib\ext\sunmscapi.jar;C:\Program Files\Java\jdk1.8.0_231\jre\lib\ext\sunpkcs11.jar;C:\Program Files\Java\jdk1.8.0_231\jre\lib\ext\zipfs.jar;C:\Program Files\Java\jdk1.8.0_231\jre\lib\javaws.jar;C:\Program Files\Java\jdk1.8.0_231\jre\lib\jce.jar;C:\Program Files\Java\jdk1.8.0_231\jre\lib\jfr.jar;C:\Program Files\Java\jdk1.8.0_231\jre\lib\jfxswt.jar;C:\Program Files\Java\jdk1.8.0_231\jre\lib\jsse.jar;C:\Program Files\Java\jdk1.8.0_231\jre\lib\management-agent.jar;C:\Program Files\Java\jdk1.8.0_231\jre\lib\plugin.jar;C:\Program Files\Java\jdk1.8.0_231\jre\lib\resources.jar;C:\Program Files\Java\jdk1.8.0_231\jre\lib\rt.jar;C:\Users\DELL\IdeaProjects\Crime_game\out\production\Crime_game;C:\Program Files\JetBrains\IntelliJ IDEA 2019.2.3\lib\idea_rt.jar
Launcher Type: SUN_STANDARD

Environment Variables:
JAVA_HOME=C:\Program Files\Java\jdk1.8.0_231
PATH=C:\Program Files\Java\jdk1.8.0_231\bin;C:\Program Files (x86)\Common Files\Oracle\Java\javapath;C:\Windows\system32;C:\Windows;C:\Windows\System32\Wbem;C:\Windows\System32\WindowsPowerShell\v1.0\;C:\Windows\System32\OpenSSH\;C:\Program Files\Git\cmd;C:\Program Files\Git\mingw64\bin;C:\Program Files\Git\usr\bin;C:\gradle-5.6.4\bin;;C:\Users\DELL\AppData\Local\Programs\Microsoft VS Code\bin
USERNAME=DELL
OS=Windows_NT
PROCESSOR_IDENTIFIER=Intel64 Family 6 Model 142 Stepping 9, GenuineIntel



---------------  S Y S T E M  ---------------

OS: Windows 10.0 , 64 bit Build 18362 (10.0.18362.329)

CPU:total 4 (initial active 4) (2 cores per cpu, 2 threads per core) family 6 model 142 stepping 9, cmov, cx8, fxsr, mmx, sse, sse2, sse3, ssse3, sse4.1, sse4.2, popcnt, avx, avx2, aes, clmul, erms, 3dnowpref, lzcnt, ht, tsc, tscinvbit, bmi1, bmi2, adx

Memory: 4k page, physical 4089796k(797548k free), swap 13002692k(6375060k free)

vm_info: Java HotSpot(TM) 64-Bit Server VM (25.231-b11) for windows-amd64 JRE (1.8.0_231-b11), built on Oct  5 2019 03:11:30 by "java_re" with MS VC++ 10.0 (VS2010)

time: Thu Jan 09 14:15:18 2020
timezone: Œrodkowoeuropejski czas stand.
elapsed time: 13 seconds (0d 0h 0m 13s)

