#
# A fatal error has been detected by the Java Runtime Environment:
#
#  EXCEPTION_ACCESS_VIOLATION (0xc0000005) at pc=0x00007ffaf7a665c0, pid=7736, tid=0x0000000000003780
#
# JRE version: Java(TM) SE Runtime Environment (8.0_231-b11) (build 1.8.0_231-b11)
# Java VM: Java HotSpot(TM) 64-Bit Server VM (25.231-b11 mixed mode windows-amd64 compressed oops)
# Problematic frame:
# C  [glass.dll+0x265c0]
#
# Failed to write core dump. Minidumps are not enabled by default on client versions of Windows
#
# If you would like to submit a bug report, please visit:
#   http://bugreport.java.com/bugreport/crash.jsp
#

---------------  T H R E A D  ---------------

Current thread (0x00000000157a8000):  VMThread [stack: 0x0000000016840000,0x0000000016940000] [id=14208]

siginfo: ExceptionCode=0xc0000005, reading address 0x0000000000000000

Registers:
RAX=0x0000000000000000, RBX=0x0000000017214c00, RCX=0x00000000157a8000, RDX=0x0000000052023578
RSP=0x000000001693efb0, RBP=0x0000000001270378, RSI=0x0000000001270350, RDI=0x0000cc220363da4a
R8 =0x0000000000010002, R9 =0x0000cc220363da4a, R10=0x0000000000008000, R11=0x000000001693ef50
R12=0x00007ffaf7a639e4, R13=0x0000000002f81658, R14=0x000000001693f0b8, R15=0x0000000001270350
RIP=0x00007ffaf7a665c0, EFLAGS=0x0000000000010202

Top of Stack: (sp=0x000000001693efb0)
0x000000001693efb0:   0000000000000000 00007ffb0df114cb
0x000000001693efc0:   0000000001270360 0000000001270350
0x000000001693efd0:   fffffffffffffffe 00007ffaf7a7a1b0
0x000000001693efe0:   0000000001270358 00007ffb0df19d06
0x000000001693eff0:   0000000001270360 0000000000000000
0x000000001693f000:   0000000000000000 00007ffb0df19f46
0x000000001693f010:   fffffffffffffffe 0000000000000000
0x000000001693f020:   0000000000000001 00007ffaf7a40000
0x000000001693f030:   000000001693f0a8 00007ffb0df19c2b
0x000000001693f040:   0000000000000000 000000001693f0b8
0x000000001693f050:   00000000156b5500 00007ffb0dfebc20
0x000000001693f060:   0000000000000000 00007ffb0df19be4
0x000000001693f070:   0000000000000000 0000000000000001
0x000000001693f080:   0000000000000001 000000001693f0a8
0x000000001693f090:   0000000000000000 00007ffaf7a63872
0x000000001693f0a0:   00007ffaf7a7d128 00007ffb00000002 

Instructions: (pc=0x00007ffaf7a665c0)
0x00007ffaf7a665a0:   40 53 48 83 ec 30 48 c7 44 24 20 fe ff ff ff 48
0x00007ffaf7a665b0:   8b 1d 6a 65 01 00 48 85 db 74 16 e8 b0 85 ff ff
0x00007ffaf7a665c0:   4c 8b 00 48 8b d3 48 8b c8 41 ff 90 b0 00 00 00
0x00007ffaf7a665d0:   90 48 83 c4 30 5b c3 cc cc cc cc cc cc cc cc cc 


Register to memory mapping:

RAX=0x0000000000000000 is an unknown value
RBX=0x0000000017214c00 is a global jni handle
RCX=0x00000000157a8000 is an unknown value
RDX=0x0000000052023578 is an unknown value
RSP=0x000000001693efb0 is an unknown value
RBP=0x0000000001270378 is an unknown value
RSI=0x0000000001270350 is an unknown value
RDI=0x0000cc220363da4a is an unknown value
R8 =0x0000000000010002 is an unknown value
R9 =0x0000cc220363da4a is an unknown value
R10=0x0000000000008000 is an unknown value
R11=0x000000001693ef50 is an unknown value
R12=0x00007ffaf7a639e4 is an unknown value
R13=0x0000000002f81658 is an unknown value
R14=0x000000001693f0b8 is an unknown value
R15=0x0000000001270350 is an unknown value


Stack: [0x0000000016840000,0x0000000016940000],  sp=0x000000001693efb0,  free space=1019k
Native frames: (J=compiled Java code, j=interpreted, Vv=VM code, C=native code)
C  [glass.dll+0x265c0]
C  [ucrtbase.dll+0x19d06]
C  [ucrtbase.dll+0x19c2b]
C  [ucrtbase.dll+0x19be4]
C  [glass.dll+0x23872]
C  [glass.dll+0x23998]
C  [ntdll.dll+0x250a1]
C  [ntdll.dll+0x6ab02]
C  [ntdll.dll+0x6a9ad]
C  [KERNEL32.DLL+0x1cd8a]
C  [msvcr100.dll+0x20ccd]
V  [jvm.dll+0x2142d5]
V  [jvm.dll+0x24d677]
V  [jvm.dll+0x24c916]
V  [jvm.dll+0x24cdb1]
V  [jvm.dll+0x24cfce]
V  [jvm.dll+0x29fd8a]
C  [msvcr100.dll+0x21d9f]
C  [msvcr100.dll+0x21e3b]
C  [KERNEL32.DLL+0x17bd4]
C  [ntdll.dll+0x6ced1]

VM_Operation (0x0000000018689950): Exit, mode: safepoint, requested by thread 0x0000000017213800


---------------  P R O C E S S  ---------------

Java Threads: ( => current thread )
  0x0000000017fc2000 JavaThread "Prism Font Disposer" daemon [_thread_blocked, id=240, stack(0x0000000023070000,0x0000000023170000)]
  0x0000000017bfe000 JavaThread "JavaFX-Launcher" [_thread_blocked, id=8624, stack(0x000000001f260000,0x000000001f360000)]
  0x0000000017bfd000 JavaThread "Thread-2" daemon [_thread_in_native, id=7544, stack(0x000000001f160000,0x000000001f260000)]
  0x0000000017213800 JavaThread "JavaFX Application Thread" [_thread_blocked, id=9864, stack(0x0000000018590000,0x0000000018690000)]
  0x0000000017bd2800 JavaThread "Thread-1" daemon [_thread_blocked, id=2936, stack(0x0000000018490000,0x0000000018590000)]
  0x00000000171db800 JavaThread "QuantumRenderer-0" daemon [_thread_blocked, id=2976, stack(0x00000000179d0000,0x0000000017ad0000)]
  0x0000000016f25000 JavaThread "Service Thread" daemon [_thread_blocked, id=2324, stack(0x0000000017650000,0x0000000017750000)]
  0x0000000015838800 JavaThread "C1 CompilerThread2" daemon [_thread_blocked, id=8620, stack(0x0000000017550000,0x0000000017650000)]
  0x000000001582c800 JavaThread "C2 CompilerThread1" daemon [_thread_blocked, id=8108, stack(0x0000000017450000,0x0000000017550000)]
  0x0000000015829000 JavaThread "C2 CompilerThread0" daemon [_thread_blocked, id=8048, stack(0x0000000017350000,0x0000000017450000)]
  0x0000000015836800 JavaThread "Monitor Ctrl-Break" daemon [_thread_in_native, id=14252, stack(0x0000000017250000,0x0000000017350000)]
  0x00000000157e7800 JavaThread "Attach Listener" daemon [_thread_blocked, id=8228, stack(0x0000000016d50000,0x0000000016e50000)]
  0x00000000157e6800 JavaThread "Signal Dispatcher" daemon [_thread_blocked, id=5260, stack(0x0000000016c50000,0x0000000016d50000)]
  0x00000000031eb800 JavaThread "Finalizer" daemon [_thread_blocked, id=9664, stack(0x0000000016a40000,0x0000000016b40000)]
  0x00000000157ca000 JavaThread "Reference Handler" daemon [_thread_blocked, id=7420, stack(0x0000000016940000,0x0000000016a40000)]
  0x00000000030f3000 JavaThread "main" [_thread_blocked, id=13392, stack(0x0000000002de0000,0x0000000002ee0000)]

Other Threads:
=>0x00000000157a8000 VMThread [stack: 0x0000000016840000,0x0000000016940000] [id=14208]

VM state:at safepoint (shutting down)

VM Mutex/Monitor currently owned by a thread:  ([mutex/lock_event])
[0x0000000002f8de90] Threads_lock - owner thread: 0x00000000157a8000

heap address: 0x00000000c1800000, size: 1000 MB, Compressed Oops mode: 32-bit
Narrow klass base: 0x0000000000000000, Narrow klass shift: 3
Compressed class space size: 1073741824 Address: 0x0000000100000000

Heap:
 PSYoungGen      total 18944K, used 17475K [0x00000000eb300000, 0x00000000ed800000, 0x0000000100000000)
  eden space 16384K, 91% used [0x00000000eb300000,0x00000000ec190f98,0x00000000ec300000)
  from space 2560K, 99% used [0x00000000ec300000,0x00000000ec57ff50,0x00000000ec580000)
  to   space 2560K, 0% used [0x00000000ed580000,0x00000000ed580000,0x00000000ed800000)
 ParOldGen       total 44032K, used 14549K [0x00000000c1800000, 0x00000000c4300000, 0x00000000eb300000)
  object space 44032K, 33% used [0x00000000c1800000,0x00000000c2635608,0x00000000c4300000)
 Metaspace       used 15452K, capacity 16174K, committed 16384K, reserved 1062912K
  class space    used 2063K, capacity 2277K, committed 2304K, reserved 1048576K

Card table byte_map: [0x00000000125b0000,0x00000000127b0000] byte_map_base: 0x0000000011fa4000

Marking Bits: (ParMarkBitMap*) 0x0000000052216d90
 Begin Bits: [0x0000000012d00000, 0x0000000013ca0000)
 End Bits:   [0x0000000013ca0000, 0x0000000014c40000)

Polling page: 0x0000000001180000

CodeCache: size=245760Kb used=8356Kb max_used=8363Kb free=237403Kb
 bounds [0x00000000031f0000, 0x0000000003a30000, 0x00000000121f0000]
 total_blobs=3216 nmethods=2565 adapters=563
 compilation: enabled

Compilation events (10 events):
Event: 25.088 Thread 0x0000000015829000 2562       4       javafx.scene.Node::localToScene (21 bytes)
Event: 25.101 Thread 0x0000000015829000 nmethod 2562 0x0000000003a1dd90 code [0x0000000003a1df40, 0x0000000003a1e368]
Event: 25.440 Thread 0x0000000015838800 2563       1       javafx.scene.Scene::access$2000 (5 bytes)
Event: 25.441 Thread 0x0000000015838800 nmethod 2563 0x0000000003a13590 code [0x0000000003a136e0, 0x0000000003a137d0]
Event: 25.452 Thread 0x0000000015838800 2564       3       javafx.scene.control.Labeled::getGraphic (22 bytes)
Event: 25.453 Thread 0x0000000015838800 nmethod 2564 0x0000000003a1d690 code [0x0000000003a1d820, 0x0000000003a1dc68]
Event: 25.455 Thread 0x0000000015838800 2565       3       com.sun.javafx.geom.Point2D::<init> (5 bytes)
Event: 25.455 Thread 0x0000000015838800 nmethod 2565 0x0000000003a1d2d0 code [0x0000000003a1d420, 0x0000000003a1d5d0]
Event: 25.520 Thread 0x0000000015838800 2567       3       java.util.concurrent.ThreadPoolExecutor::workerCountOf (5 bytes)
Event: 25.520 Thread 0x0000000015838800 nmethod 2567 0x0000000003a1ad10 code [0x0000000003a1ae60, 0x0000000003a1af90]

GC Heap History (6 events):
Event: 0.903 GC heap before
{Heap before GC invocations=1 (full 0):
 PSYoungGen      total 18944K, used 13006K [0x00000000eb300000, 0x00000000ec800000, 0x0000000100000000)
  eden space 16384K, 79% used [0x00000000eb300000,0x00000000ebfb3800,0x00000000ec300000)
  from space 2560K, 0% used [0x00000000ec580000,0x00000000ec580000,0x00000000ec800000)
  to   space 2560K, 0% used [0x00000000ec300000,0x00000000ec300000,0x00000000ec580000)
 ParOldGen       total 44032K, used 0K [0x00000000c1800000, 0x00000000c4300000, 0x00000000eb300000)
  object space 44032K, 0% used [0x00000000c1800000,0x00000000c1800000,0x00000000c4300000)
 Metaspace       used 7085K, capacity 7356K, committed 7680K, reserved 1056768K
  class space    used 813K, capacity 904K, committed 1024K, reserved 1048576K
Event: 0.907 GC heap after
Heap after GC invocations=1 (full 0):
 PSYoungGen      total 18944K, used 1632K [0x00000000eb300000, 0x00000000ec800000, 0x0000000100000000)
  eden space 16384K, 0% used [0x00000000eb300000,0x00000000eb300000,0x00000000ec300000)
  from space 2560K, 63% used [0x00000000ec300000,0x00000000ec498020,0x00000000ec580000)
  to   space 2560K, 0% used [0x00000000ec580000,0x00000000ec580000,0x00000000ec800000)
 ParOldGen       total 44032K, used 8K [0x00000000c1800000, 0x00000000c4300000, 0x00000000eb300000)
  object space 44032K, 0% used [0x00000000c1800000,0x00000000c1802000,0x00000000c4300000)
 Metaspace       used 7085K, capacity 7356K, committed 7680K, reserved 1056768K
  class space    used 813K, capacity 904K, committed 1024K, reserved 1048576K
}
Event: 1.565 GC heap before
{Heap before GC invocations=2 (full 0):
 PSYoungGen      total 18944K, used 17627K [0x00000000eb300000, 0x00000000ec800000, 0x0000000100000000)
  eden space 16384K, 97% used [0x00000000eb300000,0x00000000ec29ebf0,0x00000000ec300000)
  from space 2560K, 63% used [0x00000000ec300000,0x00000000ec498020,0x00000000ec580000)
  to   space 2560K, 0% used [0x00000000ec580000,0x00000000ec580000,0x00000000ec800000)
 ParOldGen       total 44032K, used 8K [0x00000000c1800000, 0x00000000c4300000, 0x00000000eb300000)
  object space 44032K, 0% used [0x00000000c1800000,0x00000000c1802000,0x00000000c4300000)
 Metaspace       used 9988K, capacity 10374K, committed 10752K, reserved 1058816K
  class space    used 1292K, capacity 1410K, committed 1536K, reserved 1048576K
Event: 1.585 GC heap after
Heap after GC invocations=2 (full 0):
 PSYoungGen      total 18944K, used 2543K [0x00000000eb300000, 0x00000000ed800000, 0x0000000100000000)
  eden space 16384K, 0% used [0x00000000eb300000,0x00000000eb300000,0x00000000ec300000)
  from space 2560K, 99% used [0x00000000ec580000,0x00000000ec7fbf40,0x00000000ec800000)
  to   space 2560K, 0% used [0x00000000ec300000,0x00000000ec300000,0x00000000ec580000)
 ParOldGen       total 44032K, used 7004K [0x00000000c1800000, 0x00000000c4300000, 0x00000000eb300000)
  object space 44032K, 15% used [0x00000000c1800000,0x00000000c1ed7170,0x00000000c4300000)
 Metaspace       used 9988K, capacity 10374K, committed 10752K, reserved 1058816K
  class space    used 1292K, capacity 1410K, committed 1536K, reserved 1048576K
}
Event: 2.696 GC heap before
{Heap before GC invocations=3 (full 0):
 PSYoungGen      total 18944K, used 18927K [0x00000000eb300000, 0x00000000ed800000, 0x0000000100000000)
  eden space 16384K, 100% used [0x00000000eb300000,0x00000000ec300000,0x00000000ec300000)
  from space 2560K, 99% used [0x00000000ec580000,0x00000000ec7fbf40,0x00000000ec800000)
  to   space 2560K, 0% used [0x00000000ec300000,0x00000000ec300000,0x00000000ec580000)
 ParOldGen       total 44032K, used 7004K [0x00000000c1800000, 0x00000000c4300000, 0x00000000eb300000)
  object space 44032K, 15% used [0x00000000c1800000,0x00000000c1ed7170,0x00000000c4300000)
 Metaspace       used 13144K, capacity 13612K, committed 13824K, reserved 1060864K
  class space    used 1817K, capacity 1949K, committed 2048K, reserved 1048576K
Event: 2.703 GC heap after
Heap after GC invocations=3 (full 0):
 PSYoungGen      total 18944K, used 2559K [0x00000000eb300000, 0x00000000ed800000, 0x0000000100000000)
  eden space 16384K, 0% used [0x00000000eb300000,0x00000000eb300000,0x00000000ec300000)
  from space 2560K, 99% used [0x00000000ec300000,0x00000000ec57ff50,0x00000000ec580000)
  to   space 2560K, 0% used [0x00000000ed580000,0x00000000ed580000,0x00000000ed800000)
 ParOldGen       total 44032K, used 14549K [0x00000000c1800000, 0x00000000c4300000, 0x00000000eb300000)
  object space 44032K, 33% used [0x00000000c1800000,0x00000000c2635608,0x00000000c4300000)
 Metaspace       used 13144K, capacity 13612K, committed 13824K, reserved 1060864K
  class space    used 1817K, capacity 1949K, committed 2048K, reserved 1048576K
}

Deoptimization events (10 events):
Event: 9.135 Thread 0x0000000017213800 Uncommon trap: reason=unstable_if action=reinterpret pc=0x0000000003448404 method=java.lang.AbstractStringBuilder.append(Ljava/lang/String;)Ljava/lang/AbstractStringBuilder; @ 1
Event: 18.328 Thread 0x0000000017213800 Uncommon trap: reason=class_check action=maybe_recompile pc=0x00000000037a6d5c method=javafx.scene.Node.updateLocalToParentTransform()V @ 11
Event: 18.328 Thread 0x0000000017213800 Uncommon trap: reason=class_check action=maybe_recompile pc=0x00000000037a6d5c method=javafx.scene.Node.updateLocalToParentTransform()V @ 11
Event: 18.328 Thread 0x0000000017213800 Uncommon trap: reason=class_check action=maybe_recompile pc=0x00000000037a6d5c method=javafx.scene.Node.updateLocalToParentTransform()V @ 11
Event: 18.328 Thread 0x0000000017213800 Uncommon trap: reason=class_check action=maybe_recompile pc=0x00000000037a6d5c method=javafx.scene.Node.updateLocalToParentTransform()V @ 11
Event: 20.103 Thread 0x0000000017213800 Uncommon trap: reason=unstable_if action=reinterpret pc=0x00000000038893d4 method=javafx.scene.Node.impl_intersectsBounds(Lcom/sun/javafx/geom/PickRay;)D @ 814
Event: 21.615 Thread 0x0000000017213800 Uncommon trap: reason=array_check action=maybe_recompile pc=0x00000000039e8514 method=com.sun.javafx.css.SimpleSelector.applies(Ljavafx/css/Styleable;[Ljava/util/Set;I)Z @ 37
Event: 21.615 Thread 0x0000000017213800 Uncommon trap: reason=array_check action=maybe_recompile pc=0x00000000039e8514 method=com.sun.javafx.css.SimpleSelector.applies(Ljavafx/css/Styleable;[Ljava/util/Set;I)Z @ 37
Event: 21.615 Thread 0x0000000017213800 Uncommon trap: reason=array_check action=maybe_recompile pc=0x00000000039e8514 method=com.sun.javafx.css.SimpleSelector.applies(Ljavafx/css/Styleable;[Ljava/util/Set;I)Z @ 37
Event: 21.615 Thread 0x0000000017213800 Uncommon trap: reason=array_check action=maybe_recompile pc=0x00000000039e8514 method=com.sun.javafx.css.SimpleSelector.applies(Ljavafx/css/Styleable;[Ljava/util/Set;I)Z @ 37

Classes redefined (0 events):
No events

Internal exceptions (10 events):
Event: 0.356 Thread 0x00000000030f3000 Exception <a 'java/security/PrivilegedActionException'> (0x00000000eb6f16e8) thrown at [C:\re\workspace\8-2-build-windows-amd64-cygwin\jdk8u231\13620\hotspot\src\share\vm\prims\jvm.cpp, line 1502]
Event: 0.356 Thread 0x00000000030f3000 Exception <a 'java/security/PrivilegedActionException'> (0x00000000eb6f18f8) thrown at [C:\re\workspace\8-2-build-windows-amd64-cygwin\jdk8u231\13620\hotspot\src\share\vm\prims\jvm.cpp, line 1502]
Event: 0.356 Thread 0x00000000030f3000 Exception <a 'java/lang/NullPointerException'> (0x00000000eb6f2300) thrown at [C:\re\workspace\8-2-build-windows-amd64-cygwin\jdk8u231\13620\hotspot\src\share\vm\interpreter\linkResolver.cpp, line 1185]
Event: 0.391 Thread 0x00000000030f3000 Implicit null exception at 0x0000000003312ad5 to 0x0000000003312c99
Event: 1.230 Thread 0x0000000017213800 Exception <a 'java/lang/NullPointerException'> (0x00000000eba44fc0) thrown at [C:\re\workspace\8-2-build-windows-amd64-cygwin\jdk8u231\13620\hotspot\src\share\vm\interpreter\linkResolver.cpp, line 1185]
Event: 1.230 Thread 0x0000000017213800 Exception <a 'java/lang/NullPointerException'> (0x00000000eba44fc0) thrown at [C:\re\workspace\8-2-build-windows-amd64-cygwin\jdk8u231\13620\hotspot\src\share\vm\prims\jvm.cpp, line 1506]
Event: 2.160 Thread 0x0000000017213800 Implicit null exception at 0x00000000034ebab5 to 0x00000000034ebc8d
Event: 2.450 Thread 0x0000000017213800 Exception <a 'java/io/FileNotFoundException'> (0x00000000ebf4f2e8) thrown at [C:\re\workspace\8-2-build-windows-amd64-cygwin\jdk8u231\13620\hotspot\src\share\vm\prims\jni.cpp, line 710]
Event: 9.135 Thread 0x0000000017213800 Implicit null exception at 0x0000000003448056 to 0x00000000034483ed
Event: 25.521 Thread 0x0000000017009000 Exception <a 'java/lang/IllegalStateException'> (0x00000000ec183180) thrown at [C:\re\workspace\8-2-build-windows-amd64-cygwin\jdk8u231\13620\hotspot\src\share\vm\prims\jvm.cpp, line 1506]

Events (10 events):
Event: 25.519 loading class java/util/IdentityHashMap$KeyIterator done
Event: 25.519 Thread 0x0000000017009000 Thread added: 0x0000000017009000
Event: 25.520 loading class com/sun/javafx/tk/quantum/QuantumRenderer
Event: 25.520 loading class com/sun/javafx/tk/quantum/QuantumRenderer done
Event: 25.520 loading class com/sun/javafx/tk/quantum/QuantumToolkit
Event: 25.520 loading class com/sun/javafx/tk/quantum/QuantumToolkit done
Event: 25.520 loading class java/util/LinkedList$ListItr
Event: 25.521 loading class java/util/LinkedList$ListItr done
Event: 25.521 Thread 0x0000000017009000 Thread exited: 0x0000000017009000
Event: 25.521 Executing VM operation: Exit


Dynamic libraries:
0x00007ff73e660000 - 0x00007ff73e697000 	C:\Program Files\Java\jdk1.8.0_231\bin\java.exe
0x00007ffb10b80000 - 0x00007ffb10d70000 	C:\Windows\SYSTEM32\ntdll.dll
0x00007ffb0f1a0000 - 0x00007ffb0f252000 	C:\Windows\System32\KERNEL32.DLL
0x00007ffb0e100000 - 0x00007ffb0e3a3000 	C:\Windows\System32\KERNELBASE.dll
0x00007ffb0f660000 - 0x00007ffb0f703000 	C:\Windows\System32\ADVAPI32.dll
0x00007ffb0f3d0000 - 0x00007ffb0f46e000 	C:\Windows\System32\msvcrt.dll
0x00007ffb0f0a0000 - 0x00007ffb0f137000 	C:\Windows\System32\sechost.dll
0x00007ffb0f540000 - 0x00007ffb0f660000 	C:\Windows\System32\RPCRT4.dll
0x00007ffb10630000 - 0x00007ffb107c4000 	C:\Windows\System32\USER32.dll
0x00007ffb0eb50000 - 0x00007ffb0eb71000 	C:\Windows\System32\win32u.dll
0x00007ffb107d0000 - 0x00007ffb107f6000 	C:\Windows\System32\GDI32.dll
0x00007ffb0dc10000 - 0x00007ffb0dda4000 	C:\Windows\System32\gdi32full.dll
0x00007ffb0db10000 - 0x00007ffb0dbae000 	C:\Windows\System32\msvcp_win.dll
0x00007ffb0df00000 - 0x00007ffb0dffa000 	C:\Windows\System32\ucrtbase.dll
0x00007ffafc350000 - 0x00007ffafc5d5000 	C:\Windows\WinSxS\amd64_microsoft.windows.common-controls_6595b64144ccf1df_6.0.18362.535_none_e6c3b34713100821\COMCTL32.dll
0x00007ffb102f0000 - 0x00007ffb10626000 	C:\Windows\System32\combase.dll
0x00007ffb0eb80000 - 0x00007ffb0ec00000 	C:\Windows\System32\bcryptPrimitives.dll
0x00007ffb0f260000 - 0x00007ffb0f28e000 	C:\Windows\System32\IMM32.DLL
0x00000000522a0000 - 0x0000000052372000 	C:\Program Files\Java\jdk1.8.0_231\jre\bin\msvcr100.dll
0x00000000519f0000 - 0x0000000052296000 	C:\Program Files\Java\jdk1.8.0_231\jre\bin\server\jvm.dll
0x00007ffb10820000 - 0x00007ffb10828000 	C:\Windows\System32\PSAPI.DLL
0x00007ffaf9d80000 - 0x00007ffaf9d89000 	C:\Windows\SYSTEM32\WSOCK32.dll
0x00007ffb0f4d0000 - 0x00007ffb0f53f000 	C:\Windows\System32\WS2_32.dll
0x00007ffb0b1d0000 - 0x00007ffb0b1f4000 	C:\Windows\SYSTEM32\WINMM.dll
0x00007ffb06940000 - 0x00007ffb0694a000 	C:\Windows\SYSTEM32\VERSION.dll
0x00007ffb0b0a0000 - 0x00007ffb0b0cd000 	C:\Windows\SYSTEM32\WINMMBASE.dll
0x00007ffb0e000000 - 0x00007ffb0e04a000 	C:\Windows\System32\cfgmgr32.dll
0x00007ffaf0370000 - 0x00007ffaf037f000 	C:\Program Files\Java\jdk1.8.0_231\jre\bin\verify.dll
0x00007ffaeb920000 - 0x00007ffaeb949000 	C:\Program Files\Java\jdk1.8.0_231\jre\bin\java.dll
0x00007ffb060a0000 - 0x00007ffb060c3000 	C:\Program Files\Java\jdk1.8.0_231\jre\bin\instrument.dll
0x00007ffaeb840000 - 0x00007ffaeb856000 	C:\Program Files\Java\jdk1.8.0_231\jre\bin\zip.dll
0x00007ffb0f710000 - 0x00007ffb0fdf5000 	C:\Windows\System32\SHELL32.dll
0x00007ffb0fe10000 - 0x00007ffb0feb9000 	C:\Windows\System32\shcore.dll
0x00007ffb0e3b0000 - 0x00007ffb0eb2f000 	C:\Windows\System32\windows.storage.dll
0x00007ffb0daf0000 - 0x00007ffb0db0f000 	C:\Windows\System32\profapi.dll
0x00007ffb0daa0000 - 0x00007ffb0daea000 	C:\Windows\System32\powrprof.dll
0x00007ffb0da50000 - 0x00007ffb0da60000 	C:\Windows\System32\UMPDC.dll
0x00007ffb0ff40000 - 0x00007ffb0ff92000 	C:\Windows\System32\shlwapi.dll
0x00007ffb0da60000 - 0x00007ffb0da71000 	C:\Windows\System32\kernel.appcore.dll
0x00007ffb0eb30000 - 0x00007ffb0eb47000 	C:\Windows\System32\cryptsp.dll
0x00007ffb06050000 - 0x00007ffb0606a000 	C:\Program Files\JetBrains\IntelliJ IDEA 2019.2.3\bin\breakgen64.dll
0x00007ffae27e0000 - 0x00007ffae27fa000 	C:\Program Files\Java\jdk1.8.0_231\jre\bin\net.dll
0x00007ffb0d2c0000 - 0x00007ffb0d327000 	C:\Windows\system32\mswsock.dll
0x00000000017a0000 - 0x00000000017a3000 	C:\Program Files\Java\jdk1.8.0_231\jre\bin\api-ms-win-core-console-l1-1-0.dll
0x00000000017b0000 - 0x00000000017b3000 	C:\Program Files\Java\jdk1.8.0_231\jre\bin\api-ms-win-core-datetime-l1-1-0.dll
0x0000000002ee0000 - 0x0000000002ee3000 	C:\Program Files\Java\jdk1.8.0_231\jre\bin\api-ms-win-core-debug-l1-1-0.dll
0x0000000002ef0000 - 0x0000000002ef3000 	C:\Program Files\Java\jdk1.8.0_231\jre\bin\api-ms-win-core-errorhandling-l1-1-0.dll
0x0000000002f00000 - 0x0000000002f04000 	C:\Program Files\Java\jdk1.8.0_231\jre\bin\api-ms-win-core-file-l1-1-0.dll
0x0000000002f10000 - 0x0000000002f13000 	C:\Program Files\Java\jdk1.8.0_231\jre\bin\api-ms-win-core-file-l1-2-0.dll
0x0000000002f20000 - 0x0000000002f23000 	C:\Program Files\Java\jdk1.8.0_231\jre\bin\api-ms-win-core-file-l2-1-0.dll
0x0000000002f30000 - 0x0000000002f33000 	C:\Program Files\Java\jdk1.8.0_231\jre\bin\api-ms-win-core-handle-l1-1-0.dll
0x0000000002f40000 - 0x0000000002f43000 	C:\Program Files\Java\jdk1.8.0_231\jre\bin\api-ms-win-core-heap-l1-1-0.dll
0x0000000002f50000 - 0x0000000002f53000 	C:\Program Files\Java\jdk1.8.0_231\jre\bin\api-ms-win-core-interlocked-l1-1-0.dll
0x0000000002f60000 - 0x0000000002f63000 	C:\Program Files\Java\jdk1.8.0_231\jre\bin\api-ms-win-core-libraryloader-l1-1-0.dll
0x0000000002f70000 - 0x0000000002f73000 	C:\Program Files\Java\jdk1.8.0_231\jre\bin\api-ms-win-core-localization-l1-2-0.dll
0x0000000002f90000 - 0x0000000002f93000 	C:\Program Files\Java\jdk1.8.0_231\jre\bin\api-ms-win-core-memory-l1-1-0.dll
0x0000000002fa0000 - 0x0000000002fa3000 	C:\Program Files\Java\jdk1.8.0_231\jre\bin\api-ms-win-core-namedpipe-l1-1-0.dll
0x0000000002fb0000 - 0x0000000002fb3000 	C:\Program Files\Java\jdk1.8.0_231\jre\bin\api-ms-win-core-processenvironment-l1-1-0.dll
0x00000000030d0000 - 0x00000000030d3000 	C:\Program Files\Java\jdk1.8.0_231\jre\bin\api-ms-win-core-processthreads-l1-1-0.dll
0x0000000017850000 - 0x0000000017853000 	C:\Program Files\Java\jdk1.8.0_231\jre\bin\api-ms-win-core-processthreads-l1-1-1.dll
0x0000000017860000 - 0x0000000017863000 	C:\Program Files\Java\jdk1.8.0_231\jre\bin\api-ms-win-core-profile-l1-1-0.dll
0x0000000017870000 - 0x0000000017873000 	C:\Program Files\Java\jdk1.8.0_231\jre\bin\api-ms-win-core-rtlsupport-l1-1-0.dll
0x0000000017880000 - 0x0000000017883000 	C:\Program Files\Java\jdk1.8.0_231\jre\bin\api-ms-win-core-string-l1-1-0.dll
0x0000000017890000 - 0x0000000017893000 	C:\Program Files\Java\jdk1.8.0_231\jre\bin\api-ms-win-core-synch-l1-1-0.dll
0x00000000178a0000 - 0x00000000178a3000 	C:\Program Files\Java\jdk1.8.0_231\jre\bin\api-ms-win-core-synch-l1-2-0.dll
0x00000000178b0000 - 0x00000000178b3000 	C:\Program Files\Java\jdk1.8.0_231\jre\bin\api-ms-win-core-sysinfo-l1-1-0.dll
0x00000000178c0000 - 0x00000000178c3000 	C:\Program Files\Java\jdk1.8.0_231\jre\bin\api-ms-win-core-timezone-l1-1-0.dll
0x00000000178d0000 - 0x00000000178d3000 	C:\Program Files\Java\jdk1.8.0_231\jre\bin\api-ms-win-core-util-l1-1-0.dll
0x00000000178e0000 - 0x00000000178e3000 	C:\Program Files\Java\jdk1.8.0_231\jre\bin\api-ms-win-crt-conio-l1-1-0.dll
0x00000000178f0000 - 0x00000000178f4000 	C:\Program Files\Java\jdk1.8.0_231\jre\bin\api-ms-win-crt-convert-l1-1-0.dll
0x0000000017900000 - 0x0000000017903000 	C:\Program Files\Java\jdk1.8.0_231\jre\bin\api-ms-win-crt-environment-l1-1-0.dll
0x0000000017910000 - 0x0000000017913000 	C:\Program Files\Java\jdk1.8.0_231\jre\bin\api-ms-win-crt-filesystem-l1-1-0.dll
0x0000000017920000 - 0x0000000017923000 	C:\Program Files\Java\jdk1.8.0_231\jre\bin\api-ms-win-crt-heap-l1-1-0.dll
0x0000000017930000 - 0x0000000017933000 	C:\Program Files\Java\jdk1.8.0_231\jre\bin\api-ms-win-crt-locale-l1-1-0.dll
0x0000000017940000 - 0x0000000017945000 	C:\Program Files\Java\jdk1.8.0_231\jre\bin\api-ms-win-crt-math-l1-1-0.dll
0x0000000017950000 - 0x0000000017955000 	C:\Program Files\Java\jdk1.8.0_231\jre\bin\api-ms-win-crt-multibyte-l1-1-0.dll
0x0000000017960000 - 0x0000000017970000 	C:\Program Files\Java\jdk1.8.0_231\jre\bin\api-ms-win-crt-private-l1-1-0.dll
0x0000000017970000 - 0x0000000017973000 	C:\Program Files\Java\jdk1.8.0_231\jre\bin\api-ms-win-crt-process-l1-1-0.dll
0x0000000017980000 - 0x0000000017984000 	C:\Program Files\Java\jdk1.8.0_231\jre\bin\api-ms-win-crt-runtime-l1-1-0.dll
0x0000000017990000 - 0x0000000017994000 	C:\Program Files\Java\jdk1.8.0_231\jre\bin\api-ms-win-crt-stdio-l1-1-0.dll
0x00000000179a0000 - 0x00000000179a4000 	C:\Program Files\Java\jdk1.8.0_231\jre\bin\api-ms-win-crt-string-l1-1-0.dll
0x00000000179b0000 - 0x00000000179b3000 	C:\Program Files\Java\jdk1.8.0_231\jre\bin\api-ms-win-crt-time-l1-1-0.dll
0x00000000179c0000 - 0x00000000179c3000 	C:\Program Files\Java\jdk1.8.0_231\jre\bin\api-ms-win-crt-utility-l1-1-0.dll
0x00007ffaebcc0000 - 0x00007ffaebdbc000 	C:\Program Files\Java\jdk1.8.0_231\jre\bin\ucrtbase.dll
0x00007ffb02d70000 - 0x00007ffb02d85000 	C:\Program Files\Java\jdk1.8.0_231\jre\bin\vcruntime140.dll
0x00007ffaf29a0000 - 0x00007ffaf2a3b000 	C:\Program Files\Java\jdk1.8.0_231\jre\bin\msvcp140.dll
0x00007ffafd500000 - 0x00007ffafd551000 	C:\Program Files\Java\jdk1.8.0_231\jre\bin\concrt140.dll
0x00007ffaff5f0000 - 0x00007ffaff613000 	C:\Program Files\Java\jdk1.8.0_231\jre\bin\prism_d3d.dll
0x00007ffae9da0000 - 0x00007ffae9f67000 	C:\Windows\system32\d3d9.dll
0x00007ffb0be40000 - 0x00007ffb0be6d000 	C:\Windows\SYSTEM32\dwmapi.dll
0x00007ffb0c6c0000 - 0x00007ffb0c6e0000 	C:\Windows\SYSTEM32\dxcore.dll
0x00007ffb0b980000 - 0x00007ffb0ba19000 	C:\Windows\system32\uxtheme.dll
0x00007ffaeb970000 - 0x00007ffaebb30000 	C:\Windows\System32\DriverStore\FileRepository\iigd_dch.inf_amd64_38bfcb542ef4272e\igdumdim64.dll
0x00007ffb03120000 - 0x00007ffb03272000 	C:\Windows\System32\DriverStore\FileRepository\iigd_dch.inf_amd64_38bfcb542ef4272e\igdgmm64.dll
0x00007ffaf7a40000 - 0x00007ffaf7a85000 	C:\Program Files\Java\jdk1.8.0_231\jre\bin\glass.dll
0x00007ffb100e0000 - 0x00007ffb101b0000 	C:\Windows\System32\COMDLG32.dll
0x00007ffb109e0000 - 0x00007ffb10b36000 	C:\Windows\System32\ole32.dll
0x00007ffb101b0000 - 0x00007ffb10274000 	C:\Windows\System32\OLEAUT32.dll
0x00007ffb0ffa0000 - 0x00007ffb100d5000 	C:\Windows\System32\MSCTF.dll
0x00007ffab27b0000 - 0x00007ffab638b000 	C:\Windows\System32\DriverStore\FileRepository\iigd_dch.inf_amd64_38bfcb542ef4272e\igd9dxva64.dll
0x00007ffafd5b0000 - 0x00007ffafd5d2000 	C:\Windows\System32\DriverStore\FileRepository\iigd_dch.inf_amd64_38bfcb542ef4272e\igdinfo64.dll
0x00007ffb00740000 - 0x00007ffb02a96000 	C:\Windows\System32\DriverStore\FileRepository\iigd_dch.inf_amd64_38bfcb542ef4272e\igc64.dll
0x00007ffafce20000 - 0x00007ffafce4c000 	C:\Program Files\Java\jdk1.8.0_231\jre\bin\javafx_iio.dll
0x00007ffaff350000 - 0x00007ffaff364000 	C:\Program Files\Java\jdk1.8.0_231\jre\bin\javafx_font.dll
0x00007ffb061d0000 - 0x00007ffb064ce000 	C:\Windows\SYSTEM32\dwrite.dll
0x00007ffb0f290000 - 0x00007ffb0f332000 	C:\Windows\System32\clbcatq.dll
0x00007ffb05bb0000 - 0x00007ffb05d5f000 	C:\Windows\SYSTEM32\WindowsCodecs.dll
0x00007ffafdda0000 - 0x00007ffafddda000 	C:\Windows\system32\dataexchange.dll
0x00007ffb09ac0000 - 0x00007ffb09d1b000 	C:\Windows\system32\d3d11.dll
0x00007ffb0aa70000 - 0x00007ffb0ac4b000 	C:\Windows\system32\dcomp.dll
0x00007ffb0c750000 - 0x00007ffb0c83b000 	C:\Windows\system32\dxgi.dll
0x00007ffb0baf0000 - 0x00007ffb0bd4a000 	C:\Windows\system32\twinapi.appcore.dll
0x00007ffb0bf50000 - 0x00007ffb0bf79000 	C:\Windows\system32\RMCLIENT.dll
0x00007ffafbd50000 - 0x00007ffafbd83000 	C:\Program Files\Common Files\Microsoft Shared\Ink\rtscom.dll
0x00007ffb096b0000 - 0x00007ffb0974e000 	C:\Windows\System32\TextInputFramework.dll
0x00007ffb0ac50000 - 0x00007ffb0ad24000 	C:\Windows\System32\CoreMessaging.dll
0x00007ffb065d0000 - 0x00007ffb068fa000 	C:\Windows\System32\CoreUIComponents.dll
0x00007ffb0cab0000 - 0x00007ffb0cae1000 	C:\Windows\SYSTEM32\ntmarta.dll
0x00007ffb08c60000 - 0x00007ffb08db3000 	C:\Windows\SYSTEM32\wintypes.dll
0x00007ffafea40000 - 0x00007ffafece6000 	C:\Windows\System32\iertutil.dll
0x00007ffafd4e0000 - 0x00007ffafd4f1000 	C:\Program Files\Java\jdk1.8.0_231\jre\bin\prism_common.dll
0x00007ffb0c370000 - 0x00007ffb0c564000 	C:\Windows\SYSTEM32\dbghelp.dll

VM Arguments:
jvm_args: -javaagent:C:\Program Files\JetBrains\IntelliJ IDEA 2019.2.3\lib\idea_rt.jar=62198:C:\Program Files\JetBrains\IntelliJ IDEA 2019.2.3\bin -Dfile.encoding=UTF-8 
java_command: sample.Main
java_class_path (initial): C:\Program Files\Java\jdk1.8.0_231\jre\lib\charsets.jar;C:\Program Files\Java\jdk1.8.0_231\jre\lib\deploy.jar;C:\Program Files\Java\jdk1.8.0_231\jre\lib\ext\access-bridge-64.jar;C:\Program Files\Java\jdk1.8.0_231\jre\lib\ext\cldrdata.jar;C:\Program Files\Java\jdk1.8.0_231\jre\lib\ext\dnsns.jar;C:\Program Files\Java\jdk1.8.0_231\jre\lib\ext\jaccess.jar;C:\Program Files\Java\jdk1.8.0_231\jre\lib\ext\jfxrt.jar;C:\Program Files\Java\jdk1.8.0_231\jre\lib\ext\localedata.jar;C:\Program Files\Java\jdk1.8.0_231\jre\lib\ext\nashorn.jar;C:\Program Files\Java\jdk1.8.0_231\jre\lib\ext\sunec.jar;C:\Program Files\Java\jdk1.8.0_231\jre\lib\ext\sunjce_provider.jar;C:\Program Files\Java\jdk1.8.0_231\jre\lib\ext\sunmscapi.jar;C:\Program Files\Java\jdk1.8.0_231\jre\lib\ext\sunpkcs11.jar;C:\Program Files\Java\jdk1.8.0_231\jre\lib\ext\zipfs.jar;C:\Program Files\Java\jdk1.8.0_231\jre\lib\javaws.jar;C:\Program Files\Java\jdk1.8.0_231\jre\lib\jce.jar;C:\Program Files\Java\jdk1.8.0_231\jre\lib\jfr.jar;C:\Program Files\Java\jdk1.8.0_231\jre\lib\jfxswt.jar;C:\Program Files\Java\jdk1.8.0_231\jre\lib\jsse.jar;C:\Program Files\Java\jdk1.8.0_231\jre\lib\management-agent.jar;C:\Program Files\Java\jdk1.8.0_231\jre\lib\plugin.jar;C:\Program Files\Java\jdk1.8.0_231\jre\lib\resources.jar;C:\Program Files\Java\jdk1.8.0_231\jre\lib\rt.jar;C:\Users\DELL\IdeaProjects\Crime_game\out\production\Crime_game;C:\Program Files\JetBrains\IntelliJ IDEA 2019.2.3\lib\idea_rt.jar
Launcher Type: SUN_STANDARD

Environment Variables:
JAVA_HOME=C:\Program Files\Java\jdk1.8.0_231
PATH=C:\Program Files\Java\jdk1.8.0_231\bin;C:\Program Files (x86)\Common Files\Oracle\Java\javapath;C:\Windows\system32;C:\Windows;C:\Windows\System32\Wbem;C:\Windows\System32\WindowsPowerShell\v1.0\;C:\Windows\System32\OpenSSH\;C:\Program Files\Git\cmd;C:\Program Files\Git\mingw64\bin;C:\Program Files\Git\usr\bin;C:\gradle-5.6.4\bin;;C:\Users\DELL\AppData\Local\Programs\Microsoft VS Code\bin
USERNAME=DELL
OS=Windows_NT
PROCESSOR_IDENTIFIER=Intel64 Family 6 Model 142 Stepping 9, GenuineIntel



---------------  S Y S T E M  ---------------

OS: Windows 10.0 , 64 bit Build 18362 (10.0.18362.329)

CPU:total 4 (initial active 4) (2 cores per cpu, 2 threads per core) family 6 model 142 stepping 9, cmov, cx8, fxsr, mmx, sse, sse2, sse3, ssse3, sse4.1, sse4.2, popcnt, avx, avx2, aes, clmul, erms, 3dnowpref, lzcnt, ht, tsc, tscinvbit, bmi1, bmi2, adx

Memory: 4k page, physical 4089796k(645552k free), swap 13002692k(5807196k free)

vm_info: Java HotSpot(TM) 64-Bit Server VM (25.231-b11) for windows-amd64 JRE (1.8.0_231-b11), built on Oct  5 2019 03:11:30 by "java_re" with MS VC++ 10.0 (VS2010)

time: Thu Jan 09 15:10:28 2020
timezone: Œrodkowoeuropejski czas stand.
elapsed time: 25 seconds (0d 0h 0m 25s)

